#
# There is insufficient memory for the Java Runtime Environment to continue.
# Native memory allocation (malloc) failed to allocate 1797136 bytes for Chunk::new
# Possible reasons:
#   The system is out of physical RAM or swap space
#   In 32 bit mode, the process size limit was hit
# Possible solutions:
#   Reduce memory load on the system
#   Increase physical memory or swap space
#   Check if swap backing store is full
#   Use 64 bit Java on a 64 bit OS
#   Decrease Java heap size (-Xmx/-Xms)
#   Decrease number of Java threads
#   Decrease Java thread stack sizes (-Xss)
#   Set larger code cache with -XX:ReservedCodeCacheSize=
# This output file may be truncated or incomplete.
#
#  Out of Memory Error (allocation.cpp:390), pid=10268, tid=0x00000000000039e0
#
# JRE version: OpenJDK Runtime Environment (8.0_152-b02) (build 1.8.0_152-release-1024-b02)
# Java VM: OpenJDK 64-Bit Server VM (25.152-b02 mixed mode windows-amd64 compressed oops)
# Failed to write core dump. Minidumps are not enabled by default on client versions of Windows
#

---------------  T H R E A D  ---------------

Current thread (0x0000000016242000):  JavaThread "C2 CompilerThread0" daemon [_thread_in_native, id=14816, stack(0x0000000017740000,0x0000000017840000)]

Stack: [0x0000000017740000,0x0000000017840000]
[error occurred during error reporting (printing stack bounds), id 0xc0000005]

Native frames: (J=compiled Java code, j=interpreted, Vv=VM code, C=native code)


Current CompileTask:
C2:  10531 2860       4       groovy.lang.MetaClassImpl$1MOPIter::methodNameAction (479 bytes)


---------------  P R O C E S S  ---------------

Java Threads: ( => current thread )
  0x000000002042d000 JavaThread "build operations Thread 4" [_thread_blocked, id=3700, stack(0x000000001fb70000,0x000000001fc70000)]
  0x0000000020430800 JavaThread "build operations Thread 3" [_thread_blocked, id=1968, stack(0x000000001fa70000,0x000000001fb70000)]
  0x000000002042d800 JavaThread "build operations Thread 2" [_thread_blocked, id=14508, stack(0x000000001f970000,0x000000001fa70000)]
  0x0000000020432000 JavaThread "build operations" [_thread_blocked, id=8076, stack(0x000000001e420000,0x000000001e520000)]
  0x000000001d7d5000 JavaThread "Cache worker for Artifact transforms cache (C:\Users\KITep03\.gradle\caches\transforms-1)" [_thread_blocked, id=13712, stack(0x000000001ceb0000,0x000000001cfb0000)]
  0x000000001aa3c000 JavaThread "Cache worker for file hash cache (C:\Users\KITep03\Documents\temporilla\.gradle\4.4\fileHashes)" [_thread_blocked, id=11244, stack(0x000000001b9e0000,0x000000001bae0000)]
  0x0000000018f48800 JavaThread "File lock request listener" [_thread_in_native, id=920, stack(0x000000001a7f0000,0x000000001a8f0000)]
  0x0000000018fc1000 JavaThread "Cache worker for file hash cache (C:\Users\KITep03\.gradle\caches\4.4\fileHashes)" [_thread_blocked, id=8444, stack(0x000000001a6f0000,0x000000001a7f0000)]
  0x00000000191a1800 JavaThread "Stdin handler" [_thread_blocked, id=8972, stack(0x000000001a3f0000,0x000000001a4f0000)]
  0x000000001919f800 JavaThread "Asynchronous log dispatcher for DefaultDaemonConnection: socket connection from /127.0.0.1:51115 to /127.0.0.1:51116" [_thread_blocked, id=11420, stack(0x000000001a2f0000,0x000000001a3f0000)]
  0x00000000191b0800 JavaThread "Daemon worker" [_thread_in_vm, id=6668, stack(0x000000001a1f0000,0x000000001a2f0000)]
  0x0000000018f89000 JavaThread "Cancel handler" [_thread_blocked, id=7920, stack(0x000000001a0f0000,0x000000001a1f0000)]
  0x0000000019175000 JavaThread "Handler for socket connection from /127.0.0.1:51115 to /127.0.0.1:51116" [_thread_in_native, id=7544, stack(0x0000000019df0000,0x0000000019ef0000)]
  0x0000000019174800 JavaThread "Daemon" [_thread_blocked, id=3680, stack(0x0000000019cf0000,0x0000000019df0000)]
  0x00000000191f8800 JavaThread "Daemon periodic checks" [_thread_blocked, id=11628, stack(0x0000000019bf0000,0x0000000019cf0000)]
  0x00000000191eb800 JavaThread "Incoming local TCP Connector on port 51115" [_thread_in_native, id=10060, stack(0x0000000019a10000,0x0000000019b10000)]
  0x000000001798a000 JavaThread "Service Thread" daemon [_thread_blocked, id=3020, stack(0x0000000017e40000,0x0000000017f40000)]
  0x000000001624c000 JavaThread "C1 CompilerThread2" daemon [_thread_blocked, id=14560, stack(0x0000000017d40000,0x0000000017e40000)]
  0x0000000016246800 JavaThread "C2 CompilerThread1" daemon [_thread_in_native, id=13488, stack(0x0000000017840000,0x0000000017940000)]
=>0x0000000016242000 JavaThread "C2 CompilerThread0" daemon [_thread_in_native, id=14816, stack(0x0000000017740000,0x0000000017840000)]
  0x0000000016241800 JavaThread "Attach Listener" daemon [_thread_blocked, id=11604, stack(0x0000000017640000,0x0000000017740000)]
  0x00000000161fc800 JavaThread "Signal Dispatcher" daemon [_thread_blocked, id=9400, stack(0x0000000017540000,0x0000000017640000)]
  0x000000000287c800 JavaThread "Finalizer" daemon [_thread_blocked, id=8680, stack(0x0000000017440000,0x0000000017540000)]
  0x0000000002871800 JavaThread "Reference Handler" daemon [_thread_blocked, id=9732, stack(0x0000000017340000,0x0000000017440000)]
  0x0000000002782800 JavaThread "main" [_thread_blocked, id=13760, stack(0x0000000002680000,0x0000000002780000)]

Other Threads:
  0x00000000161b5000 VMThread [stack: 0x0000000017240000,0x0000000017340000] [id=868]
  0x00000000179c2800 WatcherThread [stack: 0x0000000017f40000,0x0000000018040000] [id=3296]

VM state:not at safepoint (normal execution)

VM Mutex/Monitor currently owned by a thread: None

Heap:
 PSYoungGen      total 69632K, used 65172K [0x00000000e0000000, 0x00000000e6280000, 0x0000000100000000)
  eden space 59392K, 99% used [0x00000000e0000000,0x00000000e398ca58,0x00000000e3a00000)
  from space 10240K, 60% used [0x00000000e3a00000,0x00000000e40186f0,0x00000000e4400000)
  to   space 9728K, 0% used [0x00000000e5900000,0x00000000e5900000,0x00000000e6280000)
 ParOldGen       total 58368K, used 8229K [0x00000000a0000000, 0x00000000a3900000, 0x00000000e0000000)
  object space 58368K, 14% used [0x00000000a0000000,0x00000000a08095a0,0x00000000a3900000)
 Metaspace       used 33160K, capacity 33724K, committed 34048K, reserved 1079296K
  class space    used 4603K, capacity 4812K, committed 4864K, reserved 1048576K

Card table byte_map: [0x0000000011c40000,0x0000000011f50000] byte_map_base: 0x0000000011740000

Marking Bits: (ParMarkBitMap*) 0x0000000065ce4970
 Begin Bits: [0x0000000012550000, 0x0000000013d50000)
 End Bits:   [0x0000000013d50000, 0x0000000015550000)

Polling page: 0x0000000000540000

CodeCache: size=245760Kb used=9757Kb max_used=9757Kb free=236002Kb
 bounds [0x0000000002880000, 0x0000000003210000, 0x0000000011880000]
 total_blobs=3491 nmethods=2800 adapters=604
 compilation: enabled

Compilation events (10 events):
Event: 10.394 Thread 0x000000001624c000 3092       3       java.util.Arrays::fill (28 bytes)
Event: 10.394 Thread 0x000000001624c000 nmethod 3092 0x000000000320a390 code [0x000000000320a520, 0x000000000320a8a8]
Event: 10.395 Thread 0x000000001624c000 3093       3       jdk.internal.org.objectweb.asm.ClassWriter::newNameType (10 bytes)
Event: 10.396 Thread 0x000000001624c000 nmethod 3093 0x000000000320aa50 code [0x000000000320abc0, 0x000000000320ad68]
Event: 10.396 Thread 0x000000001624c000 3094       3       jdk.internal.org.objectweb.asm.ClassWriter::newNameTypeItem (71 bytes)
Event: 10.396 Thread 0x000000001624c000 nmethod 3094 0x000000000320ae50 code [0x000000000320b040, 0x000000000320b578]
Event: 10.396 Thread 0x000000001624c000 3095       3       jdk.internal.org.objectweb.asm.MethodVisitor::<init> (35 bytes)
Event: 10.397 Thread 0x000000001624c000 nmethod 3095 0x000000000320b850 code [0x000000000320b9c0, 0x000000000320bcc8]
Event: 10.416 Thread 0x000000001624c000 3096       3       org.gradle.internal.classloader.FilteringClassLoader::classAllowed (135 bytes)
Event: 10.417 Thread 0x000000001624c000 nmethod 3096 0x000000000320bfd0 code [0x000000000320c280, 0x000000000320d7f8]

GC Heap History (10 events):
Event: 4.764 GC heap before
{Heap before GC invocations=4 (full 0):
 PSYoungGen      total 37888K, used 37858K [0x00000000e0000000, 0x00000000e2a00000, 0x0000000100000000)
  eden space 32768K, 100% used [0x00000000e0000000,0x00000000e2000000,0x00000000e2000000)
  from space 5120K, 99% used [0x00000000e2000000,0x00000000e24f8b08,0x00000000e2500000)
  to   space 5120K, 0% used [0x00000000e2500000,0x00000000e2500000,0x00000000e2a00000)
 ParOldGen       total 86016K, used 2439K [0x00000000a0000000, 0x00000000a5400000, 0x00000000e0000000)
  object space 86016K, 2% used [0x00000000a0000000,0x00000000a0261f28,0x00000000a5400000)
 Metaspace       used 17551K, capacity 17974K, committed 18304K, reserved 1064960K
  class space    used 2502K, capacity 2637K, committed 2688K, reserved 1048576K
Event: 4.811 GC heap after
Heap after GC invocations=4 (full 0):
 PSYoungGen      total 37888K, used 5093K [0x00000000e0000000, 0x00000000e4a00000, 0x0000000100000000)
  eden space 32768K, 0% used [0x00000000e0000000,0x00000000e0000000,0x00000000e2000000)
  from space 5120K, 99% used [0x00000000e2500000,0x00000000e29f9660,0x00000000e2a00000)
  to   space 5120K, 0% used [0x00000000e2000000,0x00000000e2000000,0x00000000e2500000)
 ParOldGen       total 86016K, used 5806K [0x00000000a0000000, 0x00000000a5400000, 0x00000000e0000000)
  object space 86016K, 6% used [0x00000000a0000000,0x00000000a05aba00,0x00000000a5400000)
 Metaspace       used 17551K, capacity 17974K, committed 18304K, reserved 1064960K
  class space    used 2502K, capacity 2637K, committed 2688K, reserved 1048576K
}
Event: 5.212 GC heap before
{Heap before GC invocations=5 (full 0):
 PSYoungGen      total 37888K, used 19255K [0x00000000e0000000, 0x00000000e4a00000, 0x0000000100000000)
  eden space 32768K, 43% used [0x00000000e0000000,0x00000000e0dd4990,0x00000000e2000000)
  from space 5120K, 99% used [0x00000000e2500000,0x00000000e29f9660,0x00000000e2a00000)
  to   space 5120K, 0% used [0x00000000e2000000,0x00000000e2000000,0x00000000e2500000)
 ParOldGen       total 86016K, used 5806K [0x00000000a0000000, 0x00000000a5400000, 0x00000000e0000000)
  object space 86016K, 6% used [0x00000000a0000000,0x00000000a05aba00,0x00000000a5400000)
 Metaspace       used 20736K, capacity 21078K, committed 21248K, reserved 1067008K
  class space    used 2884K, capacity 2989K, committed 3072K, reserved 1048576K
Event: 5.231 GC heap after
Heap after GC invocations=5 (full 0):
 PSYoungGen      total 37888K, used 5093K [0x00000000e0000000, 0x00000000e5400000, 0x0000000100000000)
  eden space 32768K, 0% used [0x00000000e0000000,0x00000000e0000000,0x00000000e2000000)
  from space 5120K, 99% used [0x00000000e2000000,0x00000000e24f9650,0x00000000e2500000)
  to   space 10240K, 0% used [0x00000000e4a00000,0x00000000e4a00000,0x00000000e5400000)
 ParOldGen       total 86016K, used 8567K [0x00000000a0000000, 0x00000000a5400000, 0x00000000e0000000)
  object space 86016K, 9% used [0x00000000a0000000,0x00000000a085dc28,0x00000000a5400000)
 Metaspace       used 20736K, capacity 21078K, committed 21248K, reserved 1067008K
  class space    used 2884K, capacity 2989K, committed 3072K, reserved 1048576K
}
Event: 5.231 GC heap before
{Heap before GC invocations=6 (full 1):
 PSYoungGen      total 37888K, used 5093K [0x00000000e0000000, 0x00000000e5400000, 0x0000000100000000)
  eden space 32768K, 0% used [0x00000000e0000000,0x00000000e0000000,0x00000000e2000000)
  from space 5120K, 99% used [0x00000000e2000000,0x00000000e24f9650,0x00000000e2500000)
  to   space 10240K, 0% used [0x00000000e4a00000,0x00000000e4a00000,0x00000000e5400000)
 ParOldGen       total 86016K, used 8567K [0x00000000a0000000, 0x00000000a5400000, 0x00000000e0000000)
  object space 86016K, 9% used [0x00000000a0000000,0x00000000a085dc28,0x00000000a5400000)
 Metaspace       used 20736K, capacity 21078K, committed 21248K, reserved 1067008K
  class space    used 2884K, capacity 2989K, committed 3072K, reserved 1048576K
Event: 5.283 GC heap after
Heap after GC invocations=6 (full 1):
 PSYoungGen      total 37888K, used 0K [0x00000000e0000000, 0x00000000e5400000, 0x0000000100000000)
  eden space 32768K, 0% used [0x00000000e0000000,0x00000000e0000000,0x00000000e2000000)
  from space 5120K, 0% used [0x00000000e2000000,0x00000000e2000000,0x00000000e2500000)
  to   space 10240K, 0% used [0x00000000e4a00000,0x00000000e4a00000,0x00000000e5400000)
 ParOldGen       total 58368K, used 8213K [0x00000000a0000000, 0x00000000a3900000, 0x00000000e0000000)
  object space 58368K, 14% used [0x00000000a0000000,0x00000000a08055a0,0x00000000a3900000)
 Metaspace       used 20736K, capacity 21078K, committed 21248K, reserved 1067008K
  class space    used 2884K, capacity 2989K, committed 3072K, reserved 1048576K
}
Event: 7.313 GC heap before
{Heap before GC invocations=7 (full 1):
 PSYoungGen      total 37888K, used 32768K [0x00000000e0000000, 0x00000000e5400000, 0x0000000100000000)
  eden space 32768K, 100% used [0x00000000e0000000,0x00000000e2000000,0x00000000e2000000)
  from space 5120K, 0% used [0x00000000e2000000,0x00000000e2000000,0x00000000e2500000)
  to   space 10240K, 0% used [0x00000000e4a00000,0x00000000e4a00000,0x00000000e5400000)
 ParOldGen       total 58368K, used 8213K [0x00000000a0000000, 0x00000000a3900000, 0x00000000e0000000)
  object space 58368K, 14% used [0x00000000a0000000,0x00000000a08055a0,0x00000000a3900000)
 Metaspace       used 24000K, capacity 24390K, committed 24704K, reserved 1071104K
  class space    used 3303K, capacity 3446K, committed 3456K, reserved 1048576K
Event: 7.331 GC heap after
Heap after GC invocations=7 (full 1):
 PSYoungGen      total 56320K, used 3814K [0x00000000e0000000, 0x00000000e4e00000, 0x0000000100000000)
  eden space 52224K, 0% used [0x00000000e0000000,0x00000000e0000000,0x00000000e3300000)
  from space 4096K, 93% used [0x00000000e4a00000,0x00000000e4db9be8,0x00000000e4e00000)
  to   space 10240K, 0% used [0x00000000e3a00000,0x00000000e3a00000,0x00000000e4400000)
 ParOldGen       total 58368K, used 8221K [0x00000000a0000000, 0x00000000a3900000, 0x00000000e0000000)
  object space 58368K, 14% used [0x00000000a0000000,0x00000000a08075a0,0x00000000a3900000)
 Metaspace       used 24000K, capacity 24390K, committed 24704K, reserved 1071104K
  class space    used 3303K, capacity 3446K, committed 3456K, reserved 1048576K
}
Event: 8.590 GC heap before
{Heap before GC invocations=8 (full 1):
 PSYoungGen      total 56320K, used 56038K [0x00000000e0000000, 0x00000000e4e00000, 0x0000000100000000)
  eden space 52224K, 100% used [0x00000000e0000000,0x00000000e3300000,0x00000000e3300000)
  from space 4096K, 93% used [0x00000000e4a00000,0x00000000e4db9be8,0x00000000e4e00000)
  to   space 10240K, 0% used [0x00000000e3a00000,0x00000000e3a00000,0x00000000e4400000)
 ParOldGen       total 58368K, used 8221K [0x00000000a0000000, 0x00000000a3900000, 0x00000000e0000000)
  object space 58368K, 14% used [0x00000000a0000000,0x00000000a08075a0,0x00000000a3900000)
 Metaspace       used 27574K, capacity 28022K, committed 28416K, reserved 1073152K
  class space    used 3846K, capacity 3972K, committed 4096K, reserved 1048576K
Event: 8.611 GC heap after
Heap after GC invocations=8 (full 1):
 PSYoungGen      total 69632K, used 6241K [0x00000000e0000000, 0x00000000e6280000, 0x0000000100000000)
  eden space 59392K, 0% used [0x00000000e0000000,0x00000000e0000000,0x00000000e3a00000)
  from space 10240K, 60% used [0x00000000e3a00000,0x00000000e40186f0,0x00000000e4400000)
  to   space 9728K, 0% used [0x00000000e5900000,0x00000000e5900000,0x00000000e6280000)
 ParOldGen       total 58368K, used 8229K [0x00000000a0000000, 0x00000000a3900000, 0x00000000e0000000)
  object space 58368K, 14% used [0x00000000a0000000,0x00000000a08095a0,0x00000000a3900000)
 Metaspace       used 27574K, capacity 28022K, committed 28416K, reserved 1073152K
  class space    used 3846K, capacity 3972K, committed 4096K, reserved 1048576K
}

Deoptimization events (10 events):
Event: 8.576 Thread 0x00000000191b0800 Uncommon trap: reason=range_check action=make_not_entrant pc=0x0000000003126f2c method=java.lang.String.charAt(I)C @ 27
Event: 9.123 Thread 0x00000000191b0800 Uncommon trap: reason=unstable_if action=reinterpret pc=0x00000000031da2a4 method=com.esotericsoftware.kryo.io.Output.writeString(Ljava/lang/CharSequence;)V @ 1
Event: 9.557 Thread 0x00000000191b0800 Uncommon trap: reason=unstable_if action=reinterpret pc=0x0000000002b5697c method=java.util.jar.JarFile.match([C[B[I[I)Z @ 29
Event: 9.695 Thread 0x00000000191b0800 Uncommon trap: reason=unstable_if action=reinterpret pc=0x0000000003044d1c method=java.net.URLClassLoader.isSealed(Ljava/lang/String;Ljava/util/jar/Manifest;)Z @ 26
Event: 9.695 Thread 0x00000000191b0800 Uncommon trap: reason=unstable_if action=reinterpret pc=0x000000000300fce4 method=java.net.URLClassLoader.isSealed(Ljava/lang/String;Ljava/util/jar/Manifest;)Z @ 26
Event: 10.109 Thread 0x00000000191b0800 Uncommon trap: reason=class_check action=maybe_recompile pc=0x000000000314f95c method=java.io.BufferedInputStream.read1([BII)I @ 39
Event: 10.109 Thread 0x00000000191b0800 Uncommon trap: reason=class_check action=maybe_recompile pc=0x000000000314f95c method=java.io.BufferedInputStream.read1([BII)I @ 39
Event: 10.109 Thread 0x00000000191b0800 Uncommon trap: reason=class_check action=maybe_recompile pc=0x000000000314f95c method=java.io.BufferedInputStream.read1([BII)I @ 39
Event: 10.112 Thread 0x00000000191b0800 Uncommon trap: reason=unstable_if action=reinterpret pc=0x0000000003120f90 method=java.util.regex.Pattern.has(I)Z @ 6
Event: 10.301 Thread 0x00000000191b0800 Uncommon trap: reason=predicate action=maybe_recompile pc=0x000000000313be0c method=java.util.Arrays.binarySearch0([Ljava/lang/Object;IILjava/lang/Object;Ljava/util/Comparator;)I @ 28

Classes redefined (0 events):
No events

Internal exceptions (10 events):
Event: 9.825 Thread 0x00000000191b0800 Exception <a 'java/lang/ClassNotFoundException': org/gradle/api/internal/AbstractTaskBeanInfo> (0x00000000e2777400) thrown at [D:\src\AOSP-openjdk-cygwin\jdk8u\hotspot\src\share\vm\classfile\systemDictionary.cpp, line 210]
Event: 9.827 Thread 0x00000000191b0800 Exception <a 'java/lang/ClassNotFoundException': org/gradle/api/internal/AbstractTaskCustomizer> (0x00000000e27a1378) thrown at [D:\src\AOSP-openjdk-cygwin\jdk8u\hotspot\src\share\vm\classfile\systemDictionary.cpp, line 210]
Event: 9.835 Thread 0x00000000191b0800 Exception <a 'java/lang/ClassNotFoundException': org/gradle/api/DefaultTaskCustomizer> (0x00000000e2829098) thrown at [D:\src\AOSP-openjdk-cygwin\jdk8u\hotspot\src\share\vm\classfile\systemDictionary.cpp, line 210]
Event: 9.838 Thread 0x00000000191b0800 Exception <a 'java/lang/ClassNotFoundException': org/gradle/api/internal/ConventionTaskCustomizer> (0x00000000e28628c0) thrown at [D:\src\AOSP-openjdk-cygwin\jdk8u\hotspot\src\share\vm\classfile\systemDictionary.cpp, line 210]
Event: 9.840 Thread 0x00000000191b0800 Exception <a 'java/lang/ClassNotFoundException': org/gradle/api/tasks/DeleteCustomizer> (0x00000000e2899ff0) thrown at [D:\src\AOSP-openjdk-cygwin\jdk8u\hotspot\src\share\vm\classfile\systemDictionary.cpp, line 210]
Event: 9.843 Thread 0x00000000191b0800 Exception <a 'java/lang/ClassNotFoundException': org/gradle/api/tasks/Delete_DecoratedCustomizer> (0x00000000e28deb20) thrown at [D:\src\AOSP-openjdk-cygwin\jdk8u\hotspot\src\share\vm\classfile\systemDictionary.cpp, line 210]
Event: 9.945 Thread 0x00000000191b0800 Exception <a 'java/lang/ClassNotFoundException': build_7pas8791rz4h7xyt4fwxanoxqBeanInfo> (0x00000000e2a969e8) thrown at [D:\src\AOSP-openjdk-cygwin\jdk8u\hotspot\src\share\vm\classfile\systemDictionary.cpp, line 210]
Event: 9.946 Thread 0x00000000191b0800 Exception <a 'java/lang/ClassNotFoundException': build_7pas8791rz4h7xyt4fwxanoxqCustomizer> (0x00000000e2aa0ee0) thrown at [D:\src\AOSP-openjdk-cygwin\jdk8u\hotspot\src\share\vm\classfile\systemDictionary.cpp, line 210]
Event: 9.951 Thread 0x00000000191b0800 Exception <a 'java/lang/ClassNotFoundException': org/gradle/api/internal/plugins/DefaultObjectConfigurationActionBeanInfo> (0x00000000e2b06958) thrown at [D:\src\AOSP-openjdk-cygwin\jdk8u\hotspot\src\share\vm\classfile\systemDictionary.cpp, line 210]
Event: 9.952 Thread 0x00000000191b0800 Exception <a 'java/lang/ClassNotFoundException': org/gradle/api/internal/plugins/DefaultObjectConfigurationActionCustomizer> (0x00000000e2b3d4e0) thrown at [D:\src\AOSP-openjdk-cygwin\jdk8u\hotspot\src\share\vm\classfile\systemDictionary.cpp, line 210]

Events (10 events):
Event: 10.508 loading class com/google/gson/internal/bind/TypeAdapters$13
Event: 10.508 loading class com/google/gson/internal/bind/TypeAdapters$13 done
Event: 10.509 loading class com/google/gson/internal/bind/TypeAdapters$14
Event: 10.509 loading class com/google/gson/internal/bind/TypeAdapters$14 done
Event: 10.509 loading class com/google/gson/internal/bind/TypeAdapters$15
Event: 10.509 loading class com/google/gson/internal/bind/TypeAdapters$15 done
Event: 10.509 loading class com/google/gson/internal/bind/TypeAdapters$16
Event: 10.509 loading class com/google/gson/internal/bind/TypeAdapters$16 done
Event: 10.510 loading class com/google/gson/internal/bind/TypeAdapters$17
Event: 10.510 loading class com/google/gson/internal/bind/TypeAdapters$17 done


Dynamic libraries:
0x00007ff6145a0000 - 0x00007ff6145d1000 	C:\Program Files\Android\Android Studio\jre\bin\java.exe
0x00007ffc86740000 - 0x00007ffc86921000 	C:\WINDOWS\SYSTEM32\ntdll.dll
0x00007ffc85990000 - 0x00007ffc85a42000 	C:\WINDOWS\System32\KERNEL32.DLL
0x00007ffc83650000 - 0x00007ffc838c3000 	C:\WINDOWS\System32\KERNELBASE.dll
0x00007ffc85640000 - 0x00007ffc856e1000 	C:\WINDOWS\System32\ADVAPI32.dll
0x00007ffc86670000 - 0x00007ffc8670e000 	C:\WINDOWS\System32\msvcrt.dll
0x00007ffc85930000 - 0x00007ffc8598b000 	C:\WINDOWS\System32\sechost.dll
0x00007ffc861b0000 - 0x00007ffc862d4000 	C:\WINDOWS\System32\RPCRT4.dll
0x00007ffc84030000 - 0x00007ffc841c0000 	C:\WINDOWS\System32\USER32.dll
0x00007ffc82ea0000 - 0x00007ffc82ec0000 	C:\WINDOWS\System32\win32u.dll
0x00007ffc85da0000 - 0x00007ffc85dc8000 	C:\WINDOWS\System32\GDI32.dll
0x00007ffc838d0000 - 0x00007ffc83a62000 	C:\WINDOWS\System32\gdi32full.dll
0x00007ffc82e00000 - 0x00007ffc82e9f000 	C:\WINDOWS\System32\msvcp_win.dll
0x00007ffc83ad0000 - 0x00007ffc83bca000 	C:\WINDOWS\System32\ucrtbase.dll
0x00007ffc6d7d0000 - 0x00007ffc6da39000 	C:\WINDOWS\WinSxS\amd64_microsoft.windows.common-controls_6595b64144ccf1df_6.0.17134.112_none_fb3f961b30681c12\COMCTL32.dll
0x00007ffc862e0000 - 0x00007ffc86603000 	C:\WINDOWS\System32\combase.dll
0x00007ffc82ec0000 - 0x00007ffc82f3a000 	C:\WINDOWS\System32\bcryptPrimitives.dll
0x00007ffc85d70000 - 0x00007ffc85d9d000 	C:\WINDOWS\System32\IMM32.DLL
0x0000000065330000 - 0x0000000065402000 	C:\Program Files\Android\Android Studio\jre\jre\bin\msvcr100.dll
0x0000000065520000 - 0x0000000065d5f000 	C:\Program Files\Android\Android Studio\jre\jre\bin\server\jvm.dll
0x00007ffc83bd0000 - 0x00007ffc83bd8000 	C:\WINDOWS\System32\PSAPI.DLL
0x00007ffc804b0000 - 0x00007ffc804d3000 	C:\WINDOWS\SYSTEM32\WINMM.dll
0x00007ffc76cf0000 - 0x00007ffc76cfa000 	C:\WINDOWS\SYSTEM32\VERSION.dll
0x00007ffc80480000 - 0x00007ffc804aa000 	C:\WINDOWS\SYSTEM32\winmmbase.dll
0x00007ffc82db0000 - 0x00007ffc82df9000 	C:\WINDOWS\System32\cfgmgr32.dll
0x00007ffc81650000 - 0x00007ffc81659000 	C:\WINDOWS\SYSTEM32\WSOCK32.dll
0x00007ffc857a0000 - 0x00007ffc8580c000 	C:\WINDOWS\System32\WS2_32.dll
0x00007ffc75c10000 - 0x00007ffc75c1f000 	C:\Program Files\Android\Android Studio\jre\jre\bin\verify.dll
0x00007ffc679b0000 - 0x00007ffc679d9000 	C:\Program Files\Android\Android Studio\jre\jre\bin\java.dll
0x00007ffc71f20000 - 0x00007ffc71f36000 	C:\Program Files\Android\Android Studio\jre\jre\bin\zip.dll
0x00007ffc841f0000 - 0x00007ffc85630000 	C:\WINDOWS\System32\SHELL32.dll
0x00007ffc856f0000 - 0x00007ffc85799000 	C:\WINDOWS\System32\shcore.dll
0x00007ffc82f40000 - 0x00007ffc8364d000 	C:\WINDOWS\System32\windows.storage.dll
0x00007ffc86150000 - 0x00007ffc861a1000 	C:\WINDOWS\System32\shlwapi.dll
0x00007ffc82af0000 - 0x00007ffc82b01000 	C:\WINDOWS\System32\kernel.appcore.dll
0x00007ffc82ad0000 - 0x00007ffc82aef000 	C:\WINDOWS\System32\profapi.dll
0x00007ffc82a60000 - 0x00007ffc82aac000 	C:\WINDOWS\System32\powrprof.dll
0x00007ffc82a50000 - 0x00007ffc82a5a000 	C:\WINDOWS\System32\FLTLIB.DLL
0x00007ffc6da40000 - 0x00007ffc6da5a000 	C:\Program Files\Android\Android Studio\jre\jre\bin\net.dll
0x00007ffc82270000 - 0x00007ffc822d6000 	C:\WINDOWS\system32\mswsock.dll
0x00007ffc67990000 - 0x00007ffc679a1000 	C:\Program Files\Android\Android Studio\jre\jre\bin\nio.dll
0x00007ffc76270000 - 0x00007ffc7628e000 	C:\Users\KITep03\.gradle\native\25\windows-amd64\native-platform.dll
0x00007ffc6db50000 - 0x00007ffc6db5d000 	C:\Program Files\Android\Android Studio\jre\jre\bin\management.dll
0x00007ffc82420000 - 0x00007ffc82437000 	C:\WINDOWS\SYSTEM32\CRYPTSP.dll
0x00007ffc81e50000 - 0x00007ffc81e83000 	C:\WINDOWS\system32\rsaenh.dll
0x00007ffc82550000 - 0x00007ffc82575000 	C:\WINDOWS\SYSTEM32\bcrypt.dll
0x00007ffc82980000 - 0x00007ffc829a8000 	C:\WINDOWS\SYSTEM32\USERENV.dll
0x00007ffc82440000 - 0x00007ffc8244b000 	C:\WINDOWS\SYSTEM32\CRYPTBASE.dll
0x00007ffc81ff0000 - 0x00007ffc82028000 	C:\WINDOWS\SYSTEM32\IPHLPAPI.DLL
0x00007ffc85630000 - 0x00007ffc85638000 	C:\WINDOWS\System32\NSI.dll
0x00007ffc77180000 - 0x00007ffc77196000 	C:\WINDOWS\SYSTEM32\dhcpcsvc6.DLL
0x00007ffc76fd0000 - 0x00007ffc76fea000 	C:\WINDOWS\SYSTEM32\dhcpcsvc.DLL

VM Arguments:
jvm_args: -Xmx1536m -Dfile.encoding=windows-31j -Duser.country=JP -Duser.language=ja -Duser.variant 
java_command: org.gradle.launcher.daemon.bootstrap.GradleDaemon 4.4
java_class_path (initial): C:\Users\KITep03\.gradle\wrapper\dists\gradle-4.4-all\9br9xq1tocpiv8o6njlyu5op1\gradle-4.4\lib\gradle-launcher-4.4.jar
Launcher Type: SUN_STANDARD

Environment Variables:
PATH=C:\Program Files (x86)\Intel\iCLS Client\;C:\ProgramData\Oracle\Java\javapath;C:\Java\jdk1.8.0_151\bin;C:\Program Files\Intel\iCLS Client\;C:\WINDOWS\system32;C:\WINDOWS;C:\WINDOWS\System32\Wbem;C:\WINDOWS\System32\WindowsPowerShell\v1.0\;C:\Program Files\Intel\WiFi\bin\;C:\Program Files\Common Files\Intel\WirelessCommon\;C:\MinGW\bin;C:\Program Files (x86)\GtkSharp\2.12\bin;C:\Program Files\Microsoft SQL Server\110\Tools\Binn\;C:\Program Files (x86)\Microsoft SDKs\TypeScript\1.0\;C:\Program Files\Microsoft SQL Server\120\Tools\Binn\;C:\Program Files (x86)\Skype\Phone\;C:\cygwin\bin;C:\Program Files (x86)\Intel\Intel(R) Management Engine Components\DAL;C:\Program Files\Intel\Intel(R) Management Engine Components\DAL;C:\Program Files (x86)\Intel\Intel(R) Management Engine Components\IPT;C:\Program Files\Intel\Intel(R) Management Engine Components\IPT;C:\WINDOWS\System32\OpenSSH\;C:\Users\KITep03\AppData\Local\Microsoft\WindowsApps;
USERNAME=KITep03
OS=Windows_NT
PROCESSOR_IDENTIFIER=Intel64 Family 6 Model 78 Stepping 3, GenuineIntel



---------------  S Y S T E M  ---------------

OS: Windows 10.0 , 64 bit Build 17134 (10.0.17134.1)

CPU:total 4 (initial active 4) (2 cores per cpu, 2 threads per core) family 6 model 78 stepping 3, cmov, cx8, fxsr, mmx, sse, sse2, sse3, ssse3, sse4.1, sse4.2, popcnt, avx, avx2, aes, clmul, erms, 3dnowpref, lzcnt, ht, tsc, tscinvbit, bmi1, bmi2, adx

Memory: 4k page, physical 8246288k(1103132k free), swap 11440508k(5928k free)

vm_info: OpenJDK 64-Bit Server VM (25.152-b02) for windows-amd64 JRE (1.8.0_152-release-1024-b02), built by "builder" with MS VC++ 10.0 (VS2010)

time: Wed Jul 11 17:32:47 2018
elapsed time: 10 seconds (0d 0h 0m 10s)

