#
# There is insufficient memory for the Java Runtime Environment to continue.
# Native memory allocation (malloc) failed to allocate 995456 bytes for Chunk::new
# Possible reasons:
#   The system is out of physical RAM or swap space
#   In 32 bit mode, the process size limit was hit
# Possible solutions:
#   Reduce memory load on the system
#   Increase physical memory or swap space
#   Check if swap backing store is full
#   Use 64 bit Java on a 64 bit OS
#   Decrease Java heap size (-Xmx/-Xms)
#   Decrease number of Java threads
#   Decrease Java thread stack sizes (-Xss)
#   Set larger code cache with -XX:ReservedCodeCacheSize=
# This output file may be truncated or incomplete.
#
#  Out of Memory Error (allocation.cpp:390), pid=7836, tid=0x00000000000028b4
#
# JRE version: OpenJDK Runtime Environment (8.0_152-b02) (build 1.8.0_152-release-1024-b02)
# Java VM: OpenJDK 64-Bit Server VM (25.152-b02 mixed mode windows-amd64 compressed oops)
# Failed to write core dump. Minidumps are not enabled by default on client versions of Windows
#

---------------  T H R E A D  ---------------

Current thread (0x0000000016743800):  JavaThread "C2 CompilerThread0" daemon [_thread_in_native, id=10420, stack(0x0000000017ce0000,0x0000000017de0000)]

Stack: [0x0000000017ce0000,0x0000000017de0000]
[error occurred during error reporting (printing stack bounds), id 0xc0000005]

Native frames: (J=compiled Java code, j=interpreted, Vv=VM code, C=native code)


Current CompileTask:
C2:   4001 1342       4       java.net.URLClassLoader$1::run (5 bytes)


---------------  P R O C E S S  ---------------

Java Threads: ( => current thread )
  0x0000000019a63000 JavaThread "File lock request listener" [_thread_in_native, id=14916, stack(0x000000001ad90000,0x000000001ae90000)]
  0x00000000194ff000 JavaThread "Cache worker for file hash cache (C:\Users\KITep03\.gradle\caches\4.4\fileHashes)" [_thread_blocked, id=8476, stack(0x000000001ac90000,0x000000001ad90000)]
  0x00000000194f7800 JavaThread "Stdin handler" [_thread_blocked, id=14696, stack(0x000000001a990000,0x000000001aa90000)]
  0x00000000194f7000 JavaThread "Asynchronous log dispatcher for DefaultDaemonConnection: socket connection from /127.0.0.1:51409 to /127.0.0.1:51410" [_thread_blocked, id=13592, stack(0x000000001a890000,0x000000001a990000)]
  0x00000000194f4800 JavaThread "Daemon worker" [_thread_in_Java, id=5732, stack(0x000000001a790000,0x000000001a890000)]
  0x00000000194ef800 JavaThread "Cancel handler" [_thread_blocked, id=2188, stack(0x000000001a690000,0x000000001a790000)]
  0x00000000197b0800 JavaThread "Handler for socket connection from /127.0.0.1:51409 to /127.0.0.1:51410" [_thread_in_native, id=6764, stack(0x000000001a390000,0x000000001a490000)]
  0x00000000197ad800 JavaThread "Daemon" [_thread_blocked, id=6100, stack(0x000000001a290000,0x000000001a390000)]
  0x0000000019791000 JavaThread "Daemon periodic checks" [_thread_blocked, id=1032, stack(0x000000001a190000,0x000000001a290000)]
  0x00000000196c7800 JavaThread "Incoming local TCP Connector on port 51409" [_thread_in_native, id=11512, stack(0x0000000019fb0000,0x000000001a0b0000)]
  0x0000000017f5b800 JavaThread "Service Thread" daemon [_thread_blocked, id=1740, stack(0x00000000183e0000,0x00000000184e0000)]
  0x000000001674c000 JavaThread "C1 CompilerThread2" daemon [_thread_in_vm, id=3312, stack(0x00000000182e0000,0x00000000183e0000)]
  0x0000000016747000 JavaThread "C2 CompilerThread1" daemon [_thread_blocked, id=3772, stack(0x0000000017de0000,0x0000000017ee0000)]
=>0x0000000016743800 JavaThread "C2 CompilerThread0" daemon [_thread_in_native, id=10420, stack(0x0000000017ce0000,0x0000000017de0000)]
  0x0000000016700800 JavaThread "Attach Listener" daemon [_thread_blocked, id=13324, stack(0x0000000017be0000,0x0000000017ce0000)]
  0x0000000016700000 JavaThread "Signal Dispatcher" daemon [_thread_blocked, id=2092, stack(0x0000000017ae0000,0x0000000017be0000)]
  0x0000000002d7c800 JavaThread "Finalizer" daemon [_thread_blocked, id=13824, stack(0x0000000017950000,0x0000000017a50000)]
  0x0000000002d71800 JavaThread "Reference Handler" daemon [_thread_blocked, id=1436, stack(0x0000000017850000,0x0000000017950000)]
  0x0000000002c82800 JavaThread "main" [_thread_blocked, id=11476, stack(0x0000000002b80000,0x0000000002c80000)]

Other Threads:
  0x00000000166b5000 VMThread [stack: 0x0000000017750000,0x0000000017850000] [id=8020]
  0x0000000017f5e000 WatcherThread [stack: 0x00000000184e0000,0x00000000185e0000] [id=11132]

VM state:not at safepoint (normal execution)

VM Mutex/Monitor currently owned by a thread: None

Heap:
 PSYoungGen      total 37888K, used 9906K [0x00000000e0000000, 0x00000000e4a00000, 0x0000000100000000)
  eden space 32768K, 14% used [0x00000000e0000000,0x00000000e04ad078,0x00000000e2000000)
  from space 5120K, 99% used [0x00000000e2000000,0x00000000e24ff7b8,0x00000000e2500000)
  to   space 5120K, 0% used [0x00000000e4500000,0x00000000e4500000,0x00000000e4a00000)
 ParOldGen       total 86016K, used 2467K [0x00000000a0000000, 0x00000000a5400000, 0x00000000e0000000)
  object space 86016K, 2% used [0x00000000a0000000,0x00000000a0268ed0,0x00000000a5400000)
 Metaspace       used 14768K, capacity 15170K, committed 15360K, reserved 1062912K
  class space    used 2063K, capacity 2191K, committed 2304K, reserved 1048576K

Card table byte_map: [0x0000000012140000,0x0000000012450000] byte_map_base: 0x0000000011c40000

Marking Bits: (ParMarkBitMap*) 0x0000000065ce4970
 Begin Bits: [0x0000000012a50000, 0x0000000014250000)
 End Bits:   [0x0000000014250000, 0x0000000015a50000)

Polling page: 0x0000000000970000

CodeCache: size=245760Kb used=4855Kb max_used=4855Kb free=240904Kb
 bounds [0x0000000002d80000, 0x0000000003240000, 0x0000000011d80000]
 total_blobs=1755 nmethods=1383 adapters=285
 compilation: enabled

Compilation events (10 events):
Event: 3.945 Thread 0x000000001674c000 1355       3       org.gradle.internal.service.DefaultServiceRegistry$DefaultLookupContext$4::apply (12 bytes)
Event: 3.945 Thread 0x000000001674c000 nmethod 1355 0x000000000322d7d0 code [0x000000000322d940, 0x000000000322db68]
Event: 3.965 Thread 0x000000001674c000 1357       3       java.lang.StringBuilder::append (10 bytes)
Event: 3.966 Thread 0x000000001674c000 nmethod 1357 0x000000000322dc50 code [0x000000000322ddc0, 0x000000000322df48]
Event: 3.966 Thread 0x000000001674c000 1358       1       com.google.common.io.LineReader::access$000 (5 bytes)
Event: 3.966 Thread 0x000000001674c000 nmethod 1358 0x000000000322dfd0 code [0x000000000322e120, 0x000000000322e210]
Event: 3.967 Thread 0x000000001674c000 1359       3       com.google.common.io.LineBuffer::finishLine (61 bytes)
Event: 3.968 Thread 0x000000001674c000 nmethod 1359 0x000000000322e290 code [0x000000000322e440, 0x000000000322eb58]
Event: 3.968 Thread 0x000000001674c000 1360       3       com.google.common.io.LineReader$1::handleLine (15 bytes)
Event: 3.968 Thread 0x000000001674c000 nmethod 1360 0x000000000322edd0 code [0x000000000322ef40, 0x000000000322f168]

GC Heap History (6 events):
Event: 1.816 GC heap before
{Heap before GC invocations=1 (full 0):
 PSYoungGen      total 37888K, used 32768K [0x00000000e0000000, 0x00000000e2a00000, 0x0000000100000000)
  eden space 32768K, 100% used [0x00000000e0000000,0x00000000e2000000,0x00000000e2000000)
  from space 5120K, 0% used [0x00000000e2500000,0x00000000e2500000,0x00000000e2a00000)
  to   space 5120K, 0% used [0x00000000e2000000,0x00000000e2000000,0x00000000e2500000)
 ParOldGen       total 86016K, used 0K [0x00000000a0000000, 0x00000000a5400000, 0x00000000e0000000)
  object space 86016K, 0% used [0x00000000a0000000,0x00000000a0000000,0x00000000a5400000)
 Metaspace       used 6958K, capacity 7194K, committed 7424K, reserved 1056768K
  class space    used 846K, capacity 911K, committed 1024K, reserved 1048576K
Event: 1.837 GC heap after
Heap after GC invocations=1 (full 0):
 PSYoungGen      total 37888K, used 4401K [0x00000000e0000000, 0x00000000e2a00000, 0x0000000100000000)
  eden space 32768K, 0% used [0x00000000e0000000,0x00000000e0000000,0x00000000e2000000)
  from space 5120K, 85% used [0x00000000e2000000,0x00000000e244c6c8,0x00000000e2500000)
  to   space 5120K, 0% used [0x00000000e2500000,0x00000000e2500000,0x00000000e2a00000)
 ParOldGen       total 86016K, used 8K [0x00000000a0000000, 0x00000000a5400000, 0x00000000e0000000)
  object space 86016K, 0% used [0x00000000a0000000,0x00000000a0002000,0x00000000a5400000)
 Metaspace       used 6958K, capacity 7194K, committed 7424K, reserved 1056768K
  class space    used 846K, capacity 911K, committed 1024K, reserved 1048576K
}
Event: 3.329 GC heap before
{Heap before GC invocations=2 (full 0):
 PSYoungGen      total 37888K, used 37169K [0x00000000e0000000, 0x00000000e2a00000, 0x0000000100000000)
  eden space 32768K, 100% used [0x00000000e0000000,0x00000000e2000000,0x00000000e2000000)
  from space 5120K, 85% used [0x00000000e2000000,0x00000000e244c6c8,0x00000000e2500000)
  to   space 5120K, 0% used [0x00000000e2500000,0x00000000e2500000,0x00000000e2a00000)
 ParOldGen       total 86016K, used 8K [0x00000000a0000000, 0x00000000a5400000, 0x00000000e0000000)
  object space 86016K, 0% used [0x00000000a0000000,0x00000000a0002000,0x00000000a5400000)
 Metaspace       used 10926K, capacity 11284K, committed 11520K, reserved 1058816K
  class space    used 1434K, capacity 1522K, committed 1536K, reserved 1048576K
Event: 3.338 GC heap after
Heap after GC invocations=2 (full 0):
 PSYoungGen      total 37888K, used 5106K [0x00000000e0000000, 0x00000000e2a00000, 0x0000000100000000)
  eden space 32768K, 0% used [0x00000000e0000000,0x00000000e0000000,0x00000000e2000000)
  from space 5120K, 99% used [0x00000000e2500000,0x00000000e29fcbc0,0x00000000e2a00000)
  to   space 5120K, 0% used [0x00000000e2000000,0x00000000e2000000,0x00000000e2500000)
 ParOldGen       total 86016K, used 428K [0x00000000a0000000, 0x00000000a5400000, 0x00000000e0000000)
  object space 86016K, 0% used [0x00000000a0000000,0x00000000a006b1d0,0x00000000a5400000)
 Metaspace       used 10926K, capacity 11284K, committed 11520K, reserved 1058816K
  class space    used 1434K, capacity 1522K, committed 1536K, reserved 1048576K
}
Event: 3.883 GC heap before
{Heap before GC invocations=3 (full 0):
 PSYoungGen      total 37888K, used 37874K [0x00000000e0000000, 0x00000000e2a00000, 0x0000000100000000)
  eden space 32768K, 100% used [0x00000000e0000000,0x00000000e2000000,0x00000000e2000000)
  from space 5120K, 99% used [0x00000000e2500000,0x00000000e29fcbc0,0x00000000e2a00000)
  to   space 5120K, 0% used [0x00000000e2000000,0x00000000e2000000,0x00000000e2500000)
 ParOldGen       total 86016K, used 428K [0x00000000a0000000, 0x00000000a5400000, 0x00000000e0000000)
  object space 86016K, 0% used [0x00000000a0000000,0x00000000a006b1d0,0x00000000a5400000)
 Metaspace       used 14333K, capacity 14722K, committed 14976K, reserved 1062912K
  class space    used 1993K, capacity 2127K, committed 2176K, reserved 1048576K
Event: 3.902 GC heap after
Heap after GC invocations=3 (full 0):
 PSYoungGen      total 37888K, used 5117K [0x00000000e0000000, 0x00000000e4a00000, 0x0000000100000000)
  eden space 32768K, 0% used [0x00000000e0000000,0x00000000e0000000,0x00000000e2000000)
  from space 5120K, 99% used [0x00000000e2000000,0x00000000e24ff7b8,0x00000000e2500000)
  to   space 5120K, 0% used [0x00000000e4500000,0x00000000e4500000,0x00000000e4a00000)
 ParOldGen       total 86016K, used 2467K [0x00000000a0000000, 0x00000000a5400000, 0x00000000e0000000)
  object space 86016K, 2% used [0x00000000a0000000,0x00000000a0268ed0,0x00000000a5400000)
 Metaspace       used 14333K, capacity 14722K, committed 14976K, reserved 1062912K
  class space    used 1993K, capacity 2127K, committed 2176K, reserved 1048576K
}

Deoptimization events (10 events):
Event: 2.241 Thread 0x0000000002c82800 Uncommon trap: reason=bimorphic action=maybe_recompile pc=0x0000000002ff883c method=java.util.HashMap.putVal(ILjava/lang/Object;Ljava/lang/Object;ZZ)Ljava/lang/Object; @ 91
Event: 2.386 Thread 0x0000000002c82800 Uncommon trap: reason=bimorphic action=maybe_recompile pc=0x00000000030cc328 method=java.util.HashMap.putVal(ILjava/lang/Object;Ljava/lang/Object;ZZ)Ljava/lang/Object; @ 203
Event: 2.615 Thread 0x0000000002c82800 Uncommon trap: reason=unstable_if action=reinterpret pc=0x0000000003032bd0 method=java.io.WinNTFileSystem.normalize(Ljava/lang/String;)Ljava/lang/String; @ 128
Event: 2.615 Thread 0x0000000002c82800 Uncommon trap: reason=unstable_if action=reinterpret pc=0x00000000030afb1c method=java.io.WinNTFileSystem.normalize(Ljava/lang/String;II)Ljava/lang/String; @ 90
Event: 3.391 Thread 0x00000000197b0800 Uncommon trap: reason=unstable_if action=reinterpret pc=0x000000000312125c method=java.util.concurrent.ConcurrentHashMap.putVal(Ljava/lang/Object;Ljava/lang/Object;Z)Ljava/lang/Object; @ 206
Event: 3.517 Thread 0x00000000194f4800 Uncommon trap: reason=bimorphic action=maybe_recompile pc=0x00000000030cbca4 method=java.util.HashMap.putVal(ILjava/lang/Object;Ljava/lang/Object;ZZ)Ljava/lang/Object; @ 253
Event: 3.517 Thread 0x00000000194f4800 Uncommon trap: reason=bimorphic action=maybe_recompile pc=0x00000000030cbca4 method=java.util.HashMap.putVal(ILjava/lang/Object;Ljava/lang/Object;ZZ)Ljava/lang/Object; @ 253
Event: 3.530 Thread 0x00000000194f4800 Uncommon trap: reason=class_check action=maybe_recompile pc=0x0000000002ff469c method=java.util.regex.Matcher.match(II)Z @ 86
Event: 3.819 Thread 0x00000000194f4800 Uncommon trap: reason=class_check action=maybe_recompile pc=0x0000000002ff469c method=java.util.regex.Matcher.match(II)Z @ 86
Event: 3.945 Thread 0x00000000194f4800 Uncommon trap: reason=unstable_if action=reinterpret pc=0x00000000031f46f4 method=java.lang.String.lastIndexOf([CII[CIII)I @ 66

Classes redefined (0 events):
No events

Internal exceptions (10 events):
Event: 3.411 Thread 0x00000000197b0800 Exception <a 'java/lang/NoSuchMethodError': <clinit>> (0x00000000e020e5b8) thrown at [D:\src\AOSP-openjdk-cygwin\jdk8u\hotspot\src\share\vm\prims\jni.cpp, line 1613]
Event: 3.412 Thread 0x00000000197b0800 Exception <a 'java/lang/NoSuchMethodError': <clinit>> (0x00000000e0217080) thrown at [D:\src\AOSP-openjdk-cygwin\jdk8u\hotspot\src\share\vm\prims\jni.cpp, line 1613]
Event: 3.413 Thread 0x00000000197b0800 Exception <a 'java/lang/NoSuchMethodError': <clinit>> (0x00000000e0228750) thrown at [D:\src\AOSP-openjdk-cygwin\jdk8u\hotspot\src\share\vm\prims\jni.cpp, line 1613]
Event: 3.429 Thread 0x00000000197b0800 Exception <a 'java/lang/NoSuchMethodError': <clinit>> (0x00000000e028d910) thrown at [D:\src\AOSP-openjdk-cygwin\jdk8u\hotspot\src\share\vm\prims\jni.cpp, line 1613]
Event: 3.433 Thread 0x00000000197b0800 Exception <a 'java/lang/NoSuchMethodError': <clinit>> (0x00000000e02b1038) thrown at [D:\src\AOSP-openjdk-cygwin\jdk8u\hotspot\src\share\vm\prims\jni.cpp, line 1613]
Event: 3.449 Thread 0x00000000197b0800 Exception <a 'java/lang/NoSuchMethodError': <clinit>> (0x00000000e02db4f0) thrown at [D:\src\AOSP-openjdk-cygwin\jdk8u\hotspot\src\share\vm\prims\jni.cpp, line 1613]
Event: 3.451 Thread 0x00000000197b0800 Exception <a 'java/lang/NoSuchMethodError': <clinit>> (0x00000000e02e90a8) thrown at [D:\src\AOSP-openjdk-cygwin\jdk8u\hotspot\src\share\vm\prims\jni.cpp, line 1613]
Event: 3.454 Thread 0x00000000197b0800 Exception <a 'java/lang/NoSuchMethodError': <clinit>> (0x00000000e030dc60) thrown at [D:\src\AOSP-openjdk-cygwin\jdk8u\hotspot\src\share\vm\prims\jni.cpp, line 1613]
Event: 3.507 Thread 0x00000000194f4800 Exception <a 'java/lang/NoSuchMethodError': <clinit>> (0x00000000e044a700) thrown at [D:\src\AOSP-openjdk-cygwin\jdk8u\hotspot\src\share\vm\prims\jni.cpp, line 1613]
Event: 3.508 Thread 0x00000000194f4800 Exception <a 'java/lang/NoSuchMethodError': <clinit>> (0x00000000e0452988) thrown at [D:\src\AOSP-openjdk-cygwin\jdk8u\hotspot\src\share\vm\prims\jni.cpp, line 1613]

Events (10 events):
Event: 3.973 loading class com/google/common/base/CharMatcher$5
Event: 3.973 loading class com/google/common/base/CharMatcher$5 done
Event: 3.973 loading class com/google/common/base/CharMatcher$6
Event: 3.973 loading class com/google/common/base/CharMatcher$6 done
Event: 3.985 loading class com/google/common/base/CharMatcher$7
Event: 3.985 loading class com/google/common/base/CharMatcher$7 done
Event: 3.986 loading class com/google/common/base/CharMatcher$8
Event: 3.986 loading class com/google/common/base/CharMatcher$8 done
Event: 3.986 loading class com/google/common/base/CharMatcher$15
Event: 3.986 loading class com/google/common/base/CharMatcher$15 done


Dynamic libraries:
0x00007ff6145a0000 - 0x00007ff6145d1000 	C:\Program Files\Android\Android Studio\jre\bin\java.exe
0x00007ffc86740000 - 0x00007ffc86921000 	C:\WINDOWS\SYSTEM32\ntdll.dll
0x00007ffc85990000 - 0x00007ffc85a42000 	C:\WINDOWS\System32\KERNEL32.DLL
0x00007ffc83650000 - 0x00007ffc838c3000 	C:\WINDOWS\System32\KERNELBASE.dll
0x00007ffc85640000 - 0x00007ffc856e1000 	C:\WINDOWS\System32\ADVAPI32.dll
0x00007ffc86670000 - 0x00007ffc8670e000 	C:\WINDOWS\System32\msvcrt.dll
0x00007ffc85930000 - 0x00007ffc8598b000 	C:\WINDOWS\System32\sechost.dll
0x00007ffc861b0000 - 0x00007ffc862d4000 	C:\WINDOWS\System32\RPCRT4.dll
0x00007ffc84030000 - 0x00007ffc841c0000 	C:\WINDOWS\System32\USER32.dll
0x00007ffc82ea0000 - 0x00007ffc82ec0000 	C:\WINDOWS\System32\win32u.dll
0x00007ffc85da0000 - 0x00007ffc85dc8000 	C:\WINDOWS\System32\GDI32.dll
0x00007ffc838d0000 - 0x00007ffc83a62000 	C:\WINDOWS\System32\gdi32full.dll
0x00007ffc82e00000 - 0x00007ffc82e9f000 	C:\WINDOWS\System32\msvcp_win.dll
0x00007ffc83ad0000 - 0x00007ffc83bca000 	C:\WINDOWS\System32\ucrtbase.dll
0x00007ffc6d7d0000 - 0x00007ffc6da39000 	C:\WINDOWS\WinSxS\amd64_microsoft.windows.common-controls_6595b64144ccf1df_6.0.17134.112_none_fb3f961b30681c12\COMCTL32.dll
0x00007ffc862e0000 - 0x00007ffc86603000 	C:\WINDOWS\System32\combase.dll
0x00007ffc82ec0000 - 0x00007ffc82f3a000 	C:\WINDOWS\System32\bcryptPrimitives.dll
0x00007ffc85d70000 - 0x00007ffc85d9d000 	C:\WINDOWS\System32\IMM32.DLL
0x0000000065330000 - 0x0000000065402000 	C:\Program Files\Android\Android Studio\jre\jre\bin\msvcr100.dll
0x0000000065520000 - 0x0000000065d5f000 	C:\Program Files\Android\Android Studio\jre\jre\bin\server\jvm.dll
0x00007ffc83bd0000 - 0x00007ffc83bd8000 	C:\WINDOWS\System32\PSAPI.DLL
0x00007ffc81650000 - 0x00007ffc81659000 	C:\WINDOWS\SYSTEM32\WSOCK32.dll
0x00007ffc804b0000 - 0x00007ffc804d3000 	C:\WINDOWS\SYSTEM32\WINMM.dll
0x00007ffc857a0000 - 0x00007ffc8580c000 	C:\WINDOWS\System32\WS2_32.dll
0x00007ffc76cf0000 - 0x00007ffc76cfa000 	C:\WINDOWS\SYSTEM32\VERSION.dll
0x00007ffc80480000 - 0x00007ffc804aa000 	C:\WINDOWS\SYSTEM32\WINMMBASE.dll
0x00007ffc82db0000 - 0x00007ffc82df9000 	C:\WINDOWS\System32\cfgmgr32.dll
0x00007ffc75c10000 - 0x00007ffc75c1f000 	C:\Program Files\Android\Android Studio\jre\jre\bin\verify.dll
0x00007ffc679b0000 - 0x00007ffc679d9000 	C:\Program Files\Android\Android Studio\jre\jre\bin\java.dll
0x00007ffc71f20000 - 0x00007ffc71f36000 	C:\Program Files\Android\Android Studio\jre\jre\bin\zip.dll
0x00007ffc841f0000 - 0x00007ffc85630000 	C:\WINDOWS\System32\SHELL32.dll
0x00007ffc856f0000 - 0x00007ffc85799000 	C:\WINDOWS\System32\shcore.dll
0x00007ffc82f40000 - 0x00007ffc8364d000 	C:\WINDOWS\System32\windows.storage.dll
0x00007ffc86150000 - 0x00007ffc861a1000 	C:\WINDOWS\System32\shlwapi.dll
0x00007ffc82af0000 - 0x00007ffc82b01000 	C:\WINDOWS\System32\kernel.appcore.dll
0x00007ffc82ad0000 - 0x00007ffc82aef000 	C:\WINDOWS\System32\profapi.dll
0x00007ffc82a60000 - 0x00007ffc82aac000 	C:\WINDOWS\System32\powrprof.dll
0x00007ffc82a50000 - 0x00007ffc82a5a000 	C:\WINDOWS\System32\FLTLIB.DLL
0x00007ffc6da40000 - 0x00007ffc6da5a000 	C:\Program Files\Android\Android Studio\jre\jre\bin\net.dll
0x00007ffc82270000 - 0x00007ffc822d6000 	C:\WINDOWS\system32\mswsock.dll
0x00007ffc67990000 - 0x00007ffc679a1000 	C:\Program Files\Android\Android Studio\jre\jre\bin\nio.dll
0x00007ffc76270000 - 0x00007ffc7628e000 	C:\Users\KITep03\.gradle\native\25\windows-amd64\native-platform.dll
0x00007ffc6db50000 - 0x00007ffc6db5d000 	C:\Program Files\Android\Android Studio\jre\jre\bin\management.dll
0x00007ffc82420000 - 0x00007ffc82437000 	C:\WINDOWS\SYSTEM32\CRYPTSP.dll
0x00007ffc81e50000 - 0x00007ffc81e83000 	C:\WINDOWS\system32\rsaenh.dll
0x00007ffc82550000 - 0x00007ffc82575000 	C:\WINDOWS\SYSTEM32\bcrypt.dll
0x00007ffc82980000 - 0x00007ffc829a8000 	C:\WINDOWS\SYSTEM32\USERENV.dll
0x00007ffc82440000 - 0x00007ffc8244b000 	C:\WINDOWS\SYSTEM32\CRYPTBASE.dll
0x00007ffc81ff0000 - 0x00007ffc82028000 	C:\WINDOWS\SYSTEM32\IPHLPAPI.DLL
0x00007ffc85630000 - 0x00007ffc85638000 	C:\WINDOWS\System32\NSI.dll
0x00007ffc77180000 - 0x00007ffc77196000 	C:\WINDOWS\SYSTEM32\dhcpcsvc6.DLL
0x00007ffc76fd0000 - 0x00007ffc76fea000 	C:\WINDOWS\SYSTEM32\dhcpcsvc.DLL

VM Arguments:
jvm_args: -Xmx1536m -Dfile.encoding=windows-31j -Duser.country=JP -Duser.language=ja -Duser.variant 
java_command: org.gradle.launcher.daemon.bootstrap.GradleDaemon 4.4
java_class_path (initial): C:\Users\KITep03\.gradle\wrapper\dists\gradle-4.4-all\9br9xq1tocpiv8o6njlyu5op1\gradle-4.4\lib\gradle-launcher-4.4.jar
Launcher Type: SUN_STANDARD

Environment Variables:
PATH=C:\Program Files (x86)\Intel\iCLS Client\;C:\ProgramData\Oracle\Java\javapath;C:\Java\jdk1.8.0_151\bin;C:\Program Files\Intel\iCLS Client\;C:\WINDOWS\system32;C:\WINDOWS;C:\WINDOWS\System32\Wbem;C:\WINDOWS\System32\WindowsPowerShell\v1.0\;C:\Program Files\Intel\WiFi\bin\;C:\Program Files\Common Files\Intel\WirelessCommon\;C:\MinGW\bin;C:\Program Files (x86)\GtkSharp\2.12\bin;C:\Program Files\Microsoft SQL Server\110\Tools\Binn\;C:\Program Files (x86)\Microsoft SDKs\TypeScript\1.0\;C:\Program Files\Microsoft SQL Server\120\Tools\Binn\;C:\Program Files (x86)\Skype\Phone\;C:\cygwin\bin;C:\Program Files (x86)\Intel\Intel(R) Management Engine Components\DAL;C:\Program Files\Intel\Intel(R) Management Engine Components\DAL;C:\Program Files (x86)\Intel\Intel(R) Management Engine Components\IPT;C:\Program Files\Intel\Intel(R) Management Engine Components\IPT;C:\WINDOWS\System32\OpenSSH\;C:\Users\KITep03\AppData\Local\Microsoft\WindowsApps;
USERNAME=KITep03
OS=Windows_NT
PROCESSOR_IDENTIFIER=Intel64 Family 6 Model 78 Stepping 3, GenuineIntel



---------------  S Y S T E M  ---------------

OS: Windows 10.0 , 64 bit Build 17134 (10.0.17134.1)

CPU:total 4 (initial active 4) (2 cores per cpu, 2 threads per core) family 6 model 78 stepping 3, cmov, cx8, fxsr, mmx, sse, sse2, sse3, ssse3, sse4.1, sse4.2, popcnt, avx, avx2, aes, clmul, erms, 3dnowpref, lzcnt, ht, tsc, tscinvbit, bmi1, bmi2, adx

Memory: 4k page, physical 8246288k(905312k free), swap 11440508k(4812k free)

vm_info: OpenJDK 64-Bit Server VM (25.152-b02) for windows-amd64 JRE (1.8.0_152-release-1024-b02), built by "builder" with MS VC++ 10.0 (VS2010)

time: Wed Jul 11 17:36:52 2018
elapsed time: 4 seconds (0d 0h 0m 4s)

