#
# There is insufficient memory for the Java Runtime Environment to continue.
# Native memory allocation (malloc) failed to allocate 114784 bytes for Chunk::new
# Possible reasons:
#   The system is out of physical RAM or swap space
#   In 32 bit mode, the process size limit was hit
# Possible solutions:
#   Reduce memory load on the system
#   Increase physical memory or swap space
#   Check if swap backing store is full
#   Use 64 bit Java on a 64 bit OS
#   Decrease Java heap size (-Xmx/-Xms)
#   Decrease number of Java threads
#   Decrease Java thread stack sizes (-Xss)
#   Set larger code cache with -XX:ReservedCodeCacheSize=
# This output file may be truncated or incomplete.
#
#  Out of Memory Error (allocation.cpp:390), pid=8040, tid=0x000000000000389c
#
# JRE version: OpenJDK Runtime Environment (8.0_152-b02) (build 1.8.0_152-release-1024-b02)
# Java VM: OpenJDK 64-Bit Server VM (25.152-b02 mixed mode windows-amd64 compressed oops)
# Failed to write core dump. Minidumps are not enabled by default on client versions of Windows
#

---------------  T H R E A D  ---------------

Current thread (0x00000000169c2000):  JavaThread "C2 CompilerThread0" daemon [_thread_in_native, id=14492, stack(0x0000000017f50000,0x0000000018050000)]

Stack: [0x0000000017f50000,0x0000000018050000]
[error occurred during error reporting (printing stack bounds), id 0xc0000005]

Native frames: (J=compiled Java code, j=interpreted, Vv=VM code, C=native code)


Current CompileTask:
C2:  28636 7861       4       com.android.tools.r8.ir.conversion.IRBuilder::readRegister (36 bytes)


---------------  P R O C E S S  ---------------

Java Threads: ( => current thread )
  0x000000001d881000 JavaThread "ForkJoinPool.commonPool-worker-9" daemon [_thread_in_Java, id=9956, stack(0x00000000242d0000,0x00000000243d0000)]
  0x000000001c953000 JavaThread "ForkJoinPool.commonPool-worker-14" daemon [_thread_blocked, id=7192, stack(0x00000000241d0000,0x00000000242d0000)]
  0x000000001c954800 JavaThread "ForkJoinPool.commonPool-worker-12" daemon [_thread_in_Java, id=4288, stack(0x00000000240d0000,0x00000000241d0000)]
  0x000000001c952800 JavaThread "ForkJoinPool.commonPool-worker-10" daemon [_thread_blocked, id=12696, stack(0x0000000023fd0000,0x00000000240d0000)]
  0x000000001f150800 JavaThread "ForkJoinPool.commonPool-worker-11" daemon [_thread_in_vm, id=11788, stack(0x0000000023ed0000,0x0000000023fd0000)]
  0x000000001c951800 JavaThread "ForkJoinPool.commonPool-worker-5" daemon [_thread_blocked, id=10200, stack(0x0000000023bd0000,0x0000000023cd0000)]
  0x000000001c951000 JavaThread "ForkJoinPool.commonPool-worker-7" daemon [_thread_blocked, id=5416, stack(0x0000000023ad0000,0x0000000023bd0000)]
  0x000000001c956000 JavaThread "ForkJoinPool.commonPool-worker-6" daemon [_thread_blocked, id=4548, stack(0x00000000239d0000,0x0000000023ad0000)]
  0x000000001c957800 JavaThread "ForkJoinPool.commonPool-worker-4" daemon [_thread_blocked, id=7852, stack(0x00000000238d0000,0x00000000239d0000)]
  0x000000001c954000 JavaThread "ForkJoinPool.commonPool-worker-0" daemon [_thread_in_Java, id=12412, stack(0x00000000237d0000,0x00000000238d0000)]
  0x000000001c955800 JavaThread "ForkJoinPool.commonPool-worker-3" daemon [_thread_blocked, id=2028, stack(0x00000000234d0000,0x00000000235d0000)]
  0x000000001c957000 JavaThread "ForkJoinPool.commonPool-worker-2" daemon [_thread_in_Java, id=1364, stack(0x00000000233d0000,0x00000000234d0000)]
  0x000000001c949800 JavaThread "ForkJoinPool.commonPool-worker-1" daemon [_thread_blocked, id=10400, stack(0x00000000230a0000,0x00000000231a0000)]
  0x000000001c94a000 JavaThread "Task worker for ':' Thread 3" [_thread_blocked, id=3780, stack(0x0000000022fa0000,0x00000000230a0000)]
  0x000000001c94e800 JavaThread "Task worker for ':' Thread 2" [_thread_blocked, id=2928, stack(0x0000000022ea0000,0x0000000022fa0000)]
  0x000000001c94e000 JavaThread "Task worker for ':'" [_thread_blocked, id=11448, stack(0x0000000022b60000,0x0000000022c60000)]
  0x000000001c94d000 JavaThread "Cache worker for Build Output Cleanup Cache (C:\Users\KITep03\Documents\temporilla\.gradle\buildOutputCleanup)" [_thread_blocked, id=9660, stack(0x0000000022a60000,0x0000000022b60000)]
  0x000000001c94b000 JavaThread "Cache worker for task history cache (C:\Users\KITep03\Documents\temporilla\.gradle\4.4\taskHistory)" [_thread_blocked, id=6032, stack(0x0000000022960000,0x0000000022a60000)]
  0x000000001c94f800 JavaThread "Cache worker for file content cache (C:\Users\KITep03\Documents\temporilla\.gradle\4.4\fileContent)" [_thread_blocked, id=2216, stack(0x0000000022860000,0x0000000022960000)]
  0x000000001f14b800 JavaThread "Memory manager" [_thread_blocked, id=10688, stack(0x0000000021b60000,0x0000000021c60000)]
  0x000000001f14d800 JavaThread "pool-1-thread-1" [_thread_blocked, id=7728, stack(0x0000000021a60000,0x0000000021b60000)]
  0x000000001f151800 JavaThread "build operations Thread 4" [_thread_blocked, id=9128, stack(0x00000000212a0000,0x00000000213a0000)]
  0x000000001f150000 JavaThread "build operations Thread 3" [_thread_blocked, id=404, stack(0x00000000211a0000,0x00000000212a0000)]
  0x000000001f152000 JavaThread "build operations Thread 2" [_thread_blocked, id=3368, stack(0x00000000210a0000,0x00000000211a0000)]
  0x000000001f14e800 JavaThread "build operations" [_thread_blocked, id=3412, stack(0x0000000020fa0000,0x00000000210a0000)]
  0x000000001f14c000 JavaThread "Cache worker for Artifact transforms cache (C:\Users\KITep03\.gradle\caches\transforms-1)" [_thread_blocked, id=1044, stack(0x000000001e570000,0x000000001e670000)]
  0x000000001bd64800 JavaThread "Cache worker for file hash cache (C:\Users\KITep03\Documents\temporilla\.gradle\4.4\fileHashes)" [_thread_blocked, id=11828, stack(0x000000001d0a0000,0x000000001d1a0000)]
  0x00000000195ed800 JavaThread "File lock request listener" [_thread_in_native, id=6360, stack(0x000000001bfd0000,0x000000001c0d0000)]
  0x00000000196a6000 JavaThread "Cache worker for file hash cache (C:\Users\KITep03\.gradle\caches\4.4\fileHashes)" [_thread_blocked, id=4128, stack(0x000000001bed0000,0x000000001bfd0000)]
  0x00000000195ec800 JavaThread "Stdin handler" [_thread_blocked, id=10064, stack(0x000000001ac00000,0x000000001ad00000)]
  0x00000000195eb800 JavaThread "Asynchronous log dispatcher for DefaultDaemonConnection: socket connection from /127.0.0.1:53044 to /127.0.0.1:53045" [_thread_blocked, id=4736, stack(0x000000001ab00000,0x000000001ac00000)]
  0x000000001960c000 JavaThread "Daemon worker" [_thread_blocked, id=11556, stack(0x000000001aa00000,0x000000001ab00000)]
  0x00000000198a3800 JavaThread "Cancel handler" [_thread_blocked, id=1004, stack(0x000000001a900000,0x000000001aa00000)]
  0x0000000019893000 JavaThread "Handler for socket connection from /127.0.0.1:53044 to /127.0.0.1:53045" [_thread_in_native, id=4068, stack(0x000000001a600000,0x000000001a700000)]
  0x0000000019892000 JavaThread "Daemon" [_thread_blocked, id=15088, stack(0x000000001a500000,0x000000001a600000)]
  0x00000000195e9000 JavaThread "Daemon periodic checks" [_thread_blocked, id=896, stack(0x000000001a400000,0x000000001a500000)]
  0x000000001983d800 JavaThread "Incoming local TCP Connector on port 53044" [_thread_in_native, id=8540, stack(0x000000001a220000,0x000000001a320000)]
  0x00000000181d0000 JavaThread "Service Thread" daemon [_thread_blocked, id=6216, stack(0x0000000018650000,0x0000000018750000)]
  0x0000000018152000 JavaThread "C1 CompilerThread2" daemon [_thread_in_native, id=12888, stack(0x0000000018550000,0x0000000018650000)]
  0x00000000169c8800 JavaThread "C2 CompilerThread1" daemon [_thread_in_native, id=9288, stack(0x0000000018050000,0x0000000018150000)]
=>0x00000000169c2000 JavaThread "C2 CompilerThread0" daemon [_thread_in_native, id=14492, stack(0x0000000017f50000,0x0000000018050000)]
  0x00000000169c1800 JavaThread "Attach Listener" daemon [_thread_blocked, id=6632, stack(0x0000000017e50000,0x0000000017f50000)]
  0x000000001697c800 JavaThread "Signal Dispatcher" daemon [_thread_blocked, id=1360, stack(0x0000000017d50000,0x0000000017e50000)]
  0x0000000002ffc800 JavaThread "Finalizer" daemon [_thread_blocked, id=5664, stack(0x0000000017bc0000,0x0000000017cc0000)]
  0x0000000002ff1800 JavaThread "Reference Handler" daemon [_thread_blocked, id=14480, stack(0x0000000017ac0000,0x0000000017bc0000)]
  0x0000000002dfe800 JavaThread "main" [_thread_blocked, id=7892, stack(0x0000000002e00000,0x0000000002f00000)]

Other Threads:
  0x0000000016935000 VMThread [stack: 0x00000000179c0000,0x0000000017ac0000] [id=6764]
  0x00000000181d0800 WatcherThread [stack: 0x0000000018750000,0x0000000018850000] [id=11816]

VM state:not at safepoint (normal execution)

VM Mutex/Monitor currently owned by a thread: None

Heap:
 PSYoungGen      total 182784K, used 48443K [0x00000000e0000000, 0x00000000efc80000, 0x0000000100000000)
  eden space 169984K, 28% used [0x00000000e0000000,0x00000000e2f4ed80,0x00000000ea600000)
  from space 12800K, 0% used [0x00000000eba00000,0x00000000eba00000,0x00000000ec680000)
  to   space 20480K, 0% used [0x00000000ea600000,0x00000000ea600000,0x00000000eba00000)
 ParOldGen       total 89600K, used 34729K [0x00000000a0000000, 0x00000000a5780000, 0x00000000e0000000)
  object space 89600K, 38% used [0x00000000a0000000,0x00000000a21ea420,0x00000000a5780000)
 Metaspace       used 61625K, capacity 63944K, committed 64216K, reserved 1103872K
  class space    used 8376K, capacity 8885K, committed 8960K, reserved 1048576K

Card table byte_map: [0x00000000123c0000,0x00000000126d0000] byte_map_base: 0x0000000011ec0000

Marking Bits: (ParMarkBitMap*) 0x0000000065ce4970
 Begin Bits: [0x0000000012cd0000, 0x00000000144d0000)
 End Bits:   [0x00000000144d0000, 0x0000000015cd0000)

Polling page: 0x0000000001160000

CodeCache: size=245760Kb used=22366Kb max_used=22366Kb free=223393Kb
 bounds [0x0000000003000000, 0x00000000045f0000, 0x0000000012000000]
 total_blobs=7833 nmethods=7039 adapters=706
 compilation: enabled

Compilation events (10 events):
Event: 28.580 Thread 0x0000000018152000 nmethod 7883 0x00000000045e8550 code [0x00000000045e86a0, 0x00000000045e87b0]
Event: 28.580 Thread 0x0000000018152000 7907       3       java.util.Optional::of (9 bytes)
Event: 28.581 Thread 0x0000000018152000 nmethod 7907 0x00000000045e8810 code [0x00000000045e89a0, 0x00000000045e8d48]
Event: 28.581 Thread 0x0000000018152000 7908       3       java.util.Optional::<init> (13 bytes)
Event: 28.581 Thread 0x0000000018152000 nmethod 7908 0x00000000045e8f10 code [0x00000000045e9080, 0x00000000045e93a8]
Event: 28.581 Thread 0x0000000018152000 7963       3       java.util.PriorityQueue::offer (72 bytes)
Event: 28.581 Thread 0x0000000018152000 nmethod 7963 0x00000000045e9510 code [0x00000000045e96c0, 0x00000000045e9c78]
Event: 28.581 Thread 0x0000000018152000 7964       3       com.android.tools.r8.ir.regalloc.LinearScanRegisterAllocator::updateRegisterHints (241 bytes)
Event: 28.592 Thread 0x0000000018152000 nmethod 7964 0x00000000045e9ed0 code [0x00000000045ea200, 0x00000000045ebbb8]
Event: 28.592 Thread 0x0000000018152000 7965       3       com.android.tools.r8.ir.regalloc.LinearScanRegisterAllocator::allocateSingleInterval (807 bytes)

GC Heap History (10 events):
Event: 11.261 GC heap before
{Heap before GC invocations=9 (full 2):
 PSYoungGen      total 139264K, used 9709K [0x00000000e0000000, 0x00000000ec680000, 0x0000000100000000)
  eden space 129536K, 0% used [0x00000000e0000000,0x00000000e0000000,0x00000000e7e80000)
  from space 9728K, 99% used [0x00000000e7e80000,0x00000000e87fb500,0x00000000e8800000)
  to   space 12800K, 0% used [0x00000000eba00000,0x00000000eba00000,0x00000000ec680000)
 ParOldGen       total 55808K, used 11368K [0x00000000a0000000, 0x00000000a3680000, 0x00000000e0000000)
  object space 55808K, 20% used [0x00000000a0000000,0x00000000a0b1a2b8,0x00000000a3680000)
 Metaspace       used 34697K, capacity 35272K, committed 35416K, reserved 1079296K
  class space    used 4785K, capacity 4976K, committed 4992K, reserved 1048576K
Event: 11.373 GC heap after
Heap after GC invocations=9 (full 2):
 PSYoungGen      total 139264K, used 0K [0x00000000e0000000, 0x00000000ec680000, 0x0000000100000000)
  eden space 129536K, 0% used [0x00000000e0000000,0x00000000e0000000,0x00000000e7e80000)
  from space 9728K, 0% used [0x00000000e7e80000,0x00000000e7e80000,0x00000000e8800000)
  to   space 12800K, 0% used [0x00000000eba00000,0x00000000eba00000,0x00000000ec680000)
 ParOldGen       total 89600K, used 19331K [0x00000000a0000000, 0x00000000a5780000, 0x00000000e0000000)
  object space 89600K, 21% used [0x00000000a0000000,0x00000000a12e0e90,0x00000000a5780000)
 Metaspace       used 34697K, capacity 35272K, committed 35416K, reserved 1079296K
  class space    used 4785K, capacity 4976K, committed 4992K, reserved 1048576K
}
Event: 13.858 GC heap before
{Heap before GC invocations=10 (full 2):
 PSYoungGen      total 139264K, used 129536K [0x00000000e0000000, 0x00000000ec680000, 0x0000000100000000)
  eden space 129536K, 100% used [0x00000000e0000000,0x00000000e7e80000,0x00000000e7e80000)
  from space 9728K, 0% used [0x00000000e7e80000,0x00000000e7e80000,0x00000000e8800000)
  to   space 12800K, 0% used [0x00000000eba00000,0x00000000eba00000,0x00000000ec680000)
 ParOldGen       total 89600K, used 19331K [0x00000000a0000000, 0x00000000a5780000, 0x00000000e0000000)
  object space 89600K, 21% used [0x00000000a0000000,0x00000000a12e0e90,0x00000000a5780000)
 Metaspace       used 42950K, capacity 43872K, committed 44120K, reserved 1087488K
  class space    used 5925K, capacity 6211K, committed 6272K, reserved 1048576K
Event: 13.905 GC heap after
Heap after GC invocations=10 (full 2):
 PSYoungGen      total 188416K, used 12782K [0x00000000e0000000, 0x00000000ed900000, 0x0000000100000000)
  eden space 175616K, 0% used [0x00000000e0000000,0x00000000e0000000,0x00000000eab80000)
  from space 12800K, 99% used [0x00000000eba00000,0x00000000ec67bb60,0x00000000ec680000)
  to   space 14848K, 0% used [0x00000000eab80000,0x00000000eab80000,0x00000000eba00000)
 ParOldGen       total 89600K, used 20576K [0x00000000a0000000, 0x00000000a5780000, 0x00000000e0000000)
  object space 89600K, 22% used [0x00000000a0000000,0x00000000a1418318,0x00000000a5780000)
 Metaspace       used 42950K, capacity 43872K, committed 44120K, reserved 1087488K
  class space    used 5925K, capacity 6211K, committed 6272K, reserved 1048576K
}
Event: 20.376 GC heap before
{Heap before GC invocations=11 (full 2):
 PSYoungGen      total 188416K, used 188398K [0x00000000e0000000, 0x00000000ed900000, 0x0000000100000000)
  eden space 175616K, 100% used [0x00000000e0000000,0x00000000eab80000,0x00000000eab80000)
  from space 12800K, 99% used [0x00000000eba00000,0x00000000ec67bb60,0x00000000ec680000)
  to   space 14848K, 0% used [0x00000000eab80000,0x00000000eab80000,0x00000000eba00000)
 ParOldGen       total 89600K, used 20576K [0x00000000a0000000, 0x00000000a5780000, 0x00000000e0000000)
  object space 89600K, 22% used [0x00000000a0000000,0x00000000a1418318,0x00000000a5780000)
 Metaspace       used 54016K, capacity 55818K, committed 55896K, reserved 1097728K
  class space    used 7377K, capacity 7770K, committed 7808K, reserved 1048576K
Event: 20.421 GC heap after
Heap after GC invocations=11 (full 2):
 PSYoungGen      total 190464K, used 14838K [0x00000000e0000000, 0x00000000ed900000, 0x0000000100000000)
  eden space 175616K, 0% used [0x00000000e0000000,0x00000000e0000000,0x00000000eab80000)
  from space 14848K, 99% used [0x00000000eab80000,0x00000000eb9fdbd8,0x00000000eba00000)
  to   space 12800K, 0% used [0x00000000eba00000,0x00000000eba00000,0x00000000ec680000)
 ParOldGen       total 89600K, used 29916K [0x00000000a0000000, 0x00000000a5780000, 0x00000000e0000000)
  object space 89600K, 33% used [0x00000000a0000000,0x00000000a1d370d8,0x00000000a5780000)
 Metaspace       used 54016K, capacity 55818K, committed 55896K, reserved 1097728K
  class space    used 7377K, capacity 7770K, committed 7808K, reserved 1048576K
}
Event: 26.824 GC heap before
{Heap before GC invocations=12 (full 2):
 PSYoungGen      total 190464K, used 50231K [0x00000000e0000000, 0x00000000ed900000, 0x0000000100000000)
  eden space 175616K, 20% used [0x00000000e0000000,0x00000000e22901c0,0x00000000eab80000)
  from space 14848K, 99% used [0x00000000eab80000,0x00000000eb9fdbd8,0x00000000eba00000)
  to   space 12800K, 0% used [0x00000000eba00000,0x00000000eba00000,0x00000000ec680000)
 ParOldGen       total 89600K, used 29916K [0x00000000a0000000, 0x00000000a5780000, 0x00000000e0000000)
  object space 89600K, 33% used [0x00000000a0000000,0x00000000a1d370d8,0x00000000a5780000)
 Metaspace       used 56954K, capacity 58888K, committed 59028K, reserved 1099776K
  class space    used 7737K, capacity 8165K, committed 8192K, reserved 1048576K
Event: 26.854 GC heap after
Heap after GC invocations=12 (full 2):
 PSYoungGen      total 182784K, used 12260K [0x00000000e0000000, 0x00000000efc80000, 0x0000000100000000)
  eden space 169984K, 0% used [0x00000000e0000000,0x00000000e0000000,0x00000000ea600000)
  from space 12800K, 95% used [0x00000000eba00000,0x00000000ec5f9370,0x00000000ec680000)
  to   space 20480K, 0% used [0x00000000ea600000,0x00000000ea600000,0x00000000eba00000)
 ParOldGen       total 89600K, used 36221K [0x00000000a0000000, 0x00000000a5780000, 0x00000000e0000000)
  object space 89600K, 40% used [0x00000000a0000000,0x00000000a235f7f0,0x00000000a5780000)
 Metaspace       used 56954K, capacity 58888K, committed 59028K, reserved 1099776K
  class space    used 7737K, capacity 8165K, committed 8192K, reserved 1048576K
}
Event: 26.854 GC heap before
{Heap before GC invocations=13 (full 3):
 PSYoungGen      total 182784K, used 12260K [0x00000000e0000000, 0x00000000efc80000, 0x0000000100000000)
  eden space 169984K, 0% used [0x00000000e0000000,0x00000000e0000000,0x00000000ea600000)
  from space 12800K, 95% used [0x00000000eba00000,0x00000000ec5f9370,0x00000000ec680000)
  to   space 20480K, 0% used [0x00000000ea600000,0x00000000ea600000,0x00000000eba00000)
 ParOldGen       total 89600K, used 36221K [0x00000000a0000000, 0x00000000a5780000, 0x00000000e0000000)
  object space 89600K, 40% used [0x00000000a0000000,0x00000000a235f7f0,0x00000000a5780000)
 Metaspace       used 56954K, capacity 58888K, committed 59028K, reserved 1099776K
  class space    used 7737K, capacity 8165K, committed 8192K, reserved 1048576K
Event: 27.083 GC heap after
Heap after GC invocations=13 (full 3):
 PSYoungGen      total 182784K, used 0K [0x00000000e0000000, 0x00000000efc80000, 0x0000000100000000)
  eden space 169984K, 0% used [0x00000000e0000000,0x00000000e0000000,0x00000000ea600000)
  from space 12800K, 0% used [0x00000000eba00000,0x00000000eba00000,0x00000000ec680000)
  to   space 20480K, 0% used [0x00000000ea600000,0x00000000ea600000,0x00000000eba00000)
 ParOldGen       total 89600K, used 34729K [0x00000000a0000000, 0x00000000a5780000, 0x00000000e0000000)
  object space 89600K, 38% used [0x00000000a0000000,0x00000000a21ea420,0x00000000a5780000)
 Metaspace       used 56919K, capacity 58792K, committed 59028K, reserved 1099776K
  class space    used 7725K, capacity 8143K, committed 8192K, reserved 1048576K
}

Deoptimization events (10 events):
Event: 27.705 Thread 0x000000001f150800 Uncommon trap: reason=unstable_if action=reinterpret pc=0x00000000035e80c4 method=java.lang.StringBuffer.toString()Ljava/lang/String; @ 4
Event: 27.870 Thread 0x000000001d881000 Uncommon trap: reason=unstable_if action=reinterpret pc=0x0000000003474414 method=java.util.concurrent.ConcurrentHashMap.addCount(JI)V @ 168
Event: 27.870 Thread 0x000000001f150800 Uncommon trap: reason=unstable_if action=reinterpret pc=0x000000000373da24 method=java.util.concurrent.ConcurrentHashMap.putVal(Ljava/lang/Object;Ljava/lang/Object;Z)Ljava/lang/Object; @ 113
Event: 27.871 Thread 0x000000001f150800 Uncommon trap: reason=unstable_if action=reinterpret pc=0x000000000349807c method=java.util.concurrent.ConcurrentHashMap.transfer([Ljava/util/concurrent/ConcurrentHashMap$Node;[Ljava/util/concurrent/ConcurrentHashMap$Node;)V @ 277
Event: 27.871 Thread 0x000000001d881000 Uncommon trap: reason=unstable_if action=reinterpret pc=0x000000000349804c method=java.util.concurrent.ConcurrentHashMap.transfer([Ljava/util/concurrent/ConcurrentHashMap$Node;[Ljava/util/concurrent/ConcurrentHashMap$Node;)V @ 34
Event: 28.220 Thread 0x000000001c957000 Uncommon trap: reason=unstable_if action=reinterpret pc=0x000000000446ebf0 method=com.android.tools.r8.org.objectweb.asm.ClassReader.readUTF(II[C)Ljava/lang/String; @ 77
Event: 28.223 Thread 0x000000001c957000 Uncommon trap: reason=unstable_if action=reinterpret pc=0x0000000004450b3c method=com.android.tools.r8.org.objectweb.asm.ClassReader.readUTF(II[C)Ljava/lang/String; @ 77
Event: 28.354 Thread 0x000000001d881000 Uncommon trap: reason=unstable_if action=reinterpret pc=0x00000000035983d4 method=java.util.WeakHashMap.remove(Ljava/lang/Object;)Ljava/lang/Object; @ 94
Event: 28.394 Thread 0x000000001c957000 Uncommon trap: reason=unstable_if action=reinterpret pc=0x000000000452d324 method=com.android.tools.r8.ir.conversion.JarState.getLocalRegister(ILcom/android/tools/r8/org/objectweb/asm/Type;)I @ 63
Event: 28.550 Thread 0x000000001c954000 Uncommon trap: reason=unstable_if action=reinterpret pc=0x00000000045c0054 method=com.android.tools.r8.ir.conversion.JarState.getLocalRegister(ILcom/android/tools/r8/org/objectweb/asm/Type;)I @ 63

Classes redefined (0 events):
No events

Internal exceptions (10 events):
Event: 28.202 Thread 0x000000001f150800 Exception <a 'sun/nio/fs/WindowsException'> (0x00000000e16afcc0) thrown at [D:\src\AOSP-openjdk-cygwin\jdk8u\hotspot\src\share\vm\prims\jni.cpp, line 709]
Event: 28.202 Thread 0x000000001f150800 Exception <a 'sun/nio/fs/WindowsException'> (0x00000000e16b0340) thrown at [D:\src\AOSP-openjdk-cygwin\jdk8u\hotspot\src\share\vm\prims\jni.cpp, line 709]
Event: 28.202 Thread 0x000000001f150800 Exception <a 'sun/nio/fs/WindowsException'> (0x00000000e16b0ad0) thrown at [D:\src\AOSP-openjdk-cygwin\jdk8u\hotspot\src\share\vm\prims\jni.cpp, line 709]
Event: 28.203 Thread 0x000000001f150800 Exception <a 'sun/nio/fs/WindowsException'> (0x00000000e16b1350) thrown at [D:\src\AOSP-openjdk-cygwin\jdk8u\hotspot\src\share\vm\prims\jni.cpp, line 709]
Event: 28.203 Thread 0x000000001f150800 Exception <a 'sun/nio/fs/WindowsException'> (0x00000000e16b1ac0) thrown at [D:\src\AOSP-openjdk-cygwin\jdk8u\hotspot\src\share\vm\prims\jni.cpp, line 709]
Event: 28.203 Thread 0x000000001f150800 Exception <a 'sun/nio/fs/WindowsException'> (0x00000000e16b2320) thrown at [D:\src\AOSP-openjdk-cygwin\jdk8u\hotspot\src\share\vm\prims\jni.cpp, line 709]
Event: 28.203 Thread 0x000000001f150800 Exception <a 'sun/nio/fs/WindowsException'> (0x00000000e16b2a58) thrown at [D:\src\AOSP-openjdk-cygwin\jdk8u\hotspot\src\share\vm\prims\jni.cpp, line 709]
Event: 28.203 Thread 0x000000001f150800 Exception <a 'sun/nio/fs/WindowsException'> (0x00000000e16b3298) thrown at [D:\src\AOSP-openjdk-cygwin\jdk8u\hotspot\src\share\vm\prims\jni.cpp, line 709]
Event: 28.203 Thread 0x000000001f150800 Exception <a 'sun/nio/fs/WindowsException'> (0x00000000e16b3980) thrown at [D:\src\AOSP-openjdk-cygwin\jdk8u\hotspot\src\share\vm\prims\jni.cpp, line 709]
Event: 28.204 Thread 0x000000001f150800 Exception <a 'sun/nio/fs/WindowsException'> (0x00000000e16b41b0) thrown at [D:\src\AOSP-openjdk-cygwin\jdk8u\hotspot\src\share\vm\prims\jni.cpp, line 709]

Events (10 events):
Event: 28.536 loading class com/android/tools/r8/ir/code/ArrayGet$1 done
Event: 28.550 Thread 0x000000001c954000 Uncommon trap: trap_request=0xffffff65 fr.pc=0x00000000045c0054
Event: 28.550 Thread 0x000000001c954000 DEOPT PACKING pc=0x00000000045c0054 sp=0x00000000238cec00
Event: 28.550 Thread 0x000000001c954000 DEOPT UNPACKING pc=0x000000000304557b sp=0x00000000238cebb0 mode 2
Event: 28.595 loading class com/android/tools/r8/graph/DexDebugEvent$RestartLocal
Event: 28.595 loading class com/android/tools/r8/graph/DexDebugEvent$RestartLocal done
Event: 28.595 Executing VM operation: ForceSafepoint
Event: 28.614 Executing VM operation: ForceSafepoint done
Event: 28.615 loading class com/android/tools/r8/graph/DexDebugEvent$RestartLocal
Event: 28.615 loading class com/android/tools/r8/graph/DexDebugEvent$RestartLocal done


Dynamic libraries:
0x00007ff7a2580000 - 0x00007ff7a25b1000 	C:\Program Files\Android\Android Studio\jre\bin\java.exe
0x00007ffc86740000 - 0x00007ffc86921000 	C:\WINDOWS\SYSTEM32\ntdll.dll
0x00007ffc85990000 - 0x00007ffc85a42000 	C:\WINDOWS\System32\KERNEL32.DLL
0x00007ffc83650000 - 0x00007ffc838c3000 	C:\WINDOWS\System32\KERNELBASE.dll
0x00007ffc85640000 - 0x00007ffc856e1000 	C:\WINDOWS\System32\ADVAPI32.dll
0x00007ffc86670000 - 0x00007ffc8670e000 	C:\WINDOWS\System32\msvcrt.dll
0x00007ffc85930000 - 0x00007ffc8598b000 	C:\WINDOWS\System32\sechost.dll
0x00007ffc861b0000 - 0x00007ffc862d4000 	C:\WINDOWS\System32\RPCRT4.dll
0x00007ffc84030000 - 0x00007ffc841c0000 	C:\WINDOWS\System32\USER32.dll
0x00007ffc82ea0000 - 0x00007ffc82ec0000 	C:\WINDOWS\System32\win32u.dll
0x00007ffc85da0000 - 0x00007ffc85dc8000 	C:\WINDOWS\System32\GDI32.dll
0x00007ffc838d0000 - 0x00007ffc83a62000 	C:\WINDOWS\System32\gdi32full.dll
0x00007ffc82e00000 - 0x00007ffc82e9f000 	C:\WINDOWS\System32\msvcp_win.dll
0x00007ffc83ad0000 - 0x00007ffc83bca000 	C:\WINDOWS\System32\ucrtbase.dll
0x00007ffc6d7d0000 - 0x00007ffc6da39000 	C:\WINDOWS\WinSxS\amd64_microsoft.windows.common-controls_6595b64144ccf1df_6.0.17134.112_none_fb3f961b30681c12\COMCTL32.dll
0x00007ffc862e0000 - 0x00007ffc86603000 	C:\WINDOWS\System32\combase.dll
0x00007ffc82ec0000 - 0x00007ffc82f3a000 	C:\WINDOWS\System32\bcryptPrimitives.dll
0x00007ffc85d70000 - 0x00007ffc85d9d000 	C:\WINDOWS\System32\IMM32.DLL
0x0000000065330000 - 0x0000000065402000 	C:\Program Files\Android\Android Studio\jre\jre\bin\msvcr100.dll
0x0000000065520000 - 0x0000000065d5f000 	C:\Program Files\Android\Android Studio\jre\jre\bin\server\jvm.dll
0x00007ffc83bd0000 - 0x00007ffc83bd8000 	C:\WINDOWS\System32\PSAPI.DLL
0x00007ffc76cf0000 - 0x00007ffc76cfa000 	C:\WINDOWS\SYSTEM32\VERSION.dll
0x00007ffc81650000 - 0x00007ffc81659000 	C:\WINDOWS\SYSTEM32\WSOCK32.dll
0x00007ffc804b0000 - 0x00007ffc804d3000 	C:\WINDOWS\SYSTEM32\WINMM.dll
0x00007ffc857a0000 - 0x00007ffc8580c000 	C:\WINDOWS\System32\WS2_32.dll
0x00007ffc80480000 - 0x00007ffc804aa000 	C:\WINDOWS\SYSTEM32\winmmbase.dll
0x00007ffc82db0000 - 0x00007ffc82df9000 	C:\WINDOWS\System32\cfgmgr32.dll
0x00007ffc77630000 - 0x00007ffc7763f000 	C:\Program Files\Android\Android Studio\jre\jre\bin\verify.dll
0x00007ffc5f110000 - 0x00007ffc5f139000 	C:\Program Files\Android\Android Studio\jre\jre\bin\java.dll
0x00007ffc61d20000 - 0x00007ffc61d36000 	C:\Program Files\Android\Android Studio\jre\jre\bin\zip.dll
0x00007ffc841f0000 - 0x00007ffc85630000 	C:\WINDOWS\System32\SHELL32.dll
0x00007ffc856f0000 - 0x00007ffc85799000 	C:\WINDOWS\System32\shcore.dll
0x00007ffc82f40000 - 0x00007ffc8364d000 	C:\WINDOWS\System32\windows.storage.dll
0x00007ffc86150000 - 0x00007ffc861a1000 	C:\WINDOWS\System32\shlwapi.dll
0x00007ffc82af0000 - 0x00007ffc82b01000 	C:\WINDOWS\System32\kernel.appcore.dll
0x00007ffc82ad0000 - 0x00007ffc82aef000 	C:\WINDOWS\System32\profapi.dll
0x00007ffc82a60000 - 0x00007ffc82aac000 	C:\WINDOWS\System32\powrprof.dll
0x00007ffc82a50000 - 0x00007ffc82a5a000 	C:\WINDOWS\System32\FLTLIB.DLL
0x00007ffc5f050000 - 0x00007ffc5f06a000 	C:\Program Files\Android\Android Studio\jre\jre\bin\net.dll
0x00007ffc82270000 - 0x00007ffc822d6000 	C:\WINDOWS\system32\mswsock.dll
0x00007ffc5ed00000 - 0x00007ffc5ed11000 	C:\Program Files\Android\Android Studio\jre\jre\bin\nio.dll
0x00007ffc76270000 - 0x00007ffc7628e000 	C:\Users\KITep03\.gradle\native\25\windows-amd64\native-platform.dll
0x00007ffc69400000 - 0x00007ffc6940d000 	C:\Program Files\Android\Android Studio\jre\jre\bin\management.dll
0x00007ffc82420000 - 0x00007ffc82437000 	C:\WINDOWS\SYSTEM32\CRYPTSP.dll
0x00007ffc81e50000 - 0x00007ffc81e83000 	C:\WINDOWS\system32\rsaenh.dll
0x00007ffc82550000 - 0x00007ffc82575000 	C:\WINDOWS\SYSTEM32\bcrypt.dll
0x00007ffc82980000 - 0x00007ffc829a8000 	C:\WINDOWS\SYSTEM32\USERENV.dll
0x00007ffc82440000 - 0x00007ffc8244b000 	C:\WINDOWS\SYSTEM32\CRYPTBASE.dll
0x00007ffc81ff0000 - 0x00007ffc82028000 	C:\WINDOWS\SYSTEM32\IPHLPAPI.DLL
0x00007ffc85630000 - 0x00007ffc85638000 	C:\WINDOWS\System32\NSI.dll
0x00007ffc77180000 - 0x00007ffc77196000 	C:\WINDOWS\SYSTEM32\dhcpcsvc6.DLL
0x00007ffc76fd0000 - 0x00007ffc76fea000 	C:\WINDOWS\SYSTEM32\dhcpcsvc.DLL
0x00007ffc82030000 - 0x00007ffc820ee000 	C:\WINDOWS\SYSTEM32\DNSAPI.dll
0x00007ffc6f7f0000 - 0x00007ffc6f7fa000 	C:\Windows\System32\rasadhlp.dll
0x00007ffc74f60000 - 0x00007ffc74fd2000 	C:\WINDOWS\System32\fwpuclnt.dll
0x00007ffc81b40000 - 0x00007ffc81b71000 	C:\WINDOWS\SYSTEM32\ntmarta.dll

VM Arguments:
jvm_args: -Xmx1536m -Dfile.encoding=windows-31j -Duser.country=JP -Duser.language=ja -Duser.variant 
java_command: org.gradle.launcher.daemon.bootstrap.GradleDaemon 4.4
java_class_path (initial): C:\Users\KITep03\.gradle\wrapper\dists\gradle-4.4-all\9br9xq1tocpiv8o6njlyu5op1\gradle-4.4\lib\gradle-launcher-4.4.jar
Launcher Type: SUN_STANDARD

Environment Variables:
PATH=C:\Program Files (x86)\Intel\iCLS Client\;C:\ProgramData\Oracle\Java\javapath;C:\Java\jdk1.8.0_151\bin;C:\Program Files\Intel\iCLS Client\;C:\WINDOWS\system32;C:\WINDOWS;C:\WINDOWS\System32\Wbem;C:\WINDOWS\System32\WindowsPowerShell\v1.0\;C:\Program Files\Intel\WiFi\bin\;C:\Program Files\Common Files\Intel\WirelessCommon\;C:\MinGW\bin;C:\Program Files (x86)\GtkSharp\2.12\bin;C:\Program Files\Microsoft SQL Server\110\Tools\Binn\;C:\Program Files (x86)\Microsoft SDKs\TypeScript\1.0\;C:\Program Files\Microsoft SQL Server\120\Tools\Binn\;C:\Program Files (x86)\Skype\Phone\;C:\cygwin\bin;C:\Program Files (x86)\Intel\Intel(R) Management Engine Components\DAL;C:\Program Files\Intel\Intel(R) Management Engine Components\DAL;C:\Program Files (x86)\Intel\Intel(R) Management Engine Components\IPT;C:\Program Files\Intel\Intel(R) Management Engine Components\IPT;C:\WINDOWS\System32\OpenSSH\;C:\Users\KITep03\AppData\Local\Microsoft\WindowsApps;
USERNAME=KITep03
OS=Windows_NT
PROCESSOR_IDENTIFIER=Intel64 Family 6 Model 78 Stepping 3, GenuineIntel



---------------  S Y S T E M  ---------------

OS: Windows 10.0 , 64 bit Build 17134 (10.0.17134.1)

CPU:total 4 (initial active 4) (2 cores per cpu, 2 threads per core) family 6 model 78 stepping 3, cmov, cx8, fxsr, mmx, sse, sse2, sse3, ssse3, sse4.1, sse4.2, popcnt, avx, avx2, aes, clmul, erms, 3dnowpref, lzcnt, ht, tsc, tscinvbit, bmi1, bmi2, adx

Memory: 4k page, physical 8246288k(741228k free), swap 11337516k(4212k free)

vm_info: OpenJDK 64-Bit Server VM (25.152-b02) for windows-amd64 JRE (1.8.0_152-release-1024-b02), built by "builder" with MS VC++ 10.0 (VS2010)

time: Wed Jul 11 18:50:19 2018
elapsed time: 28 seconds (0d 0h 0m 28s)

