#
# There is insufficient memory for the Java Runtime Environment to continue.
# Native memory allocation (malloc) failed to allocate 1424656 bytes for Chunk::new
# Possible reasons:
#   The system is out of physical RAM or swap space
#   In 32 bit mode, the process size limit was hit
# Possible solutions:
#   Reduce memory load on the system
#   Increase physical memory or swap space
#   Check if swap backing store is full
#   Use 64 bit Java on a 64 bit OS
#   Decrease Java heap size (-Xmx/-Xms)
#   Decrease number of Java threads
#   Decrease Java thread stack sizes (-Xss)
#   Set larger code cache with -XX:ReservedCodeCacheSize=
# This output file may be truncated or incomplete.
#
#  Out of Memory Error (allocation.cpp:390), pid=400, tid=0x0000000000000a7c
#
# JRE version: OpenJDK Runtime Environment (8.0_152-b02) (build 1.8.0_152-release-1024-b02)
# Java VM: OpenJDK 64-Bit Server VM (25.152-b02 mixed mode windows-amd64 compressed oops)
# Failed to write core dump. Minidumps are not enabled by default on client versions of Windows
#

---------------  T H R E A D  ---------------

Current thread (0x0000000016722800):  JavaThread "C2 CompilerThread0" daemon [_thread_in_native, id=2684, stack(0x0000000017cc0000,0x0000000017dc0000)]

Stack: [0x0000000017cc0000,0x0000000017dc0000]
[error occurred during error reporting (printing stack bounds), id 0xc0000005]

Native frames: (J=compiled Java code, j=interpreted, Vv=VM code, C=native code)


Current CompileTask:
C2:  21752 5075       4       java.net.URLClassLoader$1::run (5 bytes)


---------------  P R O C E S S  ---------------

Java Threads: ( => current thread )
  0x000000001bd5f000 JavaThread "Memory manager" [_thread_blocked, id=8200, stack(0x00000000208f0000,0x00000000209f0000)]
  0x000000001bd5d800 JavaThread "pool-1-thread-1" [_thread_blocked, id=12976, stack(0x00000000205f0000,0x00000000206f0000)]
  0x000000001bd5b800 JavaThread "build operations Thread 4" [_thread_blocked, id=14144, stack(0x00000000200f0000,0x00000000201f0000)]
  0x000000001bd5a000 JavaThread "build operations Thread 3" [_thread_blocked, id=11104, stack(0x000000001fff0000,0x00000000200f0000)]
  0x000000001bd5e800 JavaThread "build operations Thread 2" [_thread_blocked, id=12476, stack(0x000000001fa40000,0x000000001fb40000)]
  0x000000001bd5a800 JavaThread "build operations" [_thread_blocked, id=11408, stack(0x000000001e6f0000,0x000000001e7f0000)]
  0x000000001bd59000 JavaThread "Cache worker for Artifact transforms cache (C:\Users\KITep03\.gradle\caches\transforms-1)" [_thread_blocked, id=9336, stack(0x000000001e4f0000,0x000000001e5f0000)]
  0x000000001b82c800 JavaThread "Cache worker for file hash cache (C:\Users\KITep03\Documents\temporilla\.gradle\4.4\fileHashes)" [_thread_blocked, id=12440, stack(0x000000001ce20000,0x000000001cf20000)]
  0x0000000019643000 JavaThread "File lock request listener" [_thread_in_native, id=7804, stack(0x000000001cd20000,0x000000001ce20000)]
  0x0000000019785000 JavaThread "Cache worker for file hash cache (C:\Users\KITep03\.gradle\caches\4.4\fileHashes)" [_thread_blocked, id=11816, stack(0x000000001bc40000,0x000000001bd40000)]
  0x0000000019503800 JavaThread "Stdin handler" [_thread_blocked, id=12080, stack(0x000000001a970000,0x000000001aa70000)]
  0x0000000019502800 JavaThread "Asynchronous log dispatcher for DefaultDaemonConnection: socket connection from /127.0.0.1:53174 to /127.0.0.1:53175" [_thread_blocked, id=14864, stack(0x000000001a870000,0x000000001a970000)]
  0x00000000194fb000 JavaThread "Daemon worker" [_thread_in_native, id=8668, stack(0x000000001a770000,0x000000001a870000)]
  0x00000000194fa800 JavaThread "Cancel handler" [_thread_blocked, id=5532, stack(0x000000001a670000,0x000000001a770000)]
  0x00000000195b5800 JavaThread "Handler for socket connection from /127.0.0.1:53174 to /127.0.0.1:53175" [_thread_in_native, id=532, stack(0x000000001a370000,0x000000001a470000)]
  0x00000000195b4800 JavaThread "Daemon" [_thread_blocked, id=3436, stack(0x000000001a270000,0x000000001a370000)]
  0x0000000019554000 JavaThread "Daemon periodic checks" [_thread_blocked, id=15356, stack(0x000000001a170000,0x000000001a270000)]
  0x00000000192fa000 JavaThread "Incoming local TCP Connector on port 53174" [_thread_in_native, id=13216, stack(0x0000000019f90000,0x000000001a090000)]
  0x0000000018041000 JavaThread "Service Thread" daemon [_thread_blocked, id=15132, stack(0x00000000183c0000,0x00000000184c0000)]
  0x000000001672a800 JavaThread "C1 CompilerThread2" daemon [_thread_blocked, id=3856, stack(0x0000000017ec0000,0x0000000017fc0000)]
  0x0000000016727000 JavaThread "C2 CompilerThread1" daemon [_thread_in_native, id=4704, stack(0x0000000017dc0000,0x0000000017ec0000)]
=>0x0000000016722800 JavaThread "C2 CompilerThread0" daemon [_thread_in_native, id=2684, stack(0x0000000017cc0000,0x0000000017dc0000)]
  0x00000000166df000 JavaThread "Attach Listener" daemon [_thread_blocked, id=12980, stack(0x0000000017bc0000,0x0000000017cc0000)]
  0x00000000166de000 JavaThread "Signal Dispatcher" daemon [_thread_blocked, id=3240, stack(0x0000000017ac0000,0x0000000017bc0000)]
  0x0000000002d58800 JavaThread "Finalizer" daemon [_thread_blocked, id=14876, stack(0x0000000017930000,0x0000000017a30000)]
  0x0000000002d53000 JavaThread "Reference Handler" daemon [_thread_blocked, id=14084, stack(0x0000000017830000,0x0000000017930000)]
  0x0000000002a5e800 JavaThread "main" [_thread_blocked, id=15236, stack(0x0000000002b60000,0x0000000002c60000)]

Other Threads:
  0x0000000016695800 VMThread [stack: 0x0000000017730000,0x0000000017830000] [id=11000]
  0x0000000018044000 WatcherThread [stack: 0x00000000184c0000,0x00000000185c0000] [id=11628]

VM state:not at safepoint (normal execution)

VM Mutex/Monitor currently owned by a thread: None

Heap:
 PSYoungGen      total 87552K, used 77274K [0x00000000e0000000, 0x00000000e7680000, 0x0000000100000000)
  eden space 76800K, 86% used [0x00000000e0000000,0x00000000e40f8e98,0x00000000e4b00000)
  from space 10752K, 99% used [0x00000000e4b00000,0x00000000e557dac0,0x00000000e5580000)
  to   space 12800K, 0% used [0x00000000e6a00000,0x00000000e6a00000,0x00000000e7680000)
 ParOldGen       total 101888K, used 17661K [0x00000000a0000000, 0x00000000a6380000, 0x00000000e0000000)
  object space 101888K, 17% used [0x00000000a0000000,0x00000000a113f470,0x00000000a6380000)
 Metaspace       used 49991K, capacity 51462K, committed 51800K, reserved 1093632K
  class space    used 6824K, capacity 7196K, committed 7296K, reserved 1048576K

Card table byte_map: [0x0000000012120000,0x0000000012430000] byte_map_base: 0x0000000011c20000

Marking Bits: (ParMarkBitMap*) 0x0000000065ce4970
 Begin Bits: [0x0000000012a30000, 0x0000000014230000)
 End Bits:   [0x0000000014230000, 0x0000000015a30000)

Polling page: 0x0000000000d40000

CodeCache: size=245760Kb used=17016Kb max_used=17016Kb free=228743Kb
 bounds [0x0000000002d60000, 0x0000000003e10000, 0x0000000011d60000]
 total_blobs=5499 nmethods=4751 adapters=660
 compilation: enabled

Compilation events (10 events):
Event: 21.707 Thread 0x000000001672a800 5088       3       com.google.common.collect.UnmodifiableIterator::<init> (5 bytes)
Event: 21.707 Thread 0x000000001672a800 nmethod 5088 0x0000000003e09050 code [0x0000000003e091a0, 0x0000000003e09350]
Event: 21.710 Thread 0x000000001672a800 5089       3       com.google.common.collect.Lists::newArrayList (8 bytes)
Event: 21.711 Thread 0x000000001672a800 nmethod 5089 0x0000000003e09410 code [0x0000000003e09580, 0x0000000003e09890]
Event: 21.711 Thread 0x000000001672a800 5090       3       java.util.stream.StreamOpFlag::isKnown (19 bytes)
Event: 21.711 Thread 0x000000001672a800 nmethod 5090 0x0000000003e09a10 code [0x0000000003e09b60, 0x0000000003e09d10]
Event: 21.711 Thread 0x000000001672a800 5091       3       com.google.common.collect.Iterators$8::hasNext (13 bytes)
Event: 21.711 Thread 0x000000001672a800 nmethod 5091 0x0000000003e09d90 code [0x0000000003e09ee0, 0x0000000003e0a090]
Event: 21.714 Thread 0x000000001672a800 5092       3       org.gradle.model.internal.registry.NodeAtState::<init> (15 bytes)
Event: 21.714 Thread 0x000000001672a800 nmethod 5092 0x0000000003e0a110 code [0x0000000003e0a260, 0x0000000003e0a430]

GC Heap History (10 events):
Event: 13.342 GC heap before
{Heap before GC invocations=9 (full 1):
 PSYoungGen      total 69632K, used 65425K [0x00000000e0000000, 0x00000000e4f80000, 0x0000000100000000)
  eden space 59392K, 100% used [0x00000000e0000000,0x00000000e3a00000,0x00000000e3a00000)
  from space 10240K, 58% used [0x00000000e3a00000,0x00000000e3fe4728,0x00000000e4400000)
  to   space 9728K, 0% used [0x00000000e4600000,0x00000000e4600000,0x00000000e4f80000)
 ParOldGen       total 65536K, used 8174K [0x00000000a0000000, 0x00000000a4000000, 0x00000000e0000000)
  object space 65536K, 12% used [0x00000000a0000000,0x00000000a07fbbf8,0x00000000a4000000)
 Metaspace       used 31363K, capacity 31986K, committed 32256K, reserved 1077248K
  class space    used 4376K, capacity 4582K, committed 4608K, reserved 1048576K
Event: 13.357 GC heap after
Heap after GC invocations=9 (full 1):
 PSYoungGen      total 70656K, used 9724K [0x00000000e0000000, 0x00000000e6200000, 0x0000000100000000)
  eden space 60928K, 0% used [0x00000000e0000000,0x00000000e0000000,0x00000000e3b80000)
  from space 9728K, 99% used [0x00000000e4600000,0x00000000e4f7f140,0x00000000e4f80000)
  to   space 10752K, 0% used [0x00000000e3b80000,0x00000000e3b80000,0x00000000e4600000)
 ParOldGen       total 65536K, used 8242K [0x00000000a0000000, 0x00000000a4000000, 0x00000000e0000000)
  object space 65536K, 12% used [0x00000000a0000000,0x00000000a080ca88,0x00000000a4000000)
 Metaspace       used 31363K, capacity 31986K, committed 32256K, reserved 1077248K
  class space    used 4376K, capacity 4582K, committed 4608K, reserved 1048576K
}
Event: 13.885 GC heap before
{Heap before GC invocations=10 (full 1):
 PSYoungGen      total 70656K, used 25043K [0x00000000e0000000, 0x00000000e6200000, 0x0000000100000000)
  eden space 60928K, 25% used [0x00000000e0000000,0x00000000e0ef5c00,0x00000000e3b80000)
  from space 9728K, 99% used [0x00000000e4600000,0x00000000e4f7f140,0x00000000e4f80000)
  to   space 10752K, 0% used [0x00000000e3b80000,0x00000000e3b80000,0x00000000e4600000)
 ParOldGen       total 65536K, used 8242K [0x00000000a0000000, 0x00000000a4000000, 0x00000000e0000000)
  object space 65536K, 12% used [0x00000000a0000000,0x00000000a080ca88,0x00000000a4000000)
 Metaspace       used 34730K, capacity 35400K, committed 35416K, reserved 1079296K
  class space    used 4786K, capacity 4976K, committed 4992K, reserved 1048576K
Event: 13.914 GC heap after
Heap after GC invocations=10 (full 1):
 PSYoungGen      total 71680K, used 8676K [0x00000000e0000000, 0x00000000e6380000, 0x0000000100000000)
  eden space 60928K, 0% used [0x00000000e0000000,0x00000000e0000000,0x00000000e3b80000)
  from space 10752K, 80% used [0x00000000e3b80000,0x00000000e43f9028,0x00000000e4600000)
  to   space 11264K, 0% used [0x00000000e5880000,0x00000000e5880000,0x00000000e6380000)
 ParOldGen       total 65536K, used 8250K [0x00000000a0000000, 0x00000000a4000000, 0x00000000e0000000)
  object space 65536K, 12% used [0x00000000a0000000,0x00000000a080ea88,0x00000000a4000000)
 Metaspace       used 34730K, capacity 35400K, committed 35416K, reserved 1079296K
  class space    used 4786K, capacity 4976K, committed 4992K, reserved 1048576K
}
Event: 13.914 GC heap before
{Heap before GC invocations=11 (full 2):
 PSYoungGen      total 71680K, used 8676K [0x00000000e0000000, 0x00000000e6380000, 0x0000000100000000)
  eden space 60928K, 0% used [0x00000000e0000000,0x00000000e0000000,0x00000000e3b80000)
  from space 10752K, 80% used [0x00000000e3b80000,0x00000000e43f9028,0x00000000e4600000)
  to   space 11264K, 0% used [0x00000000e5880000,0x00000000e5880000,0x00000000e6380000)
 ParOldGen       total 65536K, used 8250K [0x00000000a0000000, 0x00000000a4000000, 0x00000000e0000000)
  object space 65536K, 12% used [0x00000000a0000000,0x00000000a080ea88,0x00000000a4000000)
 Metaspace       used 34730K, capacity 35400K, committed 35416K, reserved 1079296K
  class space    used 4786K, capacity 4976K, committed 4992K, reserved 1048576K
Event: 14.087 GC heap after
Heap after GC invocations=11 (full 2):
 PSYoungGen      total 71680K, used 0K [0x00000000e0000000, 0x00000000e6380000, 0x0000000100000000)
  eden space 60928K, 0% used [0x00000000e0000000,0x00000000e0000000,0x00000000e3b80000)
  from space 10752K, 0% used [0x00000000e3b80000,0x00000000e3b80000,0x00000000e4600000)
  to   space 11264K, 0% used [0x00000000e5880000,0x00000000e5880000,0x00000000e6380000)
 ParOldGen       total 101888K, used 15306K [0x00000000a0000000, 0x00000000a6380000, 0x00000000e0000000)
  object space 101888K, 15% used [0x00000000a0000000,0x00000000a0ef28b0,0x00000000a6380000)
 Metaspace       used 34730K, capacity 35400K, committed 35416K, reserved 1079296K
  class space    used 4786K, capacity 4976K, committed 4992K, reserved 1048576K
}
Event: 15.884 GC heap before
{Heap before GC invocations=12 (full 2):
 PSYoungGen      total 71680K, used 60928K [0x00000000e0000000, 0x00000000e6380000, 0x0000000100000000)
  eden space 60928K, 100% used [0x00000000e0000000,0x00000000e3b80000,0x00000000e3b80000)
  from space 10752K, 0% used [0x00000000e3b80000,0x00000000e3b80000,0x00000000e4600000)
  to   space 11264K, 0% used [0x00000000e5880000,0x00000000e5880000,0x00000000e6380000)
 ParOldGen       total 101888K, used 15306K [0x00000000a0000000, 0x00000000a6380000, 0x00000000e0000000)
  object space 101888K, 15% used [0x00000000a0000000,0x00000000a0ef28b0,0x00000000a6380000)
 Metaspace       used 38124K, capacity 38902K, committed 39000K, reserved 1083392K
  class space    used 5198K, capacity 5437K, committed 5504K, reserved 1048576K
Event: 15.909 GC heap after
Heap after GC invocations=12 (full 2):
 PSYoungGen      total 84480K, used 6264K [0x00000000e0000000, 0x00000000e6000000, 0x0000000100000000)
  eden space 76800K, 0% used [0x00000000e0000000,0x00000000e0000000,0x00000000e4b00000)
  from space 7680K, 81% used [0x00000000e5880000,0x00000000e5e9e0e0,0x00000000e6000000)
  to   space 10752K, 0% used [0x00000000e4b00000,0x00000000e4b00000,0x00000000e5580000)
 ParOldGen       total 101888K, used 15314K [0x00000000a0000000, 0x00000000a6380000, 0x00000000e0000000)
  object space 101888K, 15% used [0x00000000a0000000,0x00000000a0ef48b0,0x00000000a6380000)
 Metaspace       used 38124K, capacity 38902K, committed 39000K, reserved 1083392K
  class space    used 5198K, capacity 5437K, committed 5504K, reserved 1048576K
}
Event: 19.402 GC heap before
{Heap before GC invocations=13 (full 2):
 PSYoungGen      total 84480K, used 83064K [0x00000000e0000000, 0x00000000e6000000, 0x0000000100000000)
  eden space 76800K, 100% used [0x00000000e0000000,0x00000000e4b00000,0x00000000e4b00000)
  from space 7680K, 81% used [0x00000000e5880000,0x00000000e5e9e0e0,0x00000000e6000000)
  to   space 10752K, 0% used [0x00000000e4b00000,0x00000000e4b00000,0x00000000e5580000)
 ParOldGen       total 101888K, used 15314K [0x00000000a0000000, 0x00000000a6380000, 0x00000000e0000000)
  object space 101888K, 15% used [0x00000000a0000000,0x00000000a0ef48b0,0x00000000a6380000)
 Metaspace       used 46143K, capacity 47176K, committed 47320K, reserved 1089536K
  class space    used 6287K, capacity 6603K, committed 6656K, reserved 1048576K
Event: 19.460 GC heap after
Heap after GC invocations=13 (full 2):
 PSYoungGen      total 87552K, used 10742K [0x00000000e0000000, 0x00000000e7680000, 0x0000000100000000)
  eden space 76800K, 0% used [0x00000000e0000000,0x00000000e0000000,0x00000000e4b00000)
  from space 10752K, 99% used [0x00000000e4b00000,0x00000000e557dac0,0x00000000e5580000)
  to   space 12800K, 0% used [0x00000000e6a00000,0x00000000e6a00000,0x00000000e7680000)
 ParOldGen       total 101888K, used 17661K [0x00000000a0000000, 0x00000000a6380000, 0x00000000e0000000)
  object space 101888K, 17% used [0x00000000a0000000,0x00000000a113f470,0x00000000a6380000)
 Metaspace       used 46143K, capacity 47176K, committed 47320K, reserved 1089536K
  class space    used 6287K, capacity 6603K, committed 6656K, reserved 1048576K
}

Deoptimization events (10 events):
Event: 19.218 Thread 0x00000000194fb000 Uncommon trap: reason=unstable_if action=reinterpret pc=0x00000000035f2368 method=java.util.regex.Pattern$BmpCharProperty.match(Ljava/util/regex/Matcher;ILjava/lang/CharSequence;)Z @ 34
Event: 19.780 Thread 0x00000000194fb000 Uncommon trap: reason=unstable_if action=reinterpret pc=0x0000000003bdfe48 method=com.sun.org.apache.xerces.internal.impl.io.UTF8Reader.read([CII)I @ 131
Event: 19.781 Thread 0x00000000194fb000 Uncommon trap: reason=unstable_if action=reinterpret pc=0x0000000003bd6f68 method=com.sun.org.apache.xerces.internal.impl.io.UTF8Reader.read([CII)I @ 131
Event: 19.782 Thread 0x00000000194fb000 Uncommon trap: reason=unstable_if action=reinterpret pc=0x0000000003b80178 method=java.util.regex.Pattern$BitClass.isSatisfiedBy(I)Z @ 4
Event: 19.782 Thread 0x00000000194fb000 Uncommon trap: reason=unstable_if action=reinterpret pc=0x0000000003b7eb0c method=java.util.regex.Pattern$Ctype.isSatisfiedBy(I)Z @ 4
Event: 20.417 Thread 0x00000000194fb000 Uncommon trap: reason=unstable_if action=reinterpret pc=0x00000000035d6498 method=org.objectweb.asm.ByteVector.putUTF8(Ljava/lang/String;)Lorg/objectweb/asm/ByteVector; @ 91
Event: 20.485 Thread 0x00000000194fb000 Uncommon trap: reason=unstable_if action=reinterpret pc=0x00000000034ab374 method=java.lang.String.lastIndexOf([CII[CIII)I @ 118
Event: 20.603 Thread 0x00000000194fb000 Uncommon trap: reason=unstable_if action=reinterpret pc=0x00000000034e4d30 method=org.objectweb.asm.ByteVector.putUTF8(Ljava/lang/String;)Lorg/objectweb/asm/ByteVector; @ 91
Event: 21.043 Thread 0x00000000194fb000 Uncommon trap: reason=unstable_if action=reinterpret pc=0x0000000003bb26e8 method=java.util.regex.Pattern$GroupTail.match(Ljava/util/regex/Matcher;ILjava/lang/CharSequence;)Z @ 73
Event: 21.043 Thread 0x00000000194fb000 Uncommon trap: reason=unstable_if action=reinterpret pc=0x0000000003ba1318 method=com.sun.org.apache.xerces.internal.impl.XMLEntityScanner.scanContent(Lcom/sun/org/apache/xerces/internal/xni/XMLString;)I @ 163

Classes redefined (0 events):
No events

Internal exceptions (10 events):
Event: 19.972 Thread 0x00000000194fb000 Exception <a 'sun/nio/fs/WindowsException'> (0x00000000e1beae68) thrown at [D:\src\AOSP-openjdk-cygwin\jdk8u\hotspot\src\share\vm\prims\jni.cpp, line 709]
Event: 19.972 Thread 0x00000000194fb000 Exception <a 'sun/nio/fs/WindowsException'> (0x00000000e1bedc30) thrown at [D:\src\AOSP-openjdk-cygwin\jdk8u\hotspot\src\share\vm\prims\jni.cpp, line 709]
Event: 19.972 Thread 0x00000000194fb000 Exception <a 'sun/nio/fs/WindowsException'> (0x00000000e1bee8a0) thrown at [D:\src\AOSP-openjdk-cygwin\jdk8u\hotspot\src\share\vm\prims\jni.cpp, line 709]
Event: 19.973 Thread 0x00000000194fb000 Exception <a 'sun/nio/fs/WindowsException'> (0x00000000e1bf0558) thrown at [D:\src\AOSP-openjdk-cygwin\jdk8u\hotspot\src\share\vm\prims\jni.cpp, line 709]
Event: 19.973 Thread 0x00000000194fb000 Exception <a 'sun/nio/fs/WindowsException'> (0x00000000e1bf1200) thrown at [D:\src\AOSP-openjdk-cygwin\jdk8u\hotspot\src\share\vm\prims\jni.cpp, line 709]
Event: 20.009 Thread 0x00000000194fb000 Exception <a 'java/lang/NoSuchMethodError': java.lang.Object.lambda$comparing$77a9974f$1(Ljava/util/function/Function;Ljava/lang/Object;Ljava/lang/Object;)I> (0x00000000e1c7b3a8) thrown at [D:\src\AOSP-openjdk-cygwin\jdk8u\hotspot\src\share\vm\interpreter
Event: 20.014 Thread 0x00000000194fb000 Exception <a 'java/lang/NoSuchMethodError': java.lang.Object.lambda$thenComparing$36697e65$1(Ljava/util/Comparator;Ljava/lang/Object;Ljava/lang/Object;)I> (0x00000000e1c86a28) thrown at [D:\src\AOSP-openjdk-cygwin\jdk8u\hotspot\src\share\vm\interpreter\li
Event: 20.081 Thread 0x00000000194fb000 Exception <a 'java/lang/NoSuchMethodError': java.lang.Object.lambda$maxBy$1(Ljava/util/Comparator;Ljava/lang/Object;Ljava/lang/Object;)Ljava/lang/Object;> (0x00000000e1dd4c88) thrown at [D:\src\AOSP-openjdk-cygwin\jdk8u\hotspot\src\share\vm\interpreter\li
Event: 20.319 Thread 0x00000000194fb000 Exception <a 'java/lang/ClassNotFoundException': org/gradle/api/plugins/BasePluginConventionBeanInfo> (0x00000000e2453c50) thrown at [D:\src\AOSP-openjdk-cygwin\jdk8u\hotspot\src\share\vm\classfile\systemDictionary.cpp, line 210]
Event: 20.320 Thread 0x00000000194fb000 Exception <a 'java/lang/ClassNotFoundException': org/gradle/api/plugins/BasePluginConventionCustomizer> (0x00000000e2476380) thrown at [D:\src\AOSP-openjdk-cygwin\jdk8u\hotspot\src\share\vm\classfile\systemDictionary.cpp, line 210]

Events (10 events):
Event: 21.700 loading class org/gradle/api/plugins/BasePlugin$1$1
Event: 21.700 loading class org/gradle/api/plugins/BasePlugin$1$1 done
Event: 21.701 loading class org/gradle/api/plugins/BasePlugin$1$3
Event: 21.701 loading class org/gradle/api/plugins/BasePlugin$1$3 done
Event: 21.701 loading class org/gradle/api/plugins/BasePlugin$1$4
Event: 21.701 loading class org/gradle/api/plugins/BasePlugin$1$4 done
Event: 21.708 loading class com/android/build/gradle/internal/incremental/InstantRunAnchorTaskConfigAction
Event: 21.708 loading class com/android/build/gradle/internal/incremental/InstantRunAnchorTaskConfigAction done
Event: 21.714 loading class com/android/build/gradle/internal/InstantRunTaskManager
Event: 21.714 loading class com/android/build/gradle/internal/InstantRunTaskManager done


Dynamic libraries:
0x00007ff7a2580000 - 0x00007ff7a25b1000 	C:\Program Files\Android\Android Studio\jre\bin\java.exe
0x00007ffc86740000 - 0x00007ffc86921000 	C:\WINDOWS\SYSTEM32\ntdll.dll
0x00007ffc85990000 - 0x00007ffc85a42000 	C:\WINDOWS\System32\KERNEL32.DLL
0x00007ffc83650000 - 0x00007ffc838c3000 	C:\WINDOWS\System32\KERNELBASE.dll
0x00007ffc85640000 - 0x00007ffc856e1000 	C:\WINDOWS\System32\ADVAPI32.dll
0x00007ffc86670000 - 0x00007ffc8670e000 	C:\WINDOWS\System32\msvcrt.dll
0x00007ffc85930000 - 0x00007ffc8598b000 	C:\WINDOWS\System32\sechost.dll
0x00007ffc861b0000 - 0x00007ffc862d4000 	C:\WINDOWS\System32\RPCRT4.dll
0x00007ffc84030000 - 0x00007ffc841c0000 	C:\WINDOWS\System32\USER32.dll
0x00007ffc82ea0000 - 0x00007ffc82ec0000 	C:\WINDOWS\System32\win32u.dll
0x00007ffc85da0000 - 0x00007ffc85dc8000 	C:\WINDOWS\System32\GDI32.dll
0x00007ffc838d0000 - 0x00007ffc83a62000 	C:\WINDOWS\System32\gdi32full.dll
0x00007ffc82e00000 - 0x00007ffc82e9f000 	C:\WINDOWS\System32\msvcp_win.dll
0x00007ffc83ad0000 - 0x00007ffc83bca000 	C:\WINDOWS\System32\ucrtbase.dll
0x00007ffc6d7d0000 - 0x00007ffc6da39000 	C:\WINDOWS\WinSxS\amd64_microsoft.windows.common-controls_6595b64144ccf1df_6.0.17134.112_none_fb3f961b30681c12\COMCTL32.dll
0x00007ffc862e0000 - 0x00007ffc86603000 	C:\WINDOWS\System32\combase.dll
0x00007ffc82ec0000 - 0x00007ffc82f3a000 	C:\WINDOWS\System32\bcryptPrimitives.dll
0x00007ffc85d70000 - 0x00007ffc85d9d000 	C:\WINDOWS\System32\IMM32.DLL
0x0000000065330000 - 0x0000000065402000 	C:\Program Files\Android\Android Studio\jre\jre\bin\msvcr100.dll
0x0000000065520000 - 0x0000000065d5f000 	C:\Program Files\Android\Android Studio\jre\jre\bin\server\jvm.dll
0x00007ffc83bd0000 - 0x00007ffc83bd8000 	C:\WINDOWS\System32\PSAPI.DLL
0x00007ffc804b0000 - 0x00007ffc804d3000 	C:\WINDOWS\SYSTEM32\WINMM.dll
0x00007ffc81650000 - 0x00007ffc81659000 	C:\WINDOWS\SYSTEM32\WSOCK32.dll
0x00007ffc76cf0000 - 0x00007ffc76cfa000 	C:\WINDOWS\SYSTEM32\VERSION.dll
0x00007ffc857a0000 - 0x00007ffc8580c000 	C:\WINDOWS\System32\WS2_32.dll
0x00007ffc80480000 - 0x00007ffc804aa000 	C:\WINDOWS\SYSTEM32\WINMMBASE.dll
0x00007ffc82db0000 - 0x00007ffc82df9000 	C:\WINDOWS\System32\cfgmgr32.dll
0x00007ffc77630000 - 0x00007ffc7763f000 	C:\Program Files\Android\Android Studio\jre\jre\bin\verify.dll
0x00007ffc5f110000 - 0x00007ffc5f139000 	C:\Program Files\Android\Android Studio\jre\jre\bin\java.dll
0x00007ffc61d20000 - 0x00007ffc61d36000 	C:\Program Files\Android\Android Studio\jre\jre\bin\zip.dll
0x00007ffc841f0000 - 0x00007ffc85630000 	C:\WINDOWS\System32\SHELL32.dll
0x00007ffc856f0000 - 0x00007ffc85799000 	C:\WINDOWS\System32\shcore.dll
0x00007ffc82f40000 - 0x00007ffc8364d000 	C:\WINDOWS\System32\windows.storage.dll
0x00007ffc86150000 - 0x00007ffc861a1000 	C:\WINDOWS\System32\shlwapi.dll
0x00007ffc82af0000 - 0x00007ffc82b01000 	C:\WINDOWS\System32\kernel.appcore.dll
0x00007ffc82ad0000 - 0x00007ffc82aef000 	C:\WINDOWS\System32\profapi.dll
0x00007ffc82a60000 - 0x00007ffc82aac000 	C:\WINDOWS\System32\powrprof.dll
0x00007ffc82a50000 - 0x00007ffc82a5a000 	C:\WINDOWS\System32\FLTLIB.DLL
0x00007ffc5f050000 - 0x00007ffc5f06a000 	C:\Program Files\Android\Android Studio\jre\jre\bin\net.dll
0x00007ffc82270000 - 0x00007ffc822d6000 	C:\WINDOWS\system32\mswsock.dll
0x00007ffc5ed00000 - 0x00007ffc5ed11000 	C:\Program Files\Android\Android Studio\jre\jre\bin\nio.dll
0x00007ffc76270000 - 0x00007ffc7628e000 	C:\Users\KITep03\.gradle\native\25\windows-amd64\native-platform.dll
0x00007ffc69400000 - 0x00007ffc6940d000 	C:\Program Files\Android\Android Studio\jre\jre\bin\management.dll
0x00007ffc82420000 - 0x00007ffc82437000 	C:\WINDOWS\SYSTEM32\CRYPTSP.dll
0x00007ffc81e50000 - 0x00007ffc81e83000 	C:\WINDOWS\system32\rsaenh.dll
0x00007ffc82550000 - 0x00007ffc82575000 	C:\WINDOWS\SYSTEM32\bcrypt.dll
0x00007ffc82980000 - 0x00007ffc829a8000 	C:\WINDOWS\SYSTEM32\USERENV.dll
0x00007ffc82440000 - 0x00007ffc8244b000 	C:\WINDOWS\SYSTEM32\CRYPTBASE.dll
0x00007ffc81ff0000 - 0x00007ffc82028000 	C:\WINDOWS\SYSTEM32\IPHLPAPI.DLL
0x00007ffc85630000 - 0x00007ffc85638000 	C:\WINDOWS\System32\NSI.dll
0x00007ffc77180000 - 0x00007ffc77196000 	C:\WINDOWS\SYSTEM32\dhcpcsvc6.DLL
0x00007ffc76fd0000 - 0x00007ffc76fea000 	C:\WINDOWS\SYSTEM32\dhcpcsvc.DLL
0x00007ffc82030000 - 0x00007ffc820ee000 	C:\WINDOWS\SYSTEM32\DNSAPI.dll
0x00007ffc6f7f0000 - 0x00007ffc6f7fa000 	C:\Windows\System32\rasadhlp.dll
0x00007ffc74f60000 - 0x00007ffc74fd2000 	C:\WINDOWS\System32\fwpuclnt.dll

VM Arguments:
jvm_args: -Xmx1536m -Dfile.encoding=windows-31j -Duser.country=JP -Duser.language=ja -Duser.variant 
java_command: org.gradle.launcher.daemon.bootstrap.GradleDaemon 4.4
java_class_path (initial): C:\Users\KITep03\.gradle\wrapper\dists\gradle-4.4-all\9br9xq1tocpiv8o6njlyu5op1\gradle-4.4\lib\gradle-launcher-4.4.jar
Launcher Type: SUN_STANDARD

Environment Variables:
PATH=C:\Program Files (x86)\Intel\iCLS Client\;C:\ProgramData\Oracle\Java\javapath;C:\Java\jdk1.8.0_151\bin;C:\Program Files\Intel\iCLS Client\;C:\WINDOWS\system32;C:\WINDOWS;C:\WINDOWS\System32\Wbem;C:\WINDOWS\System32\WindowsPowerShell\v1.0\;C:\Program Files\Intel\WiFi\bin\;C:\Program Files\Common Files\Intel\WirelessCommon\;C:\MinGW\bin;C:\Program Files (x86)\GtkSharp\2.12\bin;C:\Program Files\Microsoft SQL Server\110\Tools\Binn\;C:\Program Files (x86)\Microsoft SDKs\TypeScript\1.0\;C:\Program Files\Microsoft SQL Server\120\Tools\Binn\;C:\Program Files (x86)\Skype\Phone\;C:\cygwin\bin;C:\Program Files (x86)\Intel\Intel(R) Management Engine Components\DAL;C:\Program Files\Intel\Intel(R) Management Engine Components\DAL;C:\Program Files (x86)\Intel\Intel(R) Management Engine Components\IPT;C:\Program Files\Intel\Intel(R) Management Engine Components\IPT;C:\WINDOWS\System32\OpenSSH\;C:\Users\KITep03\AppData\Local\Microsoft\WindowsApps;
USERNAME=KITep03
OS=Windows_NT
PROCESSOR_IDENTIFIER=Intel64 Family 6 Model 78 Stepping 3, GenuineIntel



---------------  S Y S T E M  ---------------

OS: Windows 10.0 , 64 bit Build 17134 (10.0.17134.1)

CPU:total 4 (initial active 4) (2 cores per cpu, 2 threads per core) family 6 model 78 stepping 3, cmov, cx8, fxsr, mmx, sse, sse2, sse3, ssse3, sse4.1, sse4.2, popcnt, avx, avx2, aes, clmul, erms, 3dnowpref, lzcnt, ht, tsc, tscinvbit, bmi1, bmi2, adx

Memory: 4k page, physical 8246288k(763932k free), swap 11341032k(4236k free)

vm_info: OpenJDK 64-Bit Server VM (25.152-b02) for windows-amd64 JRE (1.8.0_152-release-1024-b02), built by "builder" with MS VC++ 10.0 (VS2010)

time: Wed Jul 11 18:53:07 2018
elapsed time: 21 seconds (0d 0h 0m 21s)

