#
# There is insufficient memory for the Java Runtime Environment to continue.
# Native memory allocation (malloc) failed to allocate 1473616 bytes for Chunk::new
# Possible reasons:
#   The system is out of physical RAM or swap space
#   In 32 bit mode, the process size limit was hit
# Possible solutions:
#   Reduce memory load on the system
#   Increase physical memory or swap space
#   Check if swap backing store is full
#   Use 64 bit Java on a 64 bit OS
#   Decrease Java heap size (-Xmx/-Xms)
#   Decrease number of Java threads
#   Decrease Java thread stack sizes (-Xss)
#   Set larger code cache with -XX:ReservedCodeCacheSize=
# This output file may be truncated or incomplete.
#
#  Out of Memory Error (allocation.cpp:390), pid=9432, tid=0x0000000000002d80
#
# JRE version: OpenJDK Runtime Environment (8.0_152-b02) (build 1.8.0_152-release-1024-b02)
# Java VM: OpenJDK 64-Bit Server VM (25.152-b02 mixed mode windows-amd64 compressed oops)
# Failed to write core dump. Minidumps are not enabled by default on client versions of Windows
#

---------------  T H R E A D  ---------------

Current thread (0x00000000162f2000):  JavaThread "C2 CompilerThread0" daemon [_thread_in_native, id=11648, stack(0x0000000017890000,0x0000000017990000)]

Stack: [0x0000000017890000,0x0000000017990000]
[error occurred during error reporting (printing stack bounds), id 0xc0000005]

Native frames: (J=compiled Java code, j=interpreted, Vv=VM code, C=native code)


Current CompileTask:
C2:  28718 7501       4       java.util.EnumSet::noneOf (63 bytes)


---------------  P R O C E S S  ---------------

Java Threads: ( => current thread )
  0x000000001d5b5000 JavaThread "Cache worker for Java compile cache (C:\Users\KITep03\Documents\temporilla\.gradle\4.4\javaCompile)" [_thread_blocked, id=12980, stack(0x0000000022f10000,0x0000000023010000)]
  0x000000001d5ad000 JavaThread "Task worker for ':' Thread 3" [_thread_blocked, id=13904, stack(0x0000000021bf0000,0x0000000021cf0000)]
  0x000000001d5ad800 JavaThread "Task worker for ':' Thread 2" [_thread_blocked, id=13116, stack(0x0000000021af0000,0x0000000021bf0000)]
  0x000000001d5b3800 JavaThread "Task worker for ':'" [_thread_in_native, id=1380, stack(0x00000000219f0000,0x0000000021af0000)]
  0x000000001d5b0800 JavaThread "Cache worker for Build Output Cleanup Cache (C:\Users\KITep03\Documents\temporilla\.gradle\buildOutputCleanup)" [_thread_blocked, id=14092, stack(0x00000000218f0000,0x00000000219f0000)]
  0x000000001d5ac000 JavaThread "Cache worker for task history cache (C:\Users\KITep03\Documents\temporilla\.gradle\4.4\taskHistory)" [_thread_blocked, id=3144, stack(0x00000000217f0000,0x00000000218f0000)]
  0x000000001d5b0000 JavaThread "Cache worker for file content cache (C:\Users\KITep03\Documents\temporilla\.gradle\4.4\fileContent)" [_thread_blocked, id=11376, stack(0x00000000216f0000,0x00000000217f0000)]
  0x000000001d5ae800 JavaThread "Memory manager" [_thread_blocked, id=5396, stack(0x00000000207f0000,0x00000000208f0000)]
  0x000000001d5b2000 JavaThread "pool-1-thread-1" [_thread_blocked, id=8016, stack(0x00000000206f0000,0x00000000207f0000)]
  0x000000001c45b800 JavaThread "build operations Thread 4" [_thread_blocked, id=14984, stack(0x000000001fd90000,0x000000001fe90000)]
  0x000000001c45c000 JavaThread "build operations Thread 3" [_thread_blocked, id=12080, stack(0x000000001fc90000,0x000000001fd90000)]
  0x000000001c45a800 JavaThread "build operations Thread 2" [_thread_blocked, id=6028, stack(0x000000001f8e0000,0x000000001f9e0000)]
  0x000000001c458800 JavaThread "build operations" [_thread_blocked, id=1284, stack(0x000000001f7e0000,0x000000001f8e0000)]
  0x000000001c45a000 JavaThread "Cache worker for Artifact transforms cache (C:\Users\KITep03\.gradle\caches\transforms-1)" [_thread_blocked, id=14392, stack(0x000000001d010000,0x000000001d110000)]
  0x000000001abc6800 JavaThread "Cache worker for file hash cache (C:\Users\KITep03\Documents\temporilla\.gradle\4.4\fileHashes)" [_thread_blocked, id=11816, stack(0x000000001bb40000,0x000000001bc40000)]
  0x00000000195da800 JavaThread "File lock request listener" [_thread_in_native, id=472, stack(0x000000001a940000,0x000000001aa40000)]
  0x00000000192bd000 JavaThread "Cache worker for file hash cache (C:\Users\KITep03\.gradle\caches\4.4\fileHashes)" [_thread_blocked, id=12584, stack(0x000000001a840000,0x000000001a940000)]
  0x0000000019231000 JavaThread "Stdin handler" [_thread_blocked, id=10460, stack(0x000000001a540000,0x000000001a640000)]
  0x0000000019230000 JavaThread "Asynchronous log dispatcher for DefaultDaemonConnection: socket connection from /127.0.0.1:52970 to /127.0.0.1:52971" [_thread_blocked, id=7892, stack(0x000000001a440000,0x000000001a540000)]
  0x000000001922d800 JavaThread "Daemon worker" [_thread_blocked, id=4040, stack(0x000000001a340000,0x000000001a440000)]
  0x0000000019239000 JavaThread "Cancel handler" [_thread_blocked, id=4308, stack(0x000000001a240000,0x000000001a340000)]
  0x000000001916a800 JavaThread "Handler for socket connection from /127.0.0.1:52970 to /127.0.0.1:52971" [_thread_in_native, id=7920, stack(0x0000000019f40000,0x000000001a040000)]
  0x0000000019165000 JavaThread "Daemon" [_thread_blocked, id=14584, stack(0x0000000019e40000,0x0000000019f40000)]
  0x000000001918b000 JavaThread "Daemon periodic checks" [_thread_blocked, id=15156, stack(0x0000000019d40000,0x0000000019e40000)]
  0x000000001903a800 JavaThread "Incoming local TCP Connector on port 52970" [_thread_in_native, id=2200, stack(0x0000000019b60000,0x0000000019c60000)]
  0x0000000017b11000 JavaThread "Service Thread" daemon [_thread_blocked, id=12888, stack(0x0000000017f90000,0x0000000018090000)]
  0x0000000017a93000 JavaThread "C1 CompilerThread2" daemon [_thread_in_native, id=15196, stack(0x0000000017e90000,0x0000000017f90000)]
  0x00000000162fa800 JavaThread "C2 CompilerThread1" daemon [_thread_in_native, id=5708, stack(0x0000000017990000,0x0000000017a90000)]
=>0x00000000162f2000 JavaThread "C2 CompilerThread0" daemon [_thread_in_native, id=11648, stack(0x0000000017890000,0x0000000017990000)]
  0x00000000162f1800 JavaThread "Attach Listener" daemon [_thread_blocked, id=6008, stack(0x0000000017790000,0x0000000017890000)]
  0x00000000162ac800 JavaThread "Signal Dispatcher" daemon [_thread_blocked, id=2564, stack(0x0000000017690000,0x0000000017790000)]
  0x00000000028ac800 JavaThread "Finalizer" daemon [_thread_blocked, id=11316, stack(0x0000000017500000,0x0000000017600000)]
  0x00000000028a1800 JavaThread "Reference Handler" daemon [_thread_blocked, id=6216, stack(0x0000000017400000,0x0000000017500000)]
  0x000000000292e800 JavaThread "main" [_thread_blocked, id=6764, stack(0x0000000002340000,0x0000000002440000)]

Other Threads:
  0x0000000016265000 VMThread [stack: 0x0000000017300000,0x0000000017400000] [id=6376]
  0x0000000017b11800 WatcherThread [stack: 0x0000000018090000,0x0000000018190000] [id=14724]

VM state:not at safepoint (normal execution)

VM Mutex/Monitor currently owned by a thread:  ([mutex/lock_event])
[0x000000000292c870] CodeCache_lock - owner thread: 0x0000000017a93000
[0x00000000027b04d0] Compile_lock - owner thread: 0x0000000017a93000
[0x00000000027b14d0] MethodCompileQueue_lock - owner thread: 0x0000000017a93000

Heap:
 PSYoungGen      total 120832K, used 41041K [0x00000000e0000000, 0x00000000ea300000, 0x0000000100000000)
  eden space 104448K, 39% used [0x00000000e0000000,0x00000000e2814628,0x00000000e6600000)
  from space 16384K, 0% used [0x00000000e6600000,0x00000000e6600000,0x00000000e7600000)
  to   space 18944K, 0% used [0x00000000e9080000,0x00000000e9080000,0x00000000ea300000)
 ParOldGen       total 143872K, used 31570K [0x00000000a0000000, 0x00000000a8c80000, 0x00000000e0000000)
  object space 143872K, 21% used [0x00000000a0000000,0x00000000a1ed4948,0x00000000a8c80000)
 Metaspace       used 58743K, capacity 60410K, committed 60672K, reserved 1101824K
  class space    used 7936K, capacity 8372K, committed 8448K, reserved 1048576K

Card table byte_map: [0x0000000011cf0000,0x0000000012000000] byte_map_base: 0x00000000117f0000

Marking Bits: (ParMarkBitMap*) 0x0000000065ce4970
 Begin Bits: [0x0000000012600000, 0x0000000013e00000)
 End Bits:   [0x0000000013e00000, 0x0000000015600000)

Polling page: 0x0000000002440000

CodeCache: size=245760Kb used=22276Kb max_used=22276Kb free=223483Kb
 bounds [0x0000000002930000, 0x0000000003f10000, 0x0000000011930000]
 total_blobs=7456 nmethods=6670 adapters=698
 compilation: enabled

Compilation events (10 events):
Event: 28.574 Thread 0x0000000017a93000 7552       3       com.sun.tools.javac.tree.TreeScanner::visitMethodDef (65 bytes)
Event: 28.575 Thread 0x0000000017a93000 nmethod 7552 0x0000000003eee8d0 code [0x0000000003eeeb40, 0x0000000003eefeb8]
Event: 28.575 Thread 0x0000000017a93000 7553       3       com.sun.tools.javac.code.Type$ArrayType::map (32 bytes)
Event: 28.575 Thread 0x0000000017a93000 nmethod 7553 0x0000000003ef0410 code [0x0000000003ef05a0, 0x0000000003ef0a28]
Event: 28.575 Thread 0x0000000017a93000 7555       3       com.sun.tools.javac.comp.Lower::needsPrivateAccess (66 bytes)
Event: 28.576 Thread 0x0000000017a93000 nmethod 7555 0x0000000003ef0c50 code [0x0000000003ef0de0, 0x0000000003ef1218]
Event: 28.639 Thread 0x0000000017a93000 7556       3       com.sun.tools.javac.jvm.ClassWriter::writeFields (68 bytes)
Event: 28.650 Thread 0x0000000017a93000 nmethod 7556 0x0000000003ef1350 code [0x0000000003ef1520, 0x0000000003ef1e88]
Event: 28.650 Thread 0x0000000017a93000 7557       3       com.sun.tools.javac.jvm.ClassWriter::writeMethods (85 bytes)
Event: 28.651 Thread 0x0000000017a93000 nmethod 7557 0x0000000003ef2290 code [0x0000000003ef2480, 0x0000000003ef2f38]

GC Heap History (10 events):
Event: 13.505 GC heap before
{Heap before GC invocations=12 (full 2):
 PSYoungGen      total 78848K, used 68096K [0x00000000e0000000, 0x00000000e6c80000, 0x0000000100000000)
  eden space 68096K, 100% used [0x00000000e0000000,0x00000000e4280000,0x00000000e4280000)
  from space 10752K, 0% used [0x00000000e4280000,0x00000000e4280000,0x00000000e4d00000)
  to   space 11264K, 0% used [0x00000000e6180000,0x00000000e6180000,0x00000000e6c80000)
 ParOldGen       total 96256K, used 15164K [0x00000000a0000000, 0x00000000a5e00000, 0x00000000e0000000)
  object space 96256K, 15% used [0x00000000a0000000,0x00000000a0ecf130,0x00000000a5e00000)
 Metaspace       used 38226K, capacity 38934K, committed 39040K, reserved 1083392K
  class space    used 5225K, capacity 5469K, committed 5504K, reserved 1048576K
Event: 13.517 GC heap after
Heap after GC invocations=12 (full 2):
 PSYoungGen      total 93696K, used 6677K [0x00000000e0000000, 0x00000000e6900000, 0x0000000100000000)
  eden space 86016K, 0% used [0x00000000e0000000,0x00000000e0000000,0x00000000e5400000)
  from space 7680K, 86% used [0x00000000e6180000,0x00000000e6805590,0x00000000e6900000)
  to   space 10752K, 0% used [0x00000000e5400000,0x00000000e5400000,0x00000000e5e80000)
 ParOldGen       total 96256K, used 15172K [0x00000000a0000000, 0x00000000a5e00000, 0x00000000e0000000)
  object space 96256K, 15% used [0x00000000a0000000,0x00000000a0ed1130,0x00000000a5e00000)
 Metaspace       used 38226K, capacity 38934K, committed 39040K, reserved 1083392K
  class space    used 5225K, capacity 5469K, committed 5504K, reserved 1048576K
}
Event: 15.814 GC heap before
{Heap before GC invocations=13 (full 2):
 PSYoungGen      total 93696K, used 92693K [0x00000000e0000000, 0x00000000e6900000, 0x0000000100000000)
  eden space 86016K, 100% used [0x00000000e0000000,0x00000000e5400000,0x00000000e5400000)
  from space 7680K, 86% used [0x00000000e6180000,0x00000000e6805590,0x00000000e6900000)
  to   space 10752K, 0% used [0x00000000e5400000,0x00000000e5400000,0x00000000e5e80000)
 ParOldGen       total 96256K, used 15172K [0x00000000a0000000, 0x00000000a5e00000, 0x00000000e0000000)
  object space 96256K, 15% used [0x00000000a0000000,0x00000000a0ed1130,0x00000000a5e00000)
 Metaspace       used 46251K, capacity 47306K, committed 47360K, reserved 1089536K
  class space    used 6290K, capacity 6614K, committed 6656K, reserved 1048576K
Event: 15.838 GC heap after
Heap after GC invocations=13 (full 2):
 PSYoungGen      total 96768K, used 10751K [0x00000000e0000000, 0x00000000e8300000, 0x0000000100000000)
  eden space 86016K, 0% used [0x00000000e0000000,0x00000000e0000000,0x00000000e5400000)
  from space 10752K, 99% used [0x00000000e5400000,0x00000000e5e7ffd8,0x00000000e5e80000)
  to   space 13312K, 0% used [0x00000000e7600000,0x00000000e7600000,0x00000000e8300000)
 ParOldGen       total 96256K, used 18258K [0x00000000a0000000, 0x00000000a5e00000, 0x00000000e0000000)
  object space 96256K, 18% used [0x00000000a0000000,0x00000000a11d4a30,0x00000000a5e00000)
 Metaspace       used 46251K, capacity 47306K, committed 47360K, reserved 1089536K
  class space    used 6290K, capacity 6614K, committed 6656K, reserved 1048576K
}
Event: 20.441 GC heap before
{Heap before GC invocations=14 (full 2):
 PSYoungGen      total 96768K, used 96767K [0x00000000e0000000, 0x00000000e8300000, 0x0000000100000000)
  eden space 86016K, 100% used [0x00000000e0000000,0x00000000e5400000,0x00000000e5400000)
  from space 10752K, 99% used [0x00000000e5400000,0x00000000e5e7ffd8,0x00000000e5e80000)
  to   space 13312K, 0% used [0x00000000e7600000,0x00000000e7600000,0x00000000e8300000)
 ParOldGen       total 96256K, used 18258K [0x00000000a0000000, 0x00000000a5e00000, 0x00000000e0000000)
  object space 96256K, 18% used [0x00000000a0000000,0x00000000a11d4a30,0x00000000a5e00000)
 Metaspace       used 52539K, capacity 54200K, committed 54272K, reserved 1095680K
  class space    used 7233K, capacity 7649K, committed 7680K, reserved 1048576K
Event: 20.485 GC heap after
Heap after GC invocations=14 (full 2):
 PSYoungGen      total 117760K, used 13310K [0x00000000e0000000, 0x00000000e8880000, 0x0000000100000000)
  eden space 104448K, 0% used [0x00000000e0000000,0x00000000e0000000,0x00000000e6600000)
  from space 13312K, 99% used [0x00000000e7600000,0x00000000e82ffbe8,0x00000000e8300000)
  to   space 16384K, 0% used [0x00000000e6600000,0x00000000e6600000,0x00000000e7600000)
 ParOldGen       total 96256K, used 22697K [0x00000000a0000000, 0x00000000a5e00000, 0x00000000e0000000)
  object space 96256K, 23% used [0x00000000a0000000,0x00000000a162a720,0x00000000a5e00000)
 Metaspace       used 52539K, capacity 54200K, committed 54272K, reserved 1095680K
  class space    used 7233K, capacity 7649K, committed 7680K, reserved 1048576K
}
Event: 24.225 GC heap before
{Heap before GC invocations=15 (full 2):
 PSYoungGen      total 117760K, used 74160K [0x00000000e0000000, 0x00000000e8880000, 0x0000000100000000)
  eden space 104448K, 58% used [0x00000000e0000000,0x00000000e3b6c488,0x00000000e6600000)
  from space 13312K, 99% used [0x00000000e7600000,0x00000000e82ffbe8,0x00000000e8300000)
  to   space 16384K, 0% used [0x00000000e6600000,0x00000000e6600000,0x00000000e7600000)
 ParOldGen       total 96256K, used 22697K [0x00000000a0000000, 0x00000000a5e00000, 0x00000000e0000000)
  object space 96256K, 23% used [0x00000000a0000000,0x00000000a162a720,0x00000000a5e00000)
 Metaspace       used 57282K, capacity 58874K, committed 59008K, reserved 1099776K
  class space    used 7838K, capacity 8244K, committed 8320K, reserved 1048576K
Event: 24.263 GC heap after
Heap after GC invocations=15 (full 2):
 PSYoungGen      total 120832K, used 16362K [0x00000000e0000000, 0x00000000ea300000, 0x0000000100000000)
  eden space 104448K, 0% used [0x00000000e0000000,0x00000000e0000000,0x00000000e6600000)
  from space 16384K, 99% used [0x00000000e6600000,0x00000000e75fa8c8,0x00000000e7600000)
  to   space 18944K, 0% used [0x00000000e9080000,0x00000000e9080000,0x00000000ea300000)
 ParOldGen       total 96256K, used 24534K [0x00000000a0000000, 0x00000000a5e00000, 0x00000000e0000000)
  object space 96256K, 25% used [0x00000000a0000000,0x00000000a17f5810,0x00000000a5e00000)
 Metaspace       used 57282K, capacity 58874K, committed 59008K, reserved 1099776K
  class space    used 7838K, capacity 8244K, committed 8320K, reserved 1048576K
}
Event: 24.263 GC heap before
{Heap before GC invocations=16 (full 3):
 PSYoungGen      total 120832K, used 16362K [0x00000000e0000000, 0x00000000ea300000, 0x0000000100000000)
  eden space 104448K, 0% used [0x00000000e0000000,0x00000000e0000000,0x00000000e6600000)
  from space 16384K, 99% used [0x00000000e6600000,0x00000000e75fa8c8,0x00000000e7600000)
  to   space 18944K, 0% used [0x00000000e9080000,0x00000000e9080000,0x00000000ea300000)
 ParOldGen       total 96256K, used 24534K [0x00000000a0000000, 0x00000000a5e00000, 0x00000000e0000000)
  object space 96256K, 25% used [0x00000000a0000000,0x00000000a17f5810,0x00000000a5e00000)
 Metaspace       used 57282K, capacity 58874K, committed 59008K, reserved 1099776K
  class space    used 7838K, capacity 8244K, committed 8320K, reserved 1048576K
Event: 24.581 GC heap after
Heap after GC invocations=16 (full 3):
 PSYoungGen      total 120832K, used 0K [0x00000000e0000000, 0x00000000ea300000, 0x0000000100000000)
  eden space 104448K, 0% used [0x00000000e0000000,0x00000000e0000000,0x00000000e6600000)
  from space 16384K, 0% used [0x00000000e6600000,0x00000000e6600000,0x00000000e7600000)
  to   space 18944K, 0% used [0x00000000e9080000,0x00000000e9080000,0x00000000ea300000)
 ParOldGen       total 143872K, used 31570K [0x00000000a0000000, 0x00000000a8c80000, 0x00000000e0000000)
  object space 143872K, 21% used [0x00000000a0000000,0x00000000a1ed4948,0x00000000a8c80000)
 Metaspace       used 57282K, capacity 58874K, committed 59008K, reserved 1099776K
  class space    used 7838K, capacity 8244K, committed 8320K, reserved 1048576K
}

Deoptimization events (10 events):
Event: 25.130 Thread 0x000000001d5b3800 Uncommon trap: reason=class_check action=maybe_recompile pc=0x0000000003de2248 method=com.sun.tools.javac.code.Types$18.visitClassType(Lcom/sun/tools/javac/code/Type$ClassType;Ljava/lang/Void;)Lcom/sun/tools/javac/code/Type; @ 19
Event: 25.130 Thread 0x000000001d5b3800 Uncommon trap: reason=class_check action=maybe_recompile pc=0x0000000003de2248 method=com.sun.tools.javac.code.Types$18.visitClassType(Lcom/sun/tools/javac/code/Type$ClassType;Ljava/lang/Void;)Lcom/sun/tools/javac/code/Type; @ 19
Event: 25.130 Thread 0x000000001d5b3800 Uncommon trap: reason=class_check action=maybe_recompile pc=0x0000000003de3be4 method=com.sun.tools.javac.code.Types$18.visitClassType(Lcom/sun/tools/javac/code/Type$ClassType;Ljava/lang/Void;)Lcom/sun/tools/javac/code/Type; @ 19
Event: 25.268 Thread 0x000000001d5b3800 Uncommon trap: reason=unstable_if action=reinterpret pc=0x0000000003decb7c method=com.sun.tools.javac.code.Scope.lookup(Lcom/sun/tools/javac/util/Name;Lcom/sun/tools/javac/util/Filter;)Lcom/sun/tools/javac/code/Scope$Entry; @ 19
Event: 25.269 Thread 0x000000001d5b3800 Uncommon trap: reason=unstable_if action=reinterpret pc=0x0000000003dbc028 method=com.sun.tools.javac.code.Scope.lookup(Lcom/sun/tools/javac/util/Name;Lcom/sun/tools/javac/util/Filter;)Lcom/sun/tools/javac/code/Scope$Entry; @ 19
Event: 25.306 Thread 0x000000001d5b3800 Uncommon trap: reason=unstable_if action=reinterpret pc=0x0000000002f4a170 method=com.sun.tools.javac.code.Type.map(Lcom/sun/tools/javac/util/List;Lcom/sun/tools/javac/code/Type$Mapping;)Lcom/sun/tools/javac/util/List; @ 33
Event: 25.315 Thread 0x000000001d5b3800 Uncommon trap: reason=class_check action=maybe_recompile pc=0x0000000003711b98 method=com.sun.tools.javac.comp.Check.checkType(Lcom/sun/tools/javac/util/JCDiagnostic$DiagnosticPosition;Lcom/sun/tools/javac/code/Type;Lcom/sun/tools/javac/code/Type;Lcom/sun
Event: 25.315 Thread 0x000000001d5b3800 Uncommon trap: reason=class_check action=maybe_recompile pc=0x0000000003711b98 method=com.sun.tools.javac.comp.Check.checkType(Lcom/sun/tools/javac/util/JCDiagnostic$DiagnosticPosition;Lcom/sun/tools/javac/code/Type;Lcom/sun/tools/javac/code/Type;Lcom/sun
Event: 25.380 Thread 0x000000001d5b3800 Uncommon trap: reason=unstable_if action=reinterpret pc=0x0000000003d4b23c method=com.sun.tools.javac.util.Convert.chars2utf([CI[BII)I @ 35
Event: 25.436 Thread 0x000000001d5b3800 Uncommon trap: reason=unstable_if action=reinterpret pc=0x00000000032b5350 method=com.sun.tools.javac.util.Convert.chars2utf([CI[BII)I @ 35

Classes redefined (0 events):
No events

Internal exceptions (10 events):
Event: 19.743 Thread 0x000000001922d800 Exception <a 'java/lang/ClassNotFoundException': org/gradle/model/internal/core/NodeBackedModelMapCustomizer> (0x00000000e46d7260) thrown at [D:\src\AOSP-openjdk-cygwin\jdk8u\hotspot\src\share\vm\classfile\systemDictionary.cpp, line 210]
Event: 19.747 Thread 0x000000001922d800 Exception <a 'java/lang/ClassNotFoundException': org/gradle/platform/base/BinaryContainer_ImplCustomizer> (0x00000000e473a4c8) thrown at [D:\src\AOSP-openjdk-cygwin\jdk8u\hotspot\src\share\vm\classfile\systemDictionary.cpp, line 210]
Event: 20.274 Thread 0x000000001922d800 Exception <a 'java/lang/NoSuchMethodError': <clinit>> (0x00000000e50162b8) thrown at [D:\src\AOSP-openjdk-cygwin\jdk8u\hotspot\src\share\vm\prims\jni.cpp, line 1613]
Event: 20.277 Thread 0x000000001922d800 Exception <a 'java/lang/NoSuchMethodError': <clinit>> (0x00000000e5024e68) thrown at [D:\src\AOSP-openjdk-cygwin\jdk8u\hotspot\src\share\vm\prims\jni.cpp, line 1613]
Event: 20.329 Thread 0x000000001922d800 Exception <a 'java/lang/NoSuchMethodError': <clinit>> (0x00000000e5247e80) thrown at [D:\src\AOSP-openjdk-cygwin\jdk8u\hotspot\src\share\vm\prims\jni.cpp, line 1613]
Event: 20.332 Thread 0x000000001922d800 Exception <a 'java/lang/NoSuchMethodError': <clinit>> (0x00000000e5263b80) thrown at [D:\src\AOSP-openjdk-cygwin\jdk8u\hotspot\src\share\vm\prims\jni.cpp, line 1613]
Event: 20.332 Thread 0x000000001922d800 Exception <a 'java/lang/NoSuchMethodError': <clinit>> (0x00000000e52659e8) thrown at [D:\src\AOSP-openjdk-cygwin\jdk8u\hotspot\src\share\vm\prims\jni.cpp, line 1613]
Event: 20.420 Thread 0x000000001922d800 Implicit null exception at 0x0000000002f10922 to 0x0000000002f10e61
Event: 21.546 Thread 0x000000001d5b3800 Exception <a 'java/lang/NoSuchMethodError': <clinit>> (0x00000000e169b338) thrown at [D:\src\AOSP-openjdk-cygwin\jdk8u\hotspot\src\share\vm\prims\jni.cpp, line 1613]
Event: 21.549 Thread 0x000000001d5b3800 Exception <a 'java/lang/NoSuchMethodError': <clinit>> (0x00000000e16a4dc8) thrown at [D:\src\AOSP-openjdk-cygwin\jdk8u\hotspot\src\share\vm\prims\jni.cpp, line 1613]

Events (10 events):
Event: 25.380 Thread 0x000000001d5b3800 DEOPT UNPACKING pc=0x000000000297557b sp=0x0000000021aec708 mode 2
Event: 25.436 Thread 0x000000001d5b3800 Uncommon trap: trap_request=0xffffff65 fr.pc=0x00000000032b5350
Event: 25.436 Thread 0x000000001d5b3800 DEOPT PACKING pc=0x00000000032b5350 sp=0x0000000021aec760
Event: 25.436 Thread 0x000000001d5b3800 DEOPT UNPACKING pc=0x000000000297557b sp=0x0000000021aec6f0 mode 2
Event: 26.317 Thread 0x0000000017a93000 flushing nmethod 0x0000000002ccb950
Event: 26.317 Thread 0x0000000017a93000 flushing nmethod 0x0000000002cecbd0
Event: 26.317 Thread 0x0000000017a93000 flushing nmethod 0x0000000002ced090
Event: 26.319 Thread 0x0000000017a93000 flushing nmethod 0x0000000002db17d0
Event: 26.331 Thread 0x0000000017a93000 flushing nmethod 0x000000000336d290
Event: 26.356 Thread 0x0000000017a93000 flushing nmethod 0x0000000003afab90


Dynamic libraries:
0x00007ff7a2580000 - 0x00007ff7a25b1000 	C:\Program Files\Android\Android Studio\jre\bin\java.exe
0x00007ffc86740000 - 0x00007ffc86921000 	C:\WINDOWS\SYSTEM32\ntdll.dll
0x00007ffc85990000 - 0x00007ffc85a42000 	C:\WINDOWS\System32\KERNEL32.DLL
0x00007ffc83650000 - 0x00007ffc838c3000 	C:\WINDOWS\System32\KERNELBASE.dll
0x00007ffc85640000 - 0x00007ffc856e1000 	C:\WINDOWS\System32\ADVAPI32.dll
0x00007ffc86670000 - 0x00007ffc8670e000 	C:\WINDOWS\System32\msvcrt.dll
0x00007ffc85930000 - 0x00007ffc8598b000 	C:\WINDOWS\System32\sechost.dll
0x00007ffc861b0000 - 0x00007ffc862d4000 	C:\WINDOWS\System32\RPCRT4.dll
0x00007ffc84030000 - 0x00007ffc841c0000 	C:\WINDOWS\System32\USER32.dll
0x00007ffc82ea0000 - 0x00007ffc82ec0000 	C:\WINDOWS\System32\win32u.dll
0x00007ffc85da0000 - 0x00007ffc85dc8000 	C:\WINDOWS\System32\GDI32.dll
0x00007ffc838d0000 - 0x00007ffc83a62000 	C:\WINDOWS\System32\gdi32full.dll
0x00007ffc82e00000 - 0x00007ffc82e9f000 	C:\WINDOWS\System32\msvcp_win.dll
0x00007ffc83ad0000 - 0x00007ffc83bca000 	C:\WINDOWS\System32\ucrtbase.dll
0x00007ffc6d7d0000 - 0x00007ffc6da39000 	C:\WINDOWS\WinSxS\amd64_microsoft.windows.common-controls_6595b64144ccf1df_6.0.17134.112_none_fb3f961b30681c12\COMCTL32.dll
0x00007ffc862e0000 - 0x00007ffc86603000 	C:\WINDOWS\System32\combase.dll
0x00007ffc82ec0000 - 0x00007ffc82f3a000 	C:\WINDOWS\System32\bcryptPrimitives.dll
0x00007ffc85d70000 - 0x00007ffc85d9d000 	C:\WINDOWS\System32\IMM32.DLL
0x0000000065330000 - 0x0000000065402000 	C:\Program Files\Android\Android Studio\jre\jre\bin\msvcr100.dll
0x0000000065520000 - 0x0000000065d5f000 	C:\Program Files\Android\Android Studio\jre\jre\bin\server\jvm.dll
0x00007ffc83bd0000 - 0x00007ffc83bd8000 	C:\WINDOWS\System32\PSAPI.DLL
0x00007ffc81650000 - 0x00007ffc81659000 	C:\WINDOWS\SYSTEM32\WSOCK32.dll
0x00007ffc804b0000 - 0x00007ffc804d3000 	C:\WINDOWS\SYSTEM32\WINMM.dll
0x00007ffc76cf0000 - 0x00007ffc76cfa000 	C:\WINDOWS\SYSTEM32\VERSION.dll
0x00007ffc857a0000 - 0x00007ffc8580c000 	C:\WINDOWS\System32\WS2_32.dll
0x00007ffc80480000 - 0x00007ffc804aa000 	C:\WINDOWS\SYSTEM32\winmmbase.dll
0x00007ffc82db0000 - 0x00007ffc82df9000 	C:\WINDOWS\System32\cfgmgr32.dll
0x00007ffc77630000 - 0x00007ffc7763f000 	C:\Program Files\Android\Android Studio\jre\jre\bin\verify.dll
0x00007ffc5f110000 - 0x00007ffc5f139000 	C:\Program Files\Android\Android Studio\jre\jre\bin\java.dll
0x00007ffc61d20000 - 0x00007ffc61d36000 	C:\Program Files\Android\Android Studio\jre\jre\bin\zip.dll
0x00007ffc841f0000 - 0x00007ffc85630000 	C:\WINDOWS\System32\SHELL32.dll
0x00007ffc856f0000 - 0x00007ffc85799000 	C:\WINDOWS\System32\shcore.dll
0x00007ffc82f40000 - 0x00007ffc8364d000 	C:\WINDOWS\System32\windows.storage.dll
0x00007ffc86150000 - 0x00007ffc861a1000 	C:\WINDOWS\System32\shlwapi.dll
0x00007ffc82af0000 - 0x00007ffc82b01000 	C:\WINDOWS\System32\kernel.appcore.dll
0x00007ffc82ad0000 - 0x00007ffc82aef000 	C:\WINDOWS\System32\profapi.dll
0x00007ffc82a60000 - 0x00007ffc82aac000 	C:\WINDOWS\System32\powrprof.dll
0x00007ffc82a50000 - 0x00007ffc82a5a000 	C:\WINDOWS\System32\FLTLIB.DLL
0x00007ffc5f050000 - 0x00007ffc5f06a000 	C:\Program Files\Android\Android Studio\jre\jre\bin\net.dll
0x00007ffc82270000 - 0x00007ffc822d6000 	C:\WINDOWS\system32\mswsock.dll
0x00007ffc5ed00000 - 0x00007ffc5ed11000 	C:\Program Files\Android\Android Studio\jre\jre\bin\nio.dll
0x00007ffc76270000 - 0x00007ffc7628e000 	C:\Users\KITep03\.gradle\native\25\windows-amd64\native-platform.dll
0x00007ffc69400000 - 0x00007ffc6940d000 	C:\Program Files\Android\Android Studio\jre\jre\bin\management.dll
0x00007ffc82420000 - 0x00007ffc82437000 	C:\WINDOWS\SYSTEM32\CRYPTSP.dll
0x00007ffc81e50000 - 0x00007ffc81e83000 	C:\WINDOWS\system32\rsaenh.dll
0x00007ffc82550000 - 0x00007ffc82575000 	C:\WINDOWS\SYSTEM32\bcrypt.dll
0x00007ffc82980000 - 0x00007ffc829a8000 	C:\WINDOWS\SYSTEM32\USERENV.dll
0x00007ffc82440000 - 0x00007ffc8244b000 	C:\WINDOWS\SYSTEM32\CRYPTBASE.dll
0x00007ffc81ff0000 - 0x00007ffc82028000 	C:\WINDOWS\SYSTEM32\IPHLPAPI.DLL
0x00007ffc85630000 - 0x00007ffc85638000 	C:\WINDOWS\System32\NSI.dll
0x00007ffc77180000 - 0x00007ffc77196000 	C:\WINDOWS\SYSTEM32\dhcpcsvc6.DLL
0x00007ffc76fd0000 - 0x00007ffc76fea000 	C:\WINDOWS\SYSTEM32\dhcpcsvc.DLL
0x00007ffc82030000 - 0x00007ffc820ee000 	C:\WINDOWS\SYSTEM32\DNSAPI.dll
0x00007ffc6f7f0000 - 0x00007ffc6f7fa000 	C:\Windows\System32\rasadhlp.dll

VM Arguments:
jvm_args: -Xmx1536m -Dfile.encoding=windows-31j -Duser.country=JP -Duser.language=ja -Duser.variant 
java_command: org.gradle.launcher.daemon.bootstrap.GradleDaemon 4.4
java_class_path (initial): C:\Users\KITep03\.gradle\wrapper\dists\gradle-4.4-all\9br9xq1tocpiv8o6njlyu5op1\gradle-4.4\lib\gradle-launcher-4.4.jar
Launcher Type: SUN_STANDARD

Environment Variables:
PATH=C:\Program Files (x86)\Intel\iCLS Client\;C:\ProgramData\Oracle\Java\javapath;C:\Java\jdk1.8.0_151\bin;C:\Program Files\Intel\iCLS Client\;C:\WINDOWS\system32;C:\WINDOWS;C:\WINDOWS\System32\Wbem;C:\WINDOWS\System32\WindowsPowerShell\v1.0\;C:\Program Files\Intel\WiFi\bin\;C:\Program Files\Common Files\Intel\WirelessCommon\;C:\MinGW\bin;C:\Program Files (x86)\GtkSharp\2.12\bin;C:\Program Files\Microsoft SQL Server\110\Tools\Binn\;C:\Program Files (x86)\Microsoft SDKs\TypeScript\1.0\;C:\Program Files\Microsoft SQL Server\120\Tools\Binn\;C:\Program Files (x86)\Skype\Phone\;C:\cygwin\bin;C:\Program Files (x86)\Intel\Intel(R) Management Engine Components\DAL;C:\Program Files\Intel\Intel(R) Management Engine Components\DAL;C:\Program Files (x86)\Intel\Intel(R) Management Engine Components\IPT;C:\Program Files\Intel\Intel(R) Management Engine Components\IPT;C:\WINDOWS\System32\OpenSSH\;C:\Users\KITep03\AppData\Local\Microsoft\WindowsApps;
USERNAME=KITep03
OS=Windows_NT
PROCESSOR_IDENTIFIER=Intel64 Family 6 Model 78 Stepping 3, GenuineIntel



---------------  S Y S T E M  ---------------

OS: Windows 10.0 , 64 bit Build 17134 (10.0.17134.1)

CPU:total 4 (initial active 4) (2 cores per cpu, 2 threads per core) family 6 model 78 stepping 3, cmov, cx8, fxsr, mmx, sse, sse2, sse3, ssse3, sse4.1, sse4.2, popcnt, avx, avx2, aes, clmul, erms, 3dnowpref, lzcnt, ht, tsc, tscinvbit, bmi1, bmi2, adx

Memory: 4k page, physical 8246288k(822336k free), swap 11337516k(5284k free)

vm_info: OpenJDK 64-Bit Server VM (25.152-b02) for windows-amd64 JRE (1.8.0_152-release-1024-b02), built by "builder" with MS VC++ 10.0 (VS2010)

time: Wed Jul 11 18:48:32 2018
elapsed time: 28 seconds (0d 0h 0m 28s)

