#
# There is insufficient memory for the Java Runtime Environment to continue.
# Native memory allocation (malloc) failed to allocate 32744 bytes for ChunkPool::allocate
# Possible reasons:
#   The system is out of physical RAM or swap space
#   In 32 bit mode, the process size limit was hit
# Possible solutions:
#   Reduce memory load on the system
#   Increase physical memory or swap space
#   Check if swap backing store is full
#   Use 64 bit Java on a 64 bit OS
#   Decrease Java heap size (-Xmx/-Xms)
#   Decrease number of Java threads
#   Decrease Java thread stack sizes (-Xss)
#   Set larger code cache with -XX:ReservedCodeCacheSize=
# This output file may be truncated or incomplete.
#
#  Out of Memory Error (allocation.cpp:273), pid=3840, tid=0x00000000000039c8
#
# JRE version: OpenJDK Runtime Environment (8.0_152-b02) (build 1.8.0_152-release-1024-b02)
# Java VM: OpenJDK 64-Bit Server VM (25.152-b02 mixed mode windows-amd64 compressed oops)
# Failed to write core dump. Minidumps are not enabled by default on client versions of Windows
#

---------------  T H R E A D  ---------------

Current thread (0x00000000172a3800):  JavaThread "C2 CompilerThread0" daemon [_thread_in_native, id=14792, stack(0x00000000187c0000,0x00000000188c0000)]

Stack: [0x00000000187c0000,0x00000000188c0000]
[error occurred during error reporting (printing stack bounds), id 0xc0000005]

Native frames: (J=compiled Java code, j=interpreted, Vv=VM code, C=native code)


Current CompileTask:
C2:  23099 6263   !   4       com.sun.org.apache.xerces.internal.impl.XMLDocumentFragmentScannerImpl$FragmentContentDriver::next (2346 bytes)


---------------  P R O C E S S  ---------------

Java Threads: ( => current thread )
  0x000000001ba1d000 JavaThread "Task worker for ':' Thread 3" [_thread_blocked, id=7032, stack(0x0000000022880000,0x0000000022980000)]
  0x000000001ba21800 JavaThread "Task worker for ':' Thread 2" [_thread_blocked, id=13200, stack(0x0000000022780000,0x0000000022880000)]
  0x000000001ba1e800 JavaThread "Task worker for ':'" [_thread_blocked, id=1384, stack(0x0000000022680000,0x0000000022780000)]
  0x000000001ba20800 JavaThread "Cache worker for Build Output Cleanup Cache (C:\Users\KITep03\Documents\temporilla\.gradle\buildOutputCleanup)" [_thread_blocked, id=1436, stack(0x0000000022580000,0x0000000022680000)]
  0x000000001ba20000 JavaThread "Cache worker for task history cache (C:\Users\KITep03\Documents\temporilla\.gradle\4.4\taskHistory)" [_thread_blocked, id=13576, stack(0x0000000022220000,0x0000000022320000)]
  0x000000001ba1d800 JavaThread "Cache worker for file content cache (C:\Users\KITep03\Documents\temporilla\.gradle\4.4\fileContent)" [_thread_blocked, id=4612, stack(0x0000000021d00000,0x0000000021e00000)]
  0x000000001bb3b000 JavaThread "Memory manager" [_thread_blocked, id=13368, stack(0x0000000021400000,0x0000000021500000)]
  0x000000001bb3a000 JavaThread "pool-1-thread-1" [_thread_blocked, id=3336, stack(0x0000000020f00000,0x0000000021000000)]
  0x000000001bb38800 JavaThread "build operations Thread 4" [_thread_blocked, id=3936, stack(0x0000000020c00000,0x0000000020d00000)]
  0x000000001bb3f800 JavaThread "build operations Thread 3" [_thread_blocked, id=10268, stack(0x0000000020b00000,0x0000000020c00000)]
  0x000000001bb3d000 JavaThread "build operations Thread 2" [_thread_blocked, id=9664, stack(0x0000000020a00000,0x0000000020b00000)]
  0x000000001bb39800 JavaThread "build operations" [_thread_blocked, id=10368, stack(0x000000001f270000,0x000000001f370000)]
  0x000000001bb3e800 JavaThread "Cache worker for Artifact transforms cache (C:\Users\KITep03\.gradle\caches\transforms-1)" [_thread_blocked, id=4664, stack(0x000000001db30000,0x000000001dc30000)]
  0x000000001b944800 JavaThread "Cache worker for file hash cache (C:\Users\KITep03\Documents\temporilla\.gradle\4.4\fileHashes)" [_thread_blocked, id=10604, stack(0x000000001c860000,0x000000001c960000)]
  0x000000001a1d5000 JavaThread "File lock request listener" [_thread_in_native, id=8836, stack(0x000000001b790000,0x000000001b890000)]
  0x000000001a1f1800 JavaThread "Cache worker for file hash cache (C:\Users\KITep03\.gradle\caches\4.4\fileHashes)" [_thread_blocked, id=4720, stack(0x000000001b690000,0x000000001b790000)]
  0x000000001a106800 JavaThread "Stdin handler" [_thread_blocked, id=2120, stack(0x000000001b390000,0x000000001b490000)]
  0x000000001a105800 JavaThread "Asynchronous log dispatcher for DefaultDaemonConnection: socket connection from /127.0.0.1:51009 to /127.0.0.1:51010" [_thread_blocked, id=2924, stack(0x000000001b290000,0x000000001b390000)]
  0x000000001a112000 JavaThread "Daemon worker" [_thread_in_vm, id=7204, stack(0x000000001b190000,0x000000001b290000)]
  0x000000001a0f3800 JavaThread "Cancel handler" [_thread_blocked, id=14668, stack(0x000000001b090000,0x000000001b190000)]
  0x000000001a0d3000 JavaThread "Handler for socket connection from /127.0.0.1:51009 to /127.0.0.1:51010" [_thread_in_native, id=14340, stack(0x000000001ad90000,0x000000001ae90000)]
  0x000000001a0d2000 JavaThread "Daemon" [_thread_blocked, id=4000, stack(0x000000001ac90000,0x000000001ad90000)]
  0x000000001a0c7000 JavaThread "Daemon periodic checks" [_thread_blocked, id=2100, stack(0x000000001ab90000,0x000000001ac90000)]
  0x0000000019fbd000 JavaThread "Incoming local TCP Connector on port 51009" [_thread_in_native, id=10664, stack(0x000000001aa90000,0x000000001ab90000)]
  0x0000000018a2a800 JavaThread "Service Thread" daemon [_thread_blocked, id=5516, stack(0x0000000018ec0000,0x0000000018fc0000)]
  0x00000000189c1000 JavaThread "C1 CompilerThread2" daemon [_thread_blocked, id=7564, stack(0x0000000018dc0000,0x0000000018ec0000)]
  0x00000000172a7000 JavaThread "C2 CompilerThread1" daemon [_thread_in_native, id=9888, stack(0x00000000188c0000,0x00000000189c0000)]
=>0x00000000172a3800 JavaThread "C2 CompilerThread0" daemon [_thread_in_native, id=14792, stack(0x00000000187c0000,0x00000000188c0000)]
  0x0000000017260800 JavaThread "Attach Listener" daemon [_thread_blocked, id=9296, stack(0x00000000186c0000,0x00000000187c0000)]
  0x0000000017260000 JavaThread "Signal Dispatcher" daemon [_thread_blocked, id=10056, stack(0x00000000185c0000,0x00000000186c0000)]
  0x00000000038dc800 JavaThread "Finalizer" daemon [_thread_blocked, id=10252, stack(0x00000000184c0000,0x00000000185c0000)]
  0x00000000038d1800 JavaThread "Reference Handler" daemon [_thread_blocked, id=12376, stack(0x00000000183c0000,0x00000000184c0000)]
  0x00000000037de800 JavaThread "main" [_thread_blocked, id=792, stack(0x00000000035e0000,0x00000000036e0000)]

Other Threads:
  0x0000000017215000 VMThread [stack: 0x00000000182c0000,0x00000000183c0000] [id=15148]
  0x0000000018a2d800 WatcherThread [stack: 0x0000000018fc0000,0x00000000190c0000] [id=14084]

VM state:not at safepoint (normal execution)

VM Mutex/Monitor currently owned by a thread: None

Heap:
 PSYoungGen      total 167424K, used 29282K [0x00000000e0000000, 0x00000000edc00000, 0x0000000100000000)
  eden space 152576K, 9% used [0x00000000e0000000,0x00000000e0e18c78,0x00000000e9500000)
  from space 14848K, 99% used [0x00000000e9500000,0x00000000ea37fbf8,0x00000000ea380000)
  to   space 20480K, 0% used [0x00000000ec800000,0x00000000ec800000,0x00000000edc00000)
 ParOldGen       total 99328K, used 30340K [0x00000000a0000000, 0x00000000a6100000, 0x00000000e0000000)
  object space 99328K, 30% used [0x00000000a0000000,0x00000000a1da1148,0x00000000a6100000)
 Metaspace       used 54592K, capacity 56300K, committed 56576K, reserved 1097728K
  class space    used 7470K, capacity 7853K, committed 7936K, reserved 1048576K

Card table byte_map: [0x0000000012ca0000,0x0000000012fb0000] byte_map_base: 0x00000000127a0000

Marking Bits: (ParMarkBitMap*) 0x0000000065ce4970
 Begin Bits: [0x00000000135b0000, 0x0000000014db0000)
 End Bits:   [0x0000000014db0000, 0x00000000165b0000)

Polling page: 0x00000000014d0000

CodeCache: size=245760Kb used=19338Kb max_used=19338Kb free=226421Kb
 bounds [0x00000000038e0000, 0x0000000004be0000, 0x00000000128e0000]
 total_blobs=6659 nmethods=5890 adapters=681
 compilation: enabled

Compilation events (10 events):
Event: 23.068 Thread 0x00000000172a7000 6496       4       java.io.ObjectOutputStream::writeClassDesc (60 bytes)
Event: 23.068 Thread 0x00000000189c1000 6494       3       org.gradle.tooling.internal.provider.runner.TestIgnoringBuildOperationListener::started (22 bytes)
Event: 23.069 Thread 0x00000000189c1000 nmethod 6494 0x0000000004bd2e90 code [0x0000000004bd3000, 0x0000000004bd3408]
Event: 23.069 Thread 0x00000000189c1000 6495       3       org.gradle.tooling.internal.provider.runner.ClientForwardingBuildOperationListener::started (26 bytes)
Event: 23.069 Thread 0x00000000189c1000 nmethod 6495 0x0000000004bd3510 code [0x0000000004bd36a0, 0x0000000004bd3bb8]
Event: 23.069 Thread 0x00000000189c1000 6497       1       com.google.common.collect.Synchronized$SynchronizedObject::delegate (5 bytes)
Event: 23.069 Thread 0x00000000189c1000 nmethod 6497 0x0000000004bd0e90 code [0x0000000004bd0fe0, 0x0000000004bd10f0]
Event: 23.079 Thread 0x00000000189c1000 6498       3       java.lang.String::regionMatches (91 bytes)
Event: 23.079 Thread 0x00000000189c1000 nmethod 6498 0x0000000004bd3e50 code [0x0000000004bd3fc0, 0x0000000004bd4370]
Event: 23.086 Thread 0x00000000189c1000 6499       3       java.util.ArrayList::remove (77 bytes)

GC Heap History (10 events):
Event: 9.448 GC heap before
{Heap before GC invocations=7 (full 1):
 PSYoungGen      total 70656K, used 65536K [0x00000000e0000000, 0x00000000e9400000, 0x0000000100000000)
  eden space 65536K, 100% used [0x00000000e0000000,0x00000000e4000000,0x00000000e4000000)
  from space 5120K, 0% used [0x00000000e4000000,0x00000000e4000000,0x00000000e4500000)
  to   space 10240K, 0% used [0x00000000e8a00000,0x00000000e8a00000,0x00000000e9400000)
 ParOldGen       total 59392K, used 8160K [0x00000000a0000000, 0x00000000a3a00000, 0x00000000e0000000)
  object space 59392K, 13% used [0x00000000a0000000,0x00000000a07f8100,0x00000000a3a00000)
 Metaspace       used 26586K, capacity 27126K, committed 27136K, reserved 1073152K
  class space    used 3660K, capacity 3831K, committed 3840K, reserved 1048576K
Event: 9.463 GC heap after
Heap after GC invocations=7 (full 1):
 PSYoungGen      total 109056K, used 7282K [0x00000000e0000000, 0x00000000e9180000, 0x0000000100000000)
  eden space 101376K, 0% used [0x00000000e0000000,0x00000000e0000000,0x00000000e6300000)
  from space 7680K, 94% used [0x00000000e8a00000,0x00000000e911c9f0,0x00000000e9180000)
  to   space 9728K, 0% used [0x00000000e7e80000,0x00000000e7e80000,0x00000000e8800000)
 ParOldGen       total 59392K, used 8168K [0x00000000a0000000, 0x00000000a3a00000, 0x00000000e0000000)
  object space 59392K, 13% used [0x00000000a0000000,0x00000000a07fa100,0x00000000a3a00000)
 Metaspace       used 26586K, capacity 27126K, committed 27136K, reserved 1073152K
  class space    used 3660K, capacity 3831K, committed 3840K, reserved 1048576K
}
Event: 11.852 GC heap before
{Heap before GC invocations=8 (full 1):
 PSYoungGen      total 109056K, used 95871K [0x00000000e0000000, 0x00000000e9180000, 0x0000000100000000)
  eden space 101376K, 87% used [0x00000000e0000000,0x00000000e5683518,0x00000000e6300000)
  from space 7680K, 94% used [0x00000000e8a00000,0x00000000e911c9f0,0x00000000e9180000)
  to   space 9728K, 0% used [0x00000000e7e80000,0x00000000e7e80000,0x00000000e8800000)
 ParOldGen       total 59392K, used 8168K [0x00000000a0000000, 0x00000000a3a00000, 0x00000000e0000000)
  object space 59392K, 13% used [0x00000000a0000000,0x00000000a07fa100,0x00000000a3a00000)
 Metaspace       used 34720K, capacity 35336K, committed 35416K, reserved 1079296K
  class space    used 4785K, capacity 4976K, committed 4992K, reserved 1048576K
Event: 11.877 GC heap after
Heap after GC invocations=8 (full 1):
 PSYoungGen      total 139264K, used 9720K [0x00000000e0000000, 0x00000000eb000000, 0x0000000100000000)
  eden space 129536K, 0% used [0x00000000e0000000,0x00000000e0000000,0x00000000e7e80000)
  from space 9728K, 99% used [0x00000000e7e80000,0x00000000e87fe300,0x00000000e8800000)
  to   space 12800K, 0% used [0x00000000ea380000,0x00000000ea380000,0x00000000eb000000)
 ParOldGen       total 59392K, used 11358K [0x00000000a0000000, 0x00000000a3a00000, 0x00000000e0000000)
  object space 59392K, 19% used [0x00000000a0000000,0x00000000a0b178d8,0x00000000a3a00000)
 Metaspace       used 34720K, capacity 35336K, committed 35416K, reserved 1079296K
  class space    used 4785K, capacity 4976K, committed 4992K, reserved 1048576K
}
Event: 11.877 GC heap before
{Heap before GC invocations=9 (full 2):
 PSYoungGen      total 139264K, used 9720K [0x00000000e0000000, 0x00000000eb000000, 0x0000000100000000)
  eden space 129536K, 0% used [0x00000000e0000000,0x00000000e0000000,0x00000000e7e80000)
  from space 9728K, 99% used [0x00000000e7e80000,0x00000000e87fe300,0x00000000e8800000)
  to   space 12800K, 0% used [0x00000000ea380000,0x00000000ea380000,0x00000000eb000000)
 ParOldGen       total 59392K, used 11358K [0x00000000a0000000, 0x00000000a3a00000, 0x00000000e0000000)
  object space 59392K, 19% used [0x00000000a0000000,0x00000000a0b178d8,0x00000000a3a00000)
 Metaspace       used 34720K, capacity 35336K, committed 35416K, reserved 1079296K
  class space    used 4785K, capacity 4976K, committed 4992K, reserved 1048576K
Event: 12.027 GC heap after
Heap after GC invocations=9 (full 2):
 PSYoungGen      total 139264K, used 0K [0x00000000e0000000, 0x00000000eb000000, 0x0000000100000000)
  eden space 129536K, 0% used [0x00000000e0000000,0x00000000e0000000,0x00000000e7e80000)
  from space 9728K, 0% used [0x00000000e7e80000,0x00000000e7e80000,0x00000000e8800000)
  to   space 12800K, 0% used [0x00000000ea380000,0x00000000ea380000,0x00000000eb000000)
 ParOldGen       total 99328K, used 19333K [0x00000000a0000000, 0x00000000a6100000, 0x00000000e0000000)
  object space 99328K, 19% used [0x00000000a0000000,0x00000000a12e1530,0x00000000a6100000)
 Metaspace       used 34720K, capacity 35336K, committed 35416K, reserved 1079296K
  class space    used 4785K, capacity 4976K, committed 4992K, reserved 1048576K
}
Event: 16.243 GC heap before
{Heap before GC invocations=10 (full 2):
 PSYoungGen      total 139264K, used 129536K [0x00000000e0000000, 0x00000000eb000000, 0x0000000100000000)
  eden space 129536K, 100% used [0x00000000e0000000,0x00000000e7e80000,0x00000000e7e80000)
  from space 9728K, 0% used [0x00000000e7e80000,0x00000000e7e80000,0x00000000e8800000)
  to   space 12800K, 0% used [0x00000000ea380000,0x00000000ea380000,0x00000000eb000000)
 ParOldGen       total 99328K, used 19333K [0x00000000a0000000, 0x00000000a6100000, 0x00000000e0000000)
  object space 99328K, 19% used [0x00000000a0000000,0x00000000a12e1530,0x00000000a6100000)
 Metaspace       used 43094K, capacity 44082K, committed 44160K, reserved 1087488K
  class space    used 5948K, capacity 6214K, committed 6272K, reserved 1048576K
Event: 16.277 GC heap after
Heap after GC invocations=10 (full 2):
 PSYoungGen      total 165376K, used 12768K [0x00000000e0000000, 0x00000000eca80000, 0x0000000100000000)
  eden space 152576K, 0% used [0x00000000e0000000,0x00000000e0000000,0x00000000e9500000)
  from space 12800K, 99% used [0x00000000ea380000,0x00000000eaff83e8,0x00000000eb000000)
  to   space 14848K, 0% used [0x00000000e9500000,0x00000000e9500000,0x00000000ea380000)
 ParOldGen       total 99328K, used 20661K [0x00000000a0000000, 0x00000000a6100000, 0x00000000e0000000)
  object space 99328K, 20% used [0x00000000a0000000,0x00000000a142d648,0x00000000a6100000)
 Metaspace       used 43094K, capacity 44082K, committed 44160K, reserved 1087488K
  class space    used 5948K, capacity 6214K, committed 6272K, reserved 1048576K
}
Event: 22.732 GC heap before
{Heap before GC invocations=11 (full 2):
 PSYoungGen      total 165376K, used 165344K [0x00000000e0000000, 0x00000000eca80000, 0x0000000100000000)
  eden space 152576K, 100% used [0x00000000e0000000,0x00000000e9500000,0x00000000e9500000)
  from space 12800K, 99% used [0x00000000ea380000,0x00000000eaff83e8,0x00000000eb000000)
  to   space 14848K, 0% used [0x00000000e9500000,0x00000000e9500000,0x00000000ea380000)
 ParOldGen       total 99328K, used 20661K [0x00000000a0000000, 0x00000000a6100000, 0x00000000e0000000)
  object space 99328K, 20% used [0x00000000a0000000,0x00000000a142d648,0x00000000a6100000)
 Metaspace       used 53971K, capacity 55756K, committed 56064K, reserved 1097728K
  class space    used 7402K, capacity 7821K, committed 7936K, reserved 1048576K
Event: 22.786 GC heap after
Heap after GC invocations=11 (full 2):
 PSYoungGen      total 167424K, used 14846K [0x00000000e0000000, 0x00000000edc00000, 0x0000000100000000)
  eden space 152576K, 0% used [0x00000000e0000000,0x00000000e0000000,0x00000000e9500000)
  from space 14848K, 99% used [0x00000000e9500000,0x00000000ea37fbf8,0x00000000ea380000)
  to   space 20480K, 0% used [0x00000000ec800000,0x00000000ec800000,0x00000000edc00000)
 ParOldGen       total 99328K, used 30340K [0x00000000a0000000, 0x00000000a6100000, 0x00000000e0000000)
  object space 99328K, 30% used [0x00000000a0000000,0x00000000a1da1148,0x00000000a6100000)
 Metaspace       used 53971K, capacity 55756K, committed 56064K, reserved 1097728K
  class space    used 7402K, capacity 7821K, committed 7936K, reserved 1048576K
}

Deoptimization events (10 events):
Event: 22.227 Thread 0x000000001ba21800 Uncommon trap: reason=class_check action=maybe_recompile pc=0x00000000043c4c04 method=java.io.ObjectOutputStream$BlockDataOutputStream.drain()V @ 36
Event: 22.228 Thread 0x000000001ba21800 Uncommon trap: reason=class_check action=maybe_recompile pc=0x00000000043c4c04 method=java.io.ObjectOutputStream$BlockDataOutputStream.drain()V @ 36
Event: 22.228 Thread 0x000000001ba21800 Uncommon trap: reason=class_check action=maybe_recompile pc=0x00000000043c4c04 method=java.io.ObjectOutputStream$BlockDataOutputStream.drain()V @ 36
Event: 22.264 Thread 0x000000001ba20000 Uncommon trap: reason=class_check action=maybe_recompile pc=0x00000000040fa790 method=java.io.BufferedInputStream.read1([BII)I @ 39
Event: 22.651 Thread 0x000000001a112000 Uncommon trap: reason=unstable_if action=reinterpret pc=0x00000000046833f4 method=com.sun.org.apache.xerces.internal.impl.XMLEntityScanner.checkBeforeLoad(Lcom/sun/xml/internal/stream/Entity$ScannedEntity;II)I @ 18
Event: 22.653 Thread 0x000000001a112000 Uncommon trap: reason=unstable_if action=reinterpret pc=0x0000000003dbedf8 method=sun.nio.cs.UTF_8$Decoder.decodeArrayLoop(Ljava/nio/ByteBuffer;Ljava/nio/CharBuffer;)Ljava/nio/charset/CoderResult; @ 84
Event: 22.710 Thread 0x000000001a112000 Uncommon trap: reason=unstable_if action=reinterpret pc=0x0000000004b16288 method=com.sun.org.apache.xerces.internal.impl.XMLEntityScanner.scanLiteral(ILcom/sun/org/apache/xerces/internal/xni/XMLString;Z)I @ 44
Event: 22.900 Thread 0x000000001a112000 Uncommon trap: reason=unstable_if action=reinterpret pc=0x0000000004b30204 method=com.sun.org.apache.xerces.internal.dom.DeferredDocumentImpl.getChunkIndex([[III)I @ 3
Event: 22.968 Thread 0x000000001a112000 Uncommon trap: reason=unstable_if action=reinterpret pc=0x0000000004b98418 method=com.sun.org.apache.xerces.internal.dom.ElementImpl.getAttributes()Lorg/w3c/dom/NamedNodeMap; @ 4
Event: 23.079 Thread 0x000000001a112000 Uncommon trap: reason=unstable_if action=reinterpret pc=0x0000000004a7dea8 method=java.lang.String.regionMatches(ILjava/lang/String;II)Z @ 39

Classes redefined (0 events):
No events

Internal exceptions (10 events):
Event: 20.014 Thread 0x000000001a112000 Exception <a 'java/lang/ClassNotFoundException': org/gradle/platform/base/BinaryContainer_ImplCustomizer> (0x00000000e617eea0) thrown at [D:\src\AOSP-openjdk-cygwin\jdk8u\hotspot\src\share\vm\classfile\systemDictionary.cpp, line 210]
Event: 21.004 Thread 0x000000001ba21800 Exception <a 'java/lang/NoSuchMethodError': <clinit>> (0x00000000e6df9d90) thrown at [D:\src\AOSP-openjdk-cygwin\jdk8u\hotspot\src\share\vm\prims\jni.cpp, line 1613]
Event: 21.005 Thread 0x000000001ba21800 Exception <a 'java/lang/NoSuchMethodError': <clinit>> (0x00000000e6e05010) thrown at [D:\src\AOSP-openjdk-cygwin\jdk8u\hotspot\src\share\vm\prims\jni.cpp, line 1613]
Event: 21.142 Thread 0x000000001ba21800 Exception <a 'java/lang/NoSuchMethodError': <clinit>> (0x00000000e719c0c8) thrown at [D:\src\AOSP-openjdk-cygwin\jdk8u\hotspot\src\share\vm\prims\jni.cpp, line 1613]
Event: 21.143 Thread 0x000000001ba21800 Exception <a 'java/lang/NoSuchMethodError': <clinit>> (0x00000000e71aef40) thrown at [D:\src\AOSP-openjdk-cygwin\jdk8u\hotspot\src\share\vm\prims\jni.cpp, line 1613]
Event: 21.143 Thread 0x000000001ba21800 Exception <a 'java/lang/NoSuchMethodError': <clinit>> (0x00000000e71b07f0) thrown at [D:\src\AOSP-openjdk-cygwin\jdk8u\hotspot\src\share\vm\prims\jni.cpp, line 1613]
Event: 21.239 Thread 0x000000001ba21800 Implicit null exception at 0x0000000003ec08e2 to 0x0000000003ec0e21
Event: 22.225 Thread 0x000000001ba21800 Exception <a 'java/lang/NoSuchMethodError': <clinit>> (0x00000000e86bffa8) thrown at [D:\src\AOSP-openjdk-cygwin\jdk8u\hotspot\src\share\vm\prims\jni.cpp, line 1613]
Event: 22.228 Thread 0x000000001ba21800 Exception <a 'java/lang/NoSuchMethodError': <clinit>> (0x00000000e86c9a38) thrown at [D:\src\AOSP-openjdk-cygwin\jdk8u\hotspot\src\share\vm\prims\jni.cpp, line 1613]
Event: 22.900 Thread 0x000000001a112000 Implicit null exception at 0x0000000004b3019a to 0x0000000004b301ed

Events (10 events):
Event: 23.077 loading class org/gradle/api/artifacts/component/ProjectComponentIdentifier done
Event: 23.077 loading class org/gradle/api/artifacts/component/ModuleComponentIdentifier
Event: 23.077 loading class org/gradle/api/artifacts/component/ModuleComponentIdentifier done
Event: 23.079 Thread 0x000000001a112000 Uncommon trap: trap_request=0xffffff65 fr.pc=0x0000000004a7dea8
Event: 23.079 Thread 0x000000001a112000 DEOPT PACKING pc=0x0000000004a7dea8 sp=0x000000001b28b160
Event: 23.079 Thread 0x000000001a112000 DEOPT UNPACKING pc=0x000000000392557b sp=0x000000001b28b108 mode 2
Event: 23.083 loading class com/android/ide/common/res2/DataSet$1
Event: 23.083 loading class com/android/ide/common/res2/DataSet$1 done
Event: 23.084 loading class com/android/ide/common/res2/ResourceSet$FolderData
Event: 23.084 loading class com/android/ide/common/res2/ResourceSet$FolderData done


Dynamic libraries:
0x00007ff6145a0000 - 0x00007ff6145d1000 	C:\Program Files\Android\Android Studio\jre\bin\java.exe
0x00007ffc86740000 - 0x00007ffc86921000 	C:\WINDOWS\SYSTEM32\ntdll.dll
0x00007ffc85990000 - 0x00007ffc85a42000 	C:\WINDOWS\System32\KERNEL32.DLL
0x00007ffc83650000 - 0x00007ffc838c3000 	C:\WINDOWS\System32\KERNELBASE.dll
0x00007ffc85640000 - 0x00007ffc856e1000 	C:\WINDOWS\System32\ADVAPI32.dll
0x00007ffc86670000 - 0x00007ffc8670e000 	C:\WINDOWS\System32\msvcrt.dll
0x00007ffc85930000 - 0x00007ffc8598b000 	C:\WINDOWS\System32\sechost.dll
0x00007ffc861b0000 - 0x00007ffc862d4000 	C:\WINDOWS\System32\RPCRT4.dll
0x00007ffc84030000 - 0x00007ffc841c0000 	C:\WINDOWS\System32\USER32.dll
0x00007ffc82ea0000 - 0x00007ffc82ec0000 	C:\WINDOWS\System32\win32u.dll
0x00007ffc85da0000 - 0x00007ffc85dc8000 	C:\WINDOWS\System32\GDI32.dll
0x00007ffc838d0000 - 0x00007ffc83a62000 	C:\WINDOWS\System32\gdi32full.dll
0x00007ffc82e00000 - 0x00007ffc82e9f000 	C:\WINDOWS\System32\msvcp_win.dll
0x00007ffc83ad0000 - 0x00007ffc83bca000 	C:\WINDOWS\System32\ucrtbase.dll
0x00007ffc6d7d0000 - 0x00007ffc6da39000 	C:\WINDOWS\WinSxS\amd64_microsoft.windows.common-controls_6595b64144ccf1df_6.0.17134.112_none_fb3f961b30681c12\COMCTL32.dll
0x00007ffc862e0000 - 0x00007ffc86603000 	C:\WINDOWS\System32\combase.dll
0x00007ffc82ec0000 - 0x00007ffc82f3a000 	C:\WINDOWS\System32\bcryptPrimitives.dll
0x00007ffc85d70000 - 0x00007ffc85d9d000 	C:\WINDOWS\System32\IMM32.DLL
0x0000000065330000 - 0x0000000065402000 	C:\Program Files\Android\Android Studio\jre\jre\bin\msvcr100.dll
0x0000000065520000 - 0x0000000065d5f000 	C:\Program Files\Android\Android Studio\jre\jre\bin\server\jvm.dll
0x00007ffc83bd0000 - 0x00007ffc83bd8000 	C:\WINDOWS\System32\PSAPI.DLL
0x00007ffc804b0000 - 0x00007ffc804d3000 	C:\WINDOWS\SYSTEM32\WINMM.dll
0x00007ffc76cf0000 - 0x00007ffc76cfa000 	C:\WINDOWS\SYSTEM32\VERSION.dll
0x00007ffc81650000 - 0x00007ffc81659000 	C:\WINDOWS\SYSTEM32\WSOCK32.dll
0x00007ffc857a0000 - 0x00007ffc8580c000 	C:\WINDOWS\System32\WS2_32.dll
0x00007ffc80480000 - 0x00007ffc804aa000 	C:\WINDOWS\SYSTEM32\winmmbase.dll
0x00007ffc82db0000 - 0x00007ffc82df9000 	C:\WINDOWS\System32\cfgmgr32.dll
0x00007ffc75c10000 - 0x00007ffc75c1f000 	C:\Program Files\Android\Android Studio\jre\jre\bin\verify.dll
0x00007ffc679b0000 - 0x00007ffc679d9000 	C:\Program Files\Android\Android Studio\jre\jre\bin\java.dll
0x00007ffc71f20000 - 0x00007ffc71f36000 	C:\Program Files\Android\Android Studio\jre\jre\bin\zip.dll
0x00007ffc841f0000 - 0x00007ffc85630000 	C:\WINDOWS\System32\SHELL32.dll
0x00007ffc856f0000 - 0x00007ffc85799000 	C:\WINDOWS\System32\shcore.dll
0x00007ffc82f40000 - 0x00007ffc8364d000 	C:\WINDOWS\System32\windows.storage.dll
0x00007ffc86150000 - 0x00007ffc861a1000 	C:\WINDOWS\System32\shlwapi.dll
0x00007ffc82af0000 - 0x00007ffc82b01000 	C:\WINDOWS\System32\kernel.appcore.dll
0x00007ffc82ad0000 - 0x00007ffc82aef000 	C:\WINDOWS\System32\profapi.dll
0x00007ffc82a60000 - 0x00007ffc82aac000 	C:\WINDOWS\System32\powrprof.dll
0x00007ffc82a50000 - 0x00007ffc82a5a000 	C:\WINDOWS\System32\FLTLIB.DLL
0x00007ffc6da40000 - 0x00007ffc6da5a000 	C:\Program Files\Android\Android Studio\jre\jre\bin\net.dll
0x00007ffc82270000 - 0x00007ffc822d6000 	C:\WINDOWS\system32\mswsock.dll
0x00007ffc67990000 - 0x00007ffc679a1000 	C:\Program Files\Android\Android Studio\jre\jre\bin\nio.dll
0x00007ffc76270000 - 0x00007ffc7628e000 	C:\Users\KITep03\.gradle\native\25\windows-amd64\native-platform.dll
0x00007ffc6db50000 - 0x00007ffc6db5d000 	C:\Program Files\Android\Android Studio\jre\jre\bin\management.dll
0x00007ffc82420000 - 0x00007ffc82437000 	C:\WINDOWS\SYSTEM32\CRYPTSP.dll
0x00007ffc81e50000 - 0x00007ffc81e83000 	C:\WINDOWS\system32\rsaenh.dll
0x00007ffc82550000 - 0x00007ffc82575000 	C:\WINDOWS\SYSTEM32\bcrypt.dll
0x00007ffc82980000 - 0x00007ffc829a8000 	C:\WINDOWS\SYSTEM32\USERENV.dll
0x00007ffc82440000 - 0x00007ffc8244b000 	C:\WINDOWS\SYSTEM32\CRYPTBASE.dll
0x00007ffc81ff0000 - 0x00007ffc82028000 	C:\WINDOWS\SYSTEM32\IPHLPAPI.DLL
0x00007ffc85630000 - 0x00007ffc85638000 	C:\WINDOWS\System32\NSI.dll
0x00007ffc77180000 - 0x00007ffc77196000 	C:\WINDOWS\SYSTEM32\dhcpcsvc6.DLL
0x00007ffc76fd0000 - 0x00007ffc76fea000 	C:\WINDOWS\SYSTEM32\dhcpcsvc.DLL
0x00007ffc82030000 - 0x00007ffc820ee000 	C:\WINDOWS\SYSTEM32\DNSAPI.dll
0x00007ffc6f7f0000 - 0x00007ffc6f7fa000 	C:\Windows\System32\rasadhlp.dll
0x00007ffc74f60000 - 0x00007ffc74fd2000 	C:\WINDOWS\System32\fwpuclnt.dll

VM Arguments:
jvm_args: -Xmx1536m -Dfile.encoding=windows-31j -Duser.country=JP -Duser.language=ja -Duser.variant 
java_command: org.gradle.launcher.daemon.bootstrap.GradleDaemon 4.4
java_class_path (initial): C:\Users\KITep03\.gradle\wrapper\dists\gradle-4.4-all\9br9xq1tocpiv8o6njlyu5op1\gradle-4.4\lib\gradle-launcher-4.4.jar
Launcher Type: SUN_STANDARD

Environment Variables:
PATH=C:\Program Files (x86)\Intel\iCLS Client\;C:\ProgramData\Oracle\Java\javapath;C:\Java\jdk1.8.0_151\bin;C:\Program Files\Intel\iCLS Client\;C:\WINDOWS\system32;C:\WINDOWS;C:\WINDOWS\System32\Wbem;C:\WINDOWS\System32\WindowsPowerShell\v1.0\;C:\Program Files\Intel\WiFi\bin\;C:\Program Files\Common Files\Intel\WirelessCommon\;C:\MinGW\bin;C:\Program Files (x86)\GtkSharp\2.12\bin;C:\Program Files\Microsoft SQL Server\110\Tools\Binn\;C:\Program Files (x86)\Microsoft SDKs\TypeScript\1.0\;C:\Program Files\Microsoft SQL Server\120\Tools\Binn\;C:\Program Files (x86)\Skype\Phone\;C:\cygwin\bin;C:\Program Files (x86)\Intel\Intel(R) Management Engine Components\DAL;C:\Program Files\Intel\Intel(R) Management Engine Components\DAL;C:\Program Files (x86)\Intel\Intel(R) Management Engine Components\IPT;C:\Program Files\Intel\Intel(R) Management Engine Components\IPT;C:\WINDOWS\System32\OpenSSH\;C:\Users\KITep03\AppData\Local\Microsoft\WindowsApps;
USERNAME=KITep03
OS=Windows_NT
PROCESSOR_IDENTIFIER=Intel64 Family 6 Model 78 Stepping 3, GenuineIntel



---------------  S Y S T E M  ---------------

OS: Windows 10.0 , 64 bit Build 17134 (10.0.17134.1)

CPU:total 4 (initial active 4) (2 cores per cpu, 2 threads per core) family 6 model 78 stepping 3, cmov, cx8, fxsr, mmx, sse, sse2, sse3, ssse3, sse4.1, sse4.2, popcnt, avx, avx2, aes, clmul, erms, 3dnowpref, lzcnt, ht, tsc, tscinvbit, bmi1, bmi2, adx

Memory: 4k page, physical 8246288k(527216k free), swap 11440508k(3160k free)

vm_info: OpenJDK 64-Bit Server VM (25.152-b02) for windows-amd64 JRE (1.8.0_152-release-1024-b02), built by "builder" with MS VC++ 10.0 (VS2010)

time: Wed Jul 11 17:30:37 2018
elapsed time: 23 seconds (0d 0h 0m 23s)

